# JRE version: OpenJDK Runtime Environment Temurin-21.0.12.1+1 (21.0.12.1+1) (build 21.0.12.1+1-LTS)
# Java VM: OpenJDK 64-Bit Server VM Temurin-21.0.12.1+1 (21.0.12.1+1-LTS, mixed mode, sharing, tiered, compressed oops, compressed class ptrs, parallel gc, windows-amd64)
GC Precious Log:
 CardTable entry size: 512
 CPUs: 4 total, 4 available
 Memory: 3522M
 Large Page Support: Disabled
 NUMA Support: Disabled
 Compressed Oops: Enabled (32-bit)
 Alignments: Space 512K, Generation 512K, Heap 2M
 Heap Min Capacity: 100M
 Heap Initial Capacity: 100M
 Heap Max Capacity: 2G
 Pre-touch: Disabled
 Parallel Workers: 4
Heap:
 PSYoungGen      total 22016K, used 6761K [0x00000000d5580000, 0x00000000d6d00000, 0x0000000100000000)
  eden space 21504K, 29% used [0x00000000d5580000,0x00000000d5bca4d8,0x00000000d6a80000)
  from space 512K, 62% used [0x00000000d6b00000,0x00000000d6b50000,0x00000000d6b80000)
  to   space 1024K, 0% used [0x00000000d6c00000,0x00000000d6c00000,0x00000000d6d00000)
 ParOldGen       total 68608K, used 28643K [0x0000000080000000, 0x0000000084300000, 0x00000000d5580000)
  object space 68608K, 41% used [0x0000000080000000,0x0000000081bf8d68,0x0000000084300000)
 Metaspace       used 36122K, committed 37184K, reserved 1114112K
  class space    used 3716K, committed 4160K, reserved 1048576K
GC Heap History (20 events):
Event: 27.574 GC heap before
{Heap before GC invocations=12 (full 1):
 PSYoungGen      total 24064K, used 23711K [0x00000000d5580000, 0x00000000d7300000, 0x0000000100000000)
  eden space 22016K, 100% used [0x00000000d5580000,0x00000000d6b00000,0x00000000d6b00000)
  from space 2048K, 82% used [0x00000000d7100000,0x00000000d72a7c28,0x00000000d7300000)
  to   space 3072K, 0% used [0x00000000d6d00000,0x00000000d6d00000,0x00000000d7000000)
 ParOldGen       total 68608K, used 13362K [0x0000000080000000, 0x0000000084300000, 0x00000000d5580000)
  object space 68608K, 19% used [0x0000000080000000,0x0000000080d0c958,0x0000000084300000)
 Metaspace       used 32431K, committed 33472K, reserved 1114112K
  class space    used 3258K, committed 3712K, reserved 1048576K
}
Event: 27.584 GC heap after
{Heap after GC invocations=12 (full 1):
 PSYoungGen      total 24576K, used 2048K [0x00000000d5580000, 0x00000000d7180000, 0x0000000100000000)
  eden space 22016K, 0% used [0x00000000d5580000,0x00000000d5580000,0x00000000d6b00000)
  from space 2560K, 80% used [0x00000000d6d00000,0x00000000d6f00030,0x00000000d6f80000)
  to   space 2048K, 0% used [0x00000000d6f80000,0x00000000d6f80000,0x00000000d7180000)
 ParOldGen       total 68608K, used 14991K [0x0000000080000000, 0x0000000084300000, 0x00000000d5580000)
  object space 68608K, 21% used [0x0000000080000000,0x0000000080ea3d38,0x0000000084300000)
 Metaspace       used 32431K, committed 33472K, reserved 1114112K
  class space    used 3258K, committed 3712K, reserved 1048576K
}
Event: 28.055 GC heap before
{Heap before GC invocations=13 (full 1):
 PSYoungGen      total 24576K, used 24064K [0x00000000d5580000, 0x00000000d7180000, 0x0000000100000000)
  eden space 22016K, 100% used [0x00000000d5580000,0x00000000d6b00000,0x00000000d6b00000)
  from space 2560K, 80% used [0x00000000d6d00000,0x00000000d6f00030,0x00000000d6f80000)
  to   space 2048K, 0% used [0x00000000d6f80000,0x00000000d6f80000,0x00000000d7180000)
 ParOldGen       total 68608K, used 15025K [0x0000000080000000, 0x0000000084300000, 0x00000000d5580000)
  object space 68608K, 21% used [0x0000000080000000,0x0000000080eac6e0,0x0000000084300000)
 Metaspace       used 32753K, committed 33728K, reserved 1114112K
  class space    used 3309K, committed 3712K, reserved 1048576K
}
Event: 28.064 GC heap after
{Heap after GC invocations=13 (full 1):
 PSYoungGen      total 23552K, used 2020K [0x00000000d5580000, 0x00000000d7500000, 0x0000000100000000)
  eden space 21504K, 0% used [0x00000000d5580000,0x00000000d5580000,0x00000000d6a80000)
  from space 2048K, 98% used [0x00000000d6f80000,0x00000000d71791d0,0x00000000d7180000)
  to   space 5120K, 0% used [0x00000000d6a80000,0x00000000d6a80000,0x00000000d6f80000)
 ParOldGen       total 68608K, used 17237K [0x0000000080000000, 0x0000000084300000, 0x00000000d5580000)
  object space 68608K, 25% used [0x0000000080000000,0x00000000810d5768,0x0000000084300000)
 Metaspace       used 32753K, committed 33728K, reserved 1114112K
  class space    used 3309K, committed 3712K, reserved 1048576K
}
Event: 28.287 GC heap before
{Heap before GC invocations=14 (full 1):
 PSYoungGen      total 23552K, used 23524K [0x00000000d5580000, 0x00000000d7500000, 0x0000000100000000)
  eden space 21504K, 100% used [0x00000000d5580000,0x00000000d6a80000,0x00000000d6a80000)
  from space 2048K, 98% used [0x00000000d6f80000,0x00000000d71791d0,0x00000000d7180000)
  to   space 5120K, 0% used [0x00000000d6a80000,0x00000000d6a80000,0x00000000d6f80000)
 ParOldGen       total 68608K, used 17239K [0x0000000080000000, 0x0000000084300000, 0x00000000d5580000)
  object space 68608K, 25% used [0x0000000080000000,0x00000000810d5f98,0x0000000084300000)
 Metaspace       used 32872K, committed 33856K, reserved 1114112K
  class space    used 3328K, committed 3776K, reserved 1048576K
}
Event: 28.293 GC heap after
{Heap after GC invocations=14 (full 1):
 PSYoungGen      total 24064K, used 2080K [0x00000000d5580000, 0x00000000d7080000, 0x0000000100000000)
  eden space 21504K, 0% used [0x00000000d5580000,0x00000000d5580000,0x00000000d6a80000)
  from space 2560K, 81% used [0x00000000d6a80000,0x00000000d6c88050,0x00000000d6d00000)
  to   space 3072K, 0% used [0x00000000d6d80000,0x00000000d6d80000,0x00000000d7080000)
 ParOldGen       total 68608K, used 19212K [0x0000000080000000, 0x0000000084300000, 0x00000000d5580000)
  object space 68608K, 28% used [0x0000000080000000,0x00000000812c3148,0x0000000084300000)
 Metaspace       used 32872K, committed 33856K, reserved 1114112K
  class space    used 3328K, committed 3776K, reserved 1048576K
}
Event: 28.443 GC heap before
{Heap before GC invocations=15 (full 1):
 PSYoungGen      total 24064K, used 23584K [0x00000000d5580000, 0x00000000d7080000, 0x0000000100000000)
  eden space 21504K, 100% used [0x00000000d5580000,0x00000000d6a80000,0x00000000d6a80000)
  from space 2560K, 81% used [0x00000000d6a80000,0x00000000d6c88050,0x00000000d6d00000)
  to   space 3072K, 0% used [0x00000000d6d80000,0x00000000d6d80000,0x00000000d7080000)
 ParOldGen       total 68608K, used 19212K [0x0000000080000000, 0x0000000084300000, 0x00000000d5580000)
  object space 68608K, 28% used [0x0000000080000000,0x00000000812c3148,0x0000000084300000)
 Metaspace       used 32889K, committed 33920K, reserved 1114112K
  class space    used 3329K, committed 3776K, reserved 1048576K
}
Event: 28.453 GC heap after
{Heap after GC invocations=15 (full 1):
 PSYoungGen      total 23552K, used 2016K [0x00000000d5580000, 0x00000000d6f80000, 0x0000000100000000)
  eden space 21504K, 0% used [0x00000000d5580000,0x00000000d5580000,0x00000000d6a80000)
  from space 2048K, 98% used [0x00000000d6d80000,0x00000000d6f78000,0x00000000d6f80000)
  to   space 2560K, 0% used [0x00000000d6a80000,0x00000000d6a80000,0x00000000d6d00000)
 ParOldGen       total 68608K, used 21164K [0x0000000080000000, 0x0000000084300000, 0x00000000d5580000)
  object space 68608K, 30% used [0x0000000080000000,0x00000000814ab198,0x0000000084300000)
 Metaspace       used 32889K, committed 33920K, reserved 1114112K
  class space    used 3329K, committed 3776K, reserved 1048576K
}
Event: 28.806 GC heap before
{Heap before GC invocations=16 (full 1):
 PSYoungGen      total 23552K, used 23520K [0x00000000d5580000, 0x00000000d6f80000, 0x0000000100000000)
  eden space 21504K, 100% used [0x00000000d5580000,0x00000000d6a80000,0x00000000d6a80000)
  from space 2048K, 98% used [0x00000000d6d80000,0x00000000d6f78000,0x00000000d6f80000)
  to   space 2560K, 0% used [0x00000000d6a80000,0x00000000d6a80000,0x00000000d6d00000)
 ParOldGen       total 68608K, used 21164K [0x0000000080000000, 0x0000000084300000, 0x00000000d5580000)
  object space 68608K, 30% used [0x0000000080000000,0x00000000814ab198,0x0000000084300000)
 Metaspace       used 32905K, committed 33920K, reserved 1114112K
  class space    used 3329K, committed 3776K, reserved 1048576K
}
Event: 28.813 GC heap after
{Heap after GC invocations=16 (full 1):
 PSYoungGen      total 24064K, used 2116K [0x00000000d5580000, 0x00000000d6f80000, 0x0000000100000000)
  eden space 21504K, 0% used [0x00000000d5580000,0x00000000d5580000,0x00000000d6a80000)
  from space 2560K, 82% used [0x00000000d6a80000,0x00000000d6c91000,0x00000000d6d00000)
  to   space 2560K, 0% used [0x00000000d6d00000,0x00000000d6d00000,0x00000000d6f80000)
 ParOldGen       total 68608K, used 23068K [0x0000000080000000, 0x0000000084300000, 0x00000000d5580000)
  object space 68608K, 33% used [0x0000000080000000,0x0000000081687198,0x0000000084300000)
 Metaspace       used 32905K, committed 33920K, reserved 1114112K
  class space    used 3329K, committed 3776K, reserved 1048576K
}
Event: 29.149 GC heap before
{Heap before GC invocations=17 (full 1):
 PSYoungGen      total 24064K, used 23620K [0x00000000d5580000, 0x00000000d6f80000, 0x0000000100000000)
  eden space 21504K, 100% used [0x00000000d5580000,0x00000000d6a80000,0x00000000d6a80000)
  from space 2560K, 82% used [0x00000000d6a80000,0x00000000d6c91000,0x00000000d6d00000)
  to   space 2560K, 0% used [0x00000000d6d00000,0x00000000d6d00000,0x00000000d6f80000)
 ParOldGen       total 68608K, used 23068K [0x0000000080000000, 0x0000000084300000, 0x00000000d5580000)
  object space 68608K, 33% used [0x0000000080000000,0x0000000081687198,0x0000000084300000)
 Metaspace       used 33023K, committed 34048K, reserved 1114112K
  class space    used 3331K, committed 3776K, reserved 1048576K
}
Event: 29.159 GC heap after
{Heap after GC invocations=17 (full 1):
 PSYoungGen      total 24064K, used 2112K [0x00000000d5580000, 0x00000000d6f80000, 0x0000000100000000)
  eden space 21504K, 0% used [0x00000000d5580000,0x00000000d5580000,0x00000000d6a80000)
  from space 2560K, 82% used [0x00000000d6d00000,0x00000000d6f10010,0x00000000d6f80000)
  to   space 2560K, 0% used [0x00000000d6a80000,0x00000000d6a80000,0x00000000d6d00000)
 ParOldGen       total 68608K, used 25106K [0x0000000080000000, 0x0000000084300000, 0x00000000d5580000)
  object space 68608K, 36% used [0x0000000080000000,0x00000000818849b0,0x0000000084300000)
 Metaspace       used 33023K, committed 34048K, reserved 1114112K
  class space    used 3331K, committed 3776K, reserved 1048576K
}
Event: 29.400 GC heap before
{Heap before GC invocations=18 (full 1):
 PSYoungGen      total 24064K, used 23616K [0x00000000d5580000, 0x00000000d6f80000, 0x0000000100000000)
  eden space 21504K, 100% used [0x00000000d5580000,0x00000000d6a80000,0x00000000d6a80000)
  from space 2560K, 82% used [0x00000000d6d00000,0x00000000d6f10010,0x00000000d6f80000)
  to   space 2560K, 0% used [0x00000000d6a80000,0x00000000d6a80000,0x00000000d6d00000)
 ParOldGen       total 68608K, used 25106K [0x0000000080000000, 0x0000000084300000, 0x00000000d5580000)
  object space 68608K, 36% used [0x0000000080000000,0x00000000818849b0,0x0000000084300000)
 Metaspace       used 33125K, committed 34112K, reserved 1114112K
  class space    used 3333K, committed 3776K, reserved 1048576K
}
Event: 29.411 GC heap after
{Heap after GC invocations=18 (full 1):
 PSYoungGen      total 23552K, used 1880K [0x00000000d5580000, 0x00000000d6e80000, 0x0000000100000000)
  eden space 21504K, 0% used [0x00000000d5580000,0x00000000d5580000,0x00000000d6a80000)
  from space 2048K, 91% used [0x00000000d6a80000,0x00000000d6c56200,0x00000000d6c80000)
  to   space 2048K, 0% used [0x00000000d6c80000,0x00000000d6c80000,0x00000000d6e80000)
 ParOldGen       total 68608K, used 27178K [0x0000000080000000, 0x0000000084300000, 0x00000000d5580000)
  object space 68608K, 39% used [0x0000000080000000,0x0000000081a8a9c0,0x0000000084300000)
 Metaspace       used 33125K, committed 34112K, reserved 1114112K
  class space    used 3333K, committed 3776K, reserved 1048576K
}
Event: 31.140 GC heap before
{Heap before GC invocations=19 (full 1):
 PSYoungGen      total 23552K, used 19280K [0x00000000d5580000, 0x00000000d6e80000, 0x0000000100000000)
  eden space 21504K, 80% used [0x00000000d5580000,0x00000000d667df50,0x00000000d6a80000)
  from space 2048K, 91% used [0x00000000d6a80000,0x00000000d6c56200,0x00000000d6c80000)
  to   space 2048K, 0% used [0x00000000d6c80000,0x00000000d6c80000,0x00000000d6e80000)
 ParOldGen       total 68608K, used 27178K [0x0000000080000000, 0x0000000084300000, 0x00000000d5580000)
  object space 68608K, 39% used [0x0000000080000000,0x0000000081a8a9c0,0x0000000084300000)
 Metaspace       used 34886K, committed 35840K, reserved 1114112K
  class space    used 3558K, committed 3968K, reserved 1048576K
}
Event: 31.150 GC heap after
{Heap after GC invocations=19 (full 1):
 PSYoungGen      total 23040K, used 1272K [0x00000000d5580000, 0x00000000d6e00000, 0x0000000100000000)
  eden space 21504K, 0% used [0x00000000d5580000,0x00000000d5580000,0x00000000d6a80000)
  from space 1536K, 82% used [0x00000000d6c80000,0x00000000d6dbe318,0x00000000d6e00000)
  to   space 1536K, 0% used [0x00000000d6b00000,0x00000000d6b00000,0x00000000d6c80000)
 ParOldGen       total 68608K, used 28999K [0x0000000080000000, 0x0000000084300000, 0x00000000d5580000)
  object space 68608K, 42% used [0x0000000080000000,0x0000000081c51f18,0x0000000084300000)
 Metaspace       used 34886K, committed 35840K, reserved 1114112K
  class space    used 3558K, committed 3968K, reserved 1048576K
}
Event: 31.150 GC heap before
{Heap before GC invocations=20 (full 2):
 PSYoungGen      total 23040K, used 1272K [0x00000000d5580000, 0x00000000d6e00000, 0x0000000100000000)
  eden space 21504K, 0% used [0x00000000d5580000,0x00000000d5580000,0x00000000d6a80000)
  from space 1536K, 82% used [0x00000000d6c80000,0x00000000d6dbe318,0x00000000d6e00000)
  to   space 1536K, 0% used [0x00000000d6b00000,0x00000000d6b00000,0x00000000d6c80000)
 ParOldGen       total 68608K, used 28999K [0x0000000080000000, 0x0000000084300000, 0x00000000d5580000)
  object space 68608K, 42% used [0x0000000080000000,0x0000000081c51f18,0x0000000084300000)
 Metaspace       used 34886K, committed 35840K, reserved 1114112K
  class space    used 3558K, committed 3968K, reserved 1048576K
}
Event: 31.278 GC heap after
{Heap after GC invocations=20 (full 2):
 PSYoungGen      total 23040K, used 0K [0x00000000d5580000, 0x00000000d6e00000, 0x0000000100000000)
  eden space 21504K, 0% used [0x00000000d5580000,0x00000000d5580000,0x00000000d6a80000)
  from space 1536K, 0% used [0x00000000d6c80000,0x00000000d6c80000,0x00000000d6e00000)
  to   space 1536K, 0% used [0x00000000d6b00000,0x00000000d6b00000,0x00000000d6c80000)
 ParOldGen       total 68608K, used 28635K [0x0000000080000000, 0x0000000084300000, 0x00000000d5580000)
  object space 68608K, 41% used [0x0000000080000000,0x0000000081bf6d68,0x0000000084300000)
 Metaspace       used 34844K, committed 35840K, reserved 1114112K
  class space    used 3546K, committed 3968K, reserved 1048576K
}
Event: 33.645 GC heap before
{Heap before GC invocations=21 (full 2):
 PSYoungGen      total 23040K, used 21504K [0x00000000d5580000, 0x00000000d6e00000, 0x0000000100000000)
  eden space 21504K, 100% used [0x00000000d5580000,0x00000000d6a80000,0x00000000d6a80000)
  from space 1536K, 0% used [0x00000000d6c80000,0x00000000d6c80000,0x00000000d6e00000)
  to   space 1536K, 0% used [0x00000000d6b00000,0x00000000d6b00000,0x00000000d6c80000)
 ParOldGen       total 68608K, used 28635K [0x0000000080000000, 0x0000000084300000, 0x00000000d5580000)
  object space 68608K, 41% used [0x0000000080000000,0x0000000081bf6d68,0x0000000084300000)
 Metaspace       used 35763K, committed 36800K, reserved 1114112K
  class space    used 3672K, committed 4096K, reserved 1048576K
}
Event: 33.649 GC heap after
{Heap after GC invocations=21 (full 2):
 PSYoungGen      total 22016K, used 320K [0x00000000d5580000, 0x00000000d6d00000, 0x0000000100000000)
  eden space 21504K, 0% used [0x00000000d5580000,0x00000000d5580000,0x00000000d6a80000)
  from space 512K, 62% used [0x00000000d6b00000,0x00000000d6b50000,0x00000000d6b80000)
  to   space 1024K, 0% used [0x00000000d6c00000,0x00000000d6c00000,0x00000000d6d00000)
 ParOldGen       total 68608K, used 28643K [0x0000000080000000, 0x0000000084300000, 0x00000000d5580000)
  object space 68608K, 41% used [0x0000000080000000,0x0000000081bf8d68,0x0000000084300000)
 Metaspace       used 35763K, committed 36800K, reserved 1114112K
  class space    used 3672K, committed 4096K, reserved 1048576K
}

