# JRE version: OpenJDK Runtime Environment Temurin-21.0.12.1+1 (21.0.12.1+1) (build 21.0.12.1+1-LTS)
# Java VM: OpenJDK 64-Bit Server VM Temurin-21.0.12.1+1 (21.0.12.1+1-LTS, mixed mode, sharing, tiered, compressed oops, compressed class ptrs, parallel gc, windows-amd64)
GC Precious Log:
 CardTable entry size: 512
 CPUs: 4 total, 4 available
 Memory: 3522M
 Large Page Support: Disabled
 NUMA Support: Disabled
 Compressed Oops: Enabled (32-bit)
 Alignments: Space 512K, Generation 512K, Heap 2M
 Heap Min Capacity: 100M
 Heap Initial Capacity: 100M
 Heap Max Capacity: 2G
 Pre-touch: Disabled
 Parallel Workers: 4
Heap:
 PSYoungGen      total 18432K, used 5482K [0x00000000d5580000, 0x00000000d6a00000, 0x0000000100000000)
  eden space 16896K, 24% used [0x00000000d5580000,0x00000000d59957c0,0x00000000d6600000)
  from space 1536K, 84% used [0x00000000d6600000,0x00000000d6745040,0x00000000d6780000)
  to   space 2048K, 0% used [0x00000000d6800000,0x00000000d6800000,0x00000000d6a00000)
 ParOldGen       total 68608K, used 46207K [0x0000000080000000, 0x0000000084300000, 0x00000000d5580000)
  object space 68608K, 67% used [0x0000000080000000,0x0000000082d1ff30,0x0000000084300000)
 Metaspace       used 64178K, committed 65536K, reserved 1114112K
  class space    used 6797K, committed 7360K, reserved 1048576K
GC Heap History (20 events):
Event: 71.153 GC heap before
{Heap before GC invocations=31 (full 2):
 PSYoungGen      total 20480K, used 20100K [0x00000000d5580000, 0x00000000d6d00000, 0x0000000100000000)
  eden space 18432K, 99% used [0x00000000d5580000,0x00000000d676b208,0x00000000d6780000)
  from space 2048K, 85% used [0x00000000d6b00000,0x00000000d6cb5e48,0x00000000d6d00000)
  to   space 2048K, 0% used [0x00000000d6900000,0x00000000d6900000,0x00000000d6b00000)
 ParOldGen       total 68608K, used 41988K [0x0000000080000000, 0x0000000084300000, 0x00000000d5580000)
  object space 68608K, 61% used [0x0000000080000000,0x00000000829010a8,0x0000000084300000)
 Metaspace       used 52344K, committed 53568K, reserved 1114112K
  class space    used 5646K, committed 6208K, reserved 1048576K
}
Event: 71.155 GC heap after
{Heap after GC invocations=31 (full 2):
 PSYoungGen      total 19968K, used 1124K [0x00000000d5580000, 0x00000000d6b80000, 0x0000000100000000)
  eden space 18432K, 0% used [0x00000000d5580000,0x00000000d5580000,0x00000000d6780000)
  from space 1536K, 73% used [0x00000000d6900000,0x00000000d6a190b8,0x00000000d6a80000)
  to   space 1024K, 0% used [0x00000000d6a80000,0x00000000d6a80000,0x00000000d6b80000)
 ParOldGen       total 68608K, used 42720K [0x0000000080000000, 0x0000000084300000, 0x00000000d5580000)
  object space 68608K, 62% used [0x0000000080000000,0x00000000829b8250,0x0000000084300000)
 Metaspace       used 52344K, committed 53568K, reserved 1114112K
  class space    used 5646K, committed 6208K, reserved 1048576K
}
Event: 73.157 GC heap before
{Heap before GC invocations=32 (full 2):
 PSYoungGen      total 19968K, used 19556K [0x00000000d5580000, 0x00000000d6b80000, 0x0000000100000000)
  eden space 18432K, 99% used [0x00000000d5580000,0x00000000d677ffd8,0x00000000d6780000)
  from space 1536K, 73% used [0x00000000d6900000,0x00000000d6a190b8,0x00000000d6a80000)
  to   space 1024K, 0% used [0x00000000d6a80000,0x00000000d6a80000,0x00000000d6b80000)
 ParOldGen       total 68608K, used 42720K [0x0000000080000000, 0x0000000084300000, 0x00000000d5580000)
  object space 68608K, 62% used [0x0000000080000000,0x00000000829b8250,0x0000000084300000)
 Metaspace       used 54035K, committed 55296K, reserved 1114112K
  class space    used 5785K, committed 6336K, reserved 1048576K
}
Event: 73.160 GC heap after
{Heap after GC invocations=32 (full 2):
 PSYoungGen      total 18944K, used 480K [0x00000000d5580000, 0x00000000d6b00000, 0x0000000100000000)
  eden space 18432K, 0% used [0x00000000d5580000,0x00000000d5580000,0x00000000d6780000)
  from space 512K, 93% used [0x00000000d6a80000,0x00000000d6af8020,0x00000000d6b00000)
  to   space 1024K, 0% used [0x00000000d6900000,0x00000000d6900000,0x00000000d6a00000)
 ParOldGen       total 68608K, used 42736K [0x0000000080000000, 0x0000000084300000, 0x00000000d5580000)
  object space 68608K, 62% used [0x0000000080000000,0x00000000829bc250,0x0000000084300000)
 Metaspace       used 54035K, committed 55296K, reserved 1114112K
  class space    used 5785K, committed 6336K, reserved 1048576K
}
Event: 76.611 GC heap before
{Heap before GC invocations=33 (full 2):
 PSYoungGen      total 18944K, used 18911K [0x00000000d5580000, 0x00000000d6b00000, 0x0000000100000000)
  eden space 18432K, 99% used [0x00000000d5580000,0x00000000d677ffb0,0x00000000d6780000)
  from space 512K, 93% used [0x00000000d6a80000,0x00000000d6af8020,0x00000000d6b00000)
  to   space 1024K, 0% used [0x00000000d6900000,0x00000000d6900000,0x00000000d6a00000)
 ParOldGen       total 68608K, used 42736K [0x0000000080000000, 0x0000000084300000, 0x00000000d5580000)
  object space 68608K, 62% used [0x0000000080000000,0x00000000829bc250,0x0000000084300000)
 Metaspace       used 56288K, committed 57472K, reserved 1114112K
  class space    used 6033K, committed 6528K, reserved 1048576K
}
Event: 76.616 GC heap after
{Heap after GC invocations=33 (full 2):
 PSYoungGen      total 19456K, used 702K [0x00000000d5580000, 0x00000000d6b00000, 0x0000000100000000)
  eden space 18432K, 0% used [0x00000000d5580000,0x00000000d5580000,0x00000000d6780000)
  from space 1024K, 68% used [0x00000000d6900000,0x00000000d69afbe8,0x00000000d6a00000)
  to   space 1024K, 0% used [0x00000000d6a00000,0x00000000d6a00000,0x00000000d6b00000)
 ParOldGen       total 68608K, used 43032K [0x0000000080000000, 0x0000000084300000, 0x00000000d5580000)
  object space 68608K, 62% used [0x0000000080000000,0x0000000082a06290,0x0000000084300000)
 Metaspace       used 56288K, committed 57472K, reserved 1114112K
  class space    used 6033K, committed 6528K, reserved 1048576K
}
Event: 78.946 GC heap before
{Heap before GC invocations=34 (full 2):
 PSYoungGen      total 19456K, used 19134K [0x00000000d5580000, 0x00000000d6b00000, 0x0000000100000000)
  eden space 18432K, 100% used [0x00000000d5580000,0x00000000d6780000,0x00000000d6780000)
  from space 1024K, 68% used [0x00000000d6900000,0x00000000d69afbe8,0x00000000d6a00000)
  to   space 1024K, 0% used [0x00000000d6a00000,0x00000000d6a00000,0x00000000d6b00000)
 ParOldGen       total 68608K, used 43032K [0x0000000080000000, 0x0000000084300000, 0x00000000d5580000)
  object space 68608K, 62% used [0x0000000080000000,0x0000000082a06290,0x0000000084300000)
 Metaspace       used 58195K, committed 59456K, reserved 1114112K
  class space    used 6231K, committed 6720K, reserved 1048576K
}
Event: 78.953 GC heap after
{Heap after GC invocations=34 (full 2):
 PSYoungGen      total 18944K, used 1011K [0x00000000d5580000, 0x00000000d6d80000, 0x0000000100000000)
  eden space 17920K, 0% used [0x00000000d5580000,0x00000000d5580000,0x00000000d6700000)
  from space 1024K, 98% used [0x00000000d6a00000,0x00000000d6afcc08,0x00000000d6b00000)
  to   space 3072K, 0% used [0x00000000d6700000,0x00000000d6700000,0x00000000d6a00000)
 ParOldGen       total 68608K, used 44651K [0x0000000080000000, 0x0000000084300000, 0x00000000d5580000)
  object space 68608K, 65% used [0x0000000080000000,0x0000000082b9ac48,0x0000000084300000)
 Metaspace       used 58195K, committed 59456K, reserved 1114112K
  class space    used 6231K, committed 6720K, reserved 1048576K
}
Event: 79.143 GC heap before
{Heap before GC invocations=35 (full 2):
 PSYoungGen      total 18944K, used 3257K [0x00000000d5580000, 0x00000000d6d80000, 0x0000000100000000)
  eden space 17920K, 12% used [0x00000000d5580000,0x00000000d57b1810,0x00000000d6700000)
  from space 1024K, 98% used [0x00000000d6a00000,0x00000000d6afcc08,0x00000000d6b00000)
  to   space 3072K, 0% used [0x00000000d6700000,0x00000000d6700000,0x00000000d6a00000)
 ParOldGen       total 68608K, used 44651K [0x0000000080000000, 0x0000000084300000, 0x00000000d5580000)
  object space 68608K, 65% used [0x0000000080000000,0x0000000082b9ac48,0x0000000084300000)
 Metaspace       used 58532K, committed 59776K, reserved 1114112K
  class space    used 6275K, committed 6784K, reserved 1048576K
}
Event: 79.151 GC heap after
{Heap after GC invocations=35 (full 2):
 PSYoungGen      total 18432K, used 288K [0x00000000d5580000, 0x00000000d6a80000, 0x0000000100000000)
  eden space 17920K, 0% used [0x00000000d5580000,0x00000000d5580000,0x00000000d6700000)
  from space 512K, 56% used [0x00000000d6700000,0x00000000d6748000,0x00000000d6780000)
  to   space 1536K, 0% used [0x00000000d6900000,0x00000000d6900000,0x00000000d6a80000)
 ParOldGen       total 68608K, used 45641K [0x0000000080000000, 0x0000000084300000, 0x00000000d5580000)
  object space 68608K, 66% used [0x0000000080000000,0x0000000082c924e8,0x0000000084300000)
 Metaspace       used 58532K, committed 59776K, reserved 1114112K
  class space    used 6275K, committed 6784K, reserved 1048576K
}
Event: 79.151 GC heap before
{Heap before GC invocations=36 (full 3):
 PSYoungGen      total 18432K, used 288K [0x00000000d5580000, 0x00000000d6a80000, 0x0000000100000000)
  eden space 17920K, 0% used [0x00000000d5580000,0x00000000d5580000,0x00000000d6700000)
  from space 512K, 56% used [0x00000000d6700000,0x00000000d6748000,0x00000000d6780000)
  to   space 1536K, 0% used [0x00000000d6900000,0x00000000d6900000,0x00000000d6a80000)
 ParOldGen       total 68608K, used 45641K [0x0000000080000000, 0x0000000084300000, 0x00000000d5580000)
  object space 68608K, 66% used [0x0000000080000000,0x0000000082c924e8,0x0000000084300000)
 Metaspace       used 58532K, committed 59776K, reserved 1114112K
  class space    used 6275K, committed 6784K, reserved 1048576K
}
Event: 79.605 GC heap after
{Heap after GC invocations=36 (full 3):
 PSYoungGen      total 18432K, used 0K [0x00000000d5580000, 0x00000000d6a80000, 0x0000000100000000)
  eden space 17920K, 0% used [0x00000000d5580000,0x00000000d5580000,0x00000000d6700000)
  from space 512K, 0% used [0x00000000d6700000,0x00000000d6700000,0x00000000d6780000)
  to   space 1536K, 0% used [0x00000000d6900000,0x00000000d6900000,0x00000000d6a80000)
 ParOldGen       total 68608K, used 42636K [0x0000000080000000, 0x0000000084300000, 0x00000000d5580000)
  object space 68608K, 62% used [0x0000000080000000,0x00000000829a3120,0x0000000084300000)
 Metaspace       used 58523K, committed 59776K, reserved 1114112K
  class space    used 6272K, committed 6784K, reserved 1048576K
}
Event: 81.438 GC heap before
{Heap before GC invocations=37 (full 3):
 PSYoungGen      total 18432K, used 17920K [0x00000000d5580000, 0x00000000d6a80000, 0x0000000100000000)
  eden space 17920K, 100% used [0x00000000d5580000,0x00000000d6700000,0x00000000d6700000)
  from space 512K, 0% used [0x00000000d6700000,0x00000000d6700000,0x00000000d6780000)
  to   space 1536K, 0% used [0x00000000d6900000,0x00000000d6900000,0x00000000d6a80000)
 ParOldGen       total 68608K, used 42636K [0x0000000080000000, 0x0000000084300000, 0x00000000d5580000)
  object space 68608K, 62% used [0x0000000080000000,0x00000000829a3120,0x0000000084300000)
 Metaspace       used 60319K, committed 61632K, reserved 1114112K
  class space    used 6441K, committed 6976K, reserved 1048576K
}
Event: 81.443 GC heap after
{Heap after GC invocations=37 (full 3):
 PSYoungGen      total 19456K, used 1035K [0x00000000d5580000, 0x00000000d6a80000, 0x0000000100000000)
  eden space 17920K, 0% used [0x00000000d5580000,0x00000000d5580000,0x00000000d6700000)
  from space 1536K, 67% used [0x00000000d6900000,0x00000000d6a02c38,0x00000000d6a80000)
  to   space 1536K, 0% used [0x00000000d6780000,0x00000000d6780000,0x00000000d6900000)
 ParOldGen       total 68608K, used 42644K [0x0000000080000000, 0x0000000084300000, 0x00000000d5580000)
  object space 68608K, 62% used [0x0000000080000000,0x00000000829a5120,0x0000000084300000)
 Metaspace       used 60319K, committed 61632K, reserved 1114112K
  class space    used 6441K, committed 6976K, reserved 1048576K
}
Event: 82.531 GC heap before
{Heap before GC invocations=38 (full 3):
 PSYoungGen      total 19456K, used 18955K [0x00000000d5580000, 0x00000000d6a80000, 0x0000000100000000)
  eden space 17920K, 100% used [0x00000000d5580000,0x00000000d6700000,0x00000000d6700000)
  from space 1536K, 67% used [0x00000000d6900000,0x00000000d6a02c38,0x00000000d6a80000)
  to   space 1536K, 0% used [0x00000000d6780000,0x00000000d6780000,0x00000000d6900000)
 ParOldGen       total 68608K, used 42644K [0x0000000080000000, 0x0000000084300000, 0x00000000d5580000)
  object space 68608K, 62% used [0x0000000080000000,0x00000000829a5120,0x0000000084300000)
 Metaspace       used 61302K, committed 62656K, reserved 1114112K
  class space    used 6526K, committed 7040K, reserved 1048576K
}
Event: 82.535 GC heap after
{Heap after GC invocations=38 (full 3):
 PSYoungGen      total 19456K, used 1480K [0x00000000d5580000, 0x00000000d6b00000, 0x0000000100000000)
  eden space 17920K, 0% used [0x00000000d5580000,0x00000000d5580000,0x00000000d6700000)
  from space 1536K, 96% used [0x00000000d6780000,0x00000000d68f21f0,0x00000000d6900000)
  to   space 2048K, 0% used [0x00000000d6900000,0x00000000d6900000,0x00000000d6b00000)
 ParOldGen       total 68608K, used 43564K [0x0000000080000000, 0x0000000084300000, 0x00000000d5580000)
  object space 68608K, 63% used [0x0000000080000000,0x0000000082a8b2d0,0x0000000084300000)
 Metaspace       used 61302K, committed 62656K, reserved 1114112K
  class space    used 6526K, committed 7040K, reserved 1048576K
}
Event: 83.463 GC heap before
{Heap before GC invocations=39 (full 3):
 PSYoungGen      total 19456K, used 19400K [0x00000000d5580000, 0x00000000d6b00000, 0x0000000100000000)
  eden space 17920K, 100% used [0x00000000d5580000,0x00000000d6700000,0x00000000d6700000)
  from space 1536K, 96% used [0x00000000d6780000,0x00000000d68f21f0,0x00000000d6900000)
  to   space 2048K, 0% used [0x00000000d6900000,0x00000000d6900000,0x00000000d6b00000)
 ParOldGen       total 68608K, used 43564K [0x0000000080000000, 0x0000000084300000, 0x00000000d5580000)
  object space 68608K, 63% used [0x0000000080000000,0x0000000082a8b2d0,0x0000000084300000)
 Metaspace       used 62796K, committed 64192K, reserved 1114112K
  class space    used 6634K, committed 7168K, reserved 1048576K
}
Event: 83.471 GC heap after
{Heap after GC invocations=39 (full 3):
 PSYoungGen      total 18944K, used 2033K [0x00000000d5580000, 0x00000000d6d00000, 0x0000000100000000)
  eden space 16896K, 0% used [0x00000000d5580000,0x00000000d5580000,0x00000000d6600000)
  from space 2048K, 99% used [0x00000000d6900000,0x00000000d6afc5a8,0x00000000d6b00000)
  to   space 3072K, 0% used [0x00000000d6600000,0x00000000d6600000,0x00000000d6900000)
 ParOldGen       total 68608K, used 44163K [0x0000000080000000, 0x0000000084300000, 0x00000000d5580000)
  object space 68608K, 64% used [0x0000000080000000,0x0000000082b20e18,0x0000000084300000)
 Metaspace       used 62796K, committed 64192K, reserved 1114112K
  class space    used 6634K, committed 7168K, reserved 1048576K
}
Event: 581.967 GC heap before
{Heap before GC invocations=40 (full 3):
 PSYoungGen      total 18944K, used 18929K [0x00000000d5580000, 0x00000000d6d00000, 0x0000000100000000)
  eden space 16896K, 100% used [0x00000000d5580000,0x00000000d6600000,0x00000000d6600000)
  from space 2048K, 99% used [0x00000000d6900000,0x00000000d6afc5a8,0x00000000d6b00000)
  to   space 3072K, 0% used [0x00000000d6600000,0x00000000d6600000,0x00000000d6900000)
 ParOldGen       total 68608K, used 44163K [0x0000000080000000, 0x0000000084300000, 0x00000000d5580000)
  object space 68608K, 64% used [0x0000000080000000,0x0000000082b20e18,0x0000000084300000)
 Metaspace       used 64036K, committed 65344K, reserved 1114112K
  class space    used 6794K, committed 7296K, reserved 1048576K
}
Event: 582.085 GC heap after
{Heap after GC invocations=40 (full 3):
 PSYoungGen      total 18432K, used 1300K [0x00000000d5580000, 0x00000000d6a00000, 0x0000000100000000)
  eden space 16896K, 0% used [0x00000000d5580000,0x00000000d5580000,0x00000000d6600000)
  from space 1536K, 84% used [0x00000000d6600000,0x00000000d6745040,0x00000000d6780000)
  to   space 2048K, 0% used [0x00000000d6800000,0x00000000d6800000,0x00000000d6a00000)
 ParOldGen       total 68608K, used 46207K [0x0000000080000000, 0x0000000084300000, 0x00000000d5580000)
  object space 68608K, 67% used [0x0000000080000000,0x0000000082d1ff30,0x0000000084300000)
 Metaspace       used 64036K, committed 65344K, reserved 1114112K
  class space    used 6794K, committed 7296K, reserved 1048576K
}

