# JRE version: OpenJDK Runtime Environment Temurin-21.0.12.1+1 (21.0.12.1+1) (build 21.0.12.1+1-LTS)
# Java VM: OpenJDK 64-Bit Server VM Temurin-21.0.12.1+1 (21.0.12.1+1-LTS, mixed mode, sharing, tiered, compressed oops, compressed class ptrs, parallel gc, windows-amd64)
GC Precious Log:
 CardTable entry size: 512
 CPUs: 4 total, 4 available
 Memory: 3522M
 Large Page Support: Disabled
 NUMA Support: Disabled
 Compressed Oops: Enabled (32-bit)
 Alignments: Space 512K, Generation 512K, Heap 2M
 Heap Min Capacity: 100M
 Heap Initial Capacity: 100M
 Heap Max Capacity: 2G
 Pre-touch: Disabled
 Parallel Workers: 4
Heap:
 PSYoungGen      total 17920K, used 1728K [0x00000000d5580000, 0x00000000d6880000, 0x0000000100000000)
  eden space 16384K, 4% used [0x00000000d5580000,0x00000000d5636500,0x00000000d6580000)
  from space 1536K, 65% used [0x00000000d6700000,0x00000000d67f9b10,0x00000000d6880000)
  to   space 1536K, 0% used [0x00000000d6580000,0x00000000d6580000,0x00000000d6700000)
 ParOldGen       total 74240K, used 73824K [0x0000000080000000, 0x0000000084880000, 0x00000000d5580000)
  object space 74240K, 99% used [0x0000000080000000,0x0000000084818320,0x0000000084880000)
 Metaspace       used 69774K, committed 71360K, reserved 1114112K
  class space    used 7319K, committed 8000K, reserved 1048576K
GC Heap History (20 events):
Event: 543.152 GC heap before
{Heap before GC invocations=62 (full 3):
 PSYoungGen      total 17920K, used 17668K [0x00000000d5580000, 0x00000000d6b80000, 0x0000000100000000)
  eden space 16384K, 100% used [0x00000000d5580000,0x00000000d6580000,0x00000000d6580000)
  from space 1536K, 83% used [0x00000000d6a00000,0x00000000d6b41308,0x00000000d6b80000)
  to   space 2560K, 0% used [0x00000000d6680000,0x00000000d6680000,0x00000000d6900000)
 ParOldGen       total 68608K, used 68392K [0x0000000080000000, 0x0000000084300000, 0x00000000d5580000)
  object space 68608K, 99% used [0x0000000080000000,0x00000000842ca018,0x0000000084300000)
 Metaspace       used 68599K, committed 70016K, reserved 1114112K
  class space    used 7232K, committed 7872K, reserved 1048576K
}
Event: 543.154 GC heap after
{Heap after GC invocations=62 (full 3):
 PSYoungGen      total 18944K, used 736K [0x00000000d5580000, 0x00000000d6a80000, 0x0000000100000000)
  eden space 16384K, 0% used [0x00000000d5580000,0x00000000d5580000,0x00000000d6580000)
  from space 2560K, 28% used [0x00000000d6680000,0x00000000d6738000,0x00000000d6900000)
  to   space 1536K, 0% used [0x00000000d6900000,0x00000000d6900000,0x00000000d6a80000)
 ParOldGen       total 69120K, used 68608K [0x0000000080000000, 0x0000000084380000, 0x00000000d5580000)
  object space 69120K, 99% used [0x0000000080000000,0x00000000843001d0,0x0000000084380000)
 Metaspace       used 68599K, committed 70016K, reserved 1114112K
  class space    used 7232K, committed 7872K, reserved 1048576K
}
Event: 543.204 GC heap before
{Heap before GC invocations=63 (full 3):
 PSYoungGen      total 18944K, used 16053K [0x00000000d5580000, 0x00000000d6a80000, 0x0000000100000000)
  eden space 16384K, 93% used [0x00000000d5580000,0x00000000d64754f0,0x00000000d6580000)
  from space 2560K, 28% used [0x00000000d6680000,0x00000000d6738000,0x00000000d6900000)
  to   space 1536K, 0% used [0x00000000d6900000,0x00000000d6900000,0x00000000d6a80000)
 ParOldGen       total 69120K, used 68608K [0x0000000080000000, 0x0000000084380000, 0x00000000d5580000)
  object space 69120K, 99% used [0x0000000080000000,0x00000000843001d0,0x0000000084380000)
 Metaspace       used 68666K, committed 70080K, reserved 1114112K
  class space    used 7232K, committed 7872K, reserved 1048576K
}
Event: 543.206 GC heap after
{Heap after GC invocations=63 (full 3):
 PSYoungGen      total 17408K, used 553K [0x00000000d5580000, 0x00000000d6a00000, 0x0000000100000000)
  eden space 16384K, 0% used [0x00000000d5580000,0x00000000d5580000,0x00000000d6580000)
  from space 1024K, 54% used [0x00000000d6900000,0x00000000d698a598,0x00000000d6a00000)
  to   space 1024K, 0% used [0x00000000d6800000,0x00000000d6800000,0x00000000d6900000)
 ParOldGen       total 69120K, used 68624K [0x0000000080000000, 0x0000000084380000, 0x00000000d5580000)
  object space 69120K, 99% used [0x0000000080000000,0x00000000843041d0,0x0000000084380000)
 Metaspace       used 68666K, committed 70080K, reserved 1114112K
  class space    used 7232K, committed 7872K, reserved 1048576K
}
Event: 543.433 GC heap before
{Heap before GC invocations=64 (full 3):
 PSYoungGen      total 17408K, used 16937K [0x00000000d5580000, 0x00000000d6a00000, 0x0000000100000000)
  eden space 16384K, 100% used [0x00000000d5580000,0x00000000d6580000,0x00000000d6580000)
  from space 1024K, 54% used [0x00000000d6900000,0x00000000d698a598,0x00000000d6a00000)
  to   space 1024K, 0% used [0x00000000d6800000,0x00000000d6800000,0x00000000d6900000)
 ParOldGen       total 69120K, used 68624K [0x0000000080000000, 0x0000000084380000, 0x00000000d5580000)
  object space 69120K, 99% used [0x0000000080000000,0x00000000843041d0,0x0000000084380000)
 Metaspace       used 68686K, committed 70144K, reserved 1114112K
  class space    used 7232K, committed 7872K, reserved 1048576K
}
Event: 543.435 GC heap after
{Heap after GC invocations=64 (full 3):
 PSYoungGen      total 17408K, used 320K [0x00000000d5580000, 0x00000000d6980000, 0x0000000100000000)
  eden space 16384K, 0% used [0x00000000d5580000,0x00000000d5580000,0x00000000d6580000)
  from space 1024K, 31% used [0x00000000d6800000,0x00000000d6850000,0x00000000d6900000)
  to   space 512K, 0% used [0x00000000d6900000,0x00000000d6900000,0x00000000d6980000)
 ParOldGen       total 69120K, used 68640K [0x0000000080000000, 0x0000000084380000, 0x00000000d5580000)
  object space 69120K, 99% used [0x0000000080000000,0x00000000843081d0,0x0000000084380000)
 Metaspace       used 68686K, committed 70144K, reserved 1114112K
  class space    used 7232K, committed 7872K, reserved 1048576K
}
Event: 543.525 GC heap before
{Heap before GC invocations=65 (full 3):
 PSYoungGen      total 17408K, used 16704K [0x00000000d5580000, 0x00000000d6980000, 0x0000000100000000)
  eden space 16384K, 100% used [0x00000000d5580000,0x00000000d6580000,0x00000000d6580000)
  from space 1024K, 31% used [0x00000000d6800000,0x00000000d6850000,0x00000000d6900000)
  to   space 512K, 0% used [0x00000000d6900000,0x00000000d6900000,0x00000000d6980000)
 ParOldGen       total 69120K, used 68640K [0x0000000080000000, 0x0000000084380000, 0x00000000d5580000)
  object space 69120K, 99% used [0x0000000080000000,0x00000000843081d0,0x0000000084380000)
 Metaspace       used 68690K, committed 70144K, reserved 1114112K
  class space    used 7232K, committed 7872K, reserved 1048576K
}
Event: 543.528 GC heap after
{Heap after GC invocations=65 (full 3):
 PSYoungGen      total 16896K, used 512K [0x00000000d5580000, 0x00000000d6b80000, 0x0000000100000000)
  eden space 16384K, 0% used [0x00000000d5580000,0x00000000d5580000,0x00000000d6580000)
  from space 512K, 100% used [0x00000000d6900000,0x00000000d6980000,0x00000000d6980000)
  to   space 3072K, 0% used [0x00000000d6580000,0x00000000d6580000,0x00000000d6880000)
 ParOldGen       total 70656K, used 70469K [0x0000000080000000, 0x0000000084500000, 0x00000000d5580000)
  object space 70656K, 99% used [0x0000000080000000,0x00000000844d15a8,0x0000000084500000)
 Metaspace       used 68690K, committed 70144K, reserved 1114112K
  class space    used 7232K, committed 7872K, reserved 1048576K
}
Event: 544.014 GC heap before
{Heap before GC invocations=66 (full 3):
 PSYoungGen      total 16896K, used 16896K [0x00000000d5580000, 0x00000000d6b80000, 0x0000000100000000)
  eden space 16384K, 100% used [0x00000000d5580000,0x00000000d6580000,0x00000000d6580000)
  from space 512K, 100% used [0x00000000d6900000,0x00000000d6980000,0x00000000d6980000)
  to   space 3072K, 0% used [0x00000000d6580000,0x00000000d6580000,0x00000000d6880000)
 ParOldGen       total 70656K, used 70469K [0x0000000080000000, 0x0000000084500000, 0x00000000d5580000)
  object space 70656K, 99% used [0x0000000080000000,0x00000000844d15a8,0x0000000084500000)
 Metaspace       used 68714K, committed 70144K, reserved 1114112K
  class space    used 7232K, committed 7872K, reserved 1048576K
}
Event: 544.018 GC heap after
{Heap after GC invocations=66 (full 3):
 PSYoungGen      total 17920K, used 1476K [0x00000000d5580000, 0x00000000d6980000, 0x0000000100000000)
  eden space 16384K, 0% used [0x00000000d5580000,0x00000000d5580000,0x00000000d6580000)
  from space 1536K, 96% used [0x00000000d6580000,0x00000000d66f1210,0x00000000d6700000)
  to   space 2048K, 0% used [0x00000000d6780000,0x00000000d6780000,0x00000000d6980000)
 ParOldGen       total 71168K, used 70714K [0x0000000080000000, 0x0000000084580000, 0x00000000d5580000)
  object space 71168K, 99% used [0x0000000080000000,0x000000008450ea28,0x0000000084580000)
 Metaspace       used 68714K, committed 70144K, reserved 1114112K
  class space    used 7232K, committed 7872K, reserved 1048576K
}
Event: 544.399 GC heap before
{Heap before GC invocations=67 (full 3):
 PSYoungGen      total 17920K, used 16536K [0x00000000d5580000, 0x00000000d6980000, 0x0000000100000000)
  eden space 16384K, 91% used [0x00000000d5580000,0x00000000d6435080,0x00000000d6580000)
  from space 1536K, 96% used [0x00000000d6580000,0x00000000d66f1210,0x00000000d6700000)
  to   space 2048K, 0% used [0x00000000d6780000,0x00000000d6780000,0x00000000d6980000)
 ParOldGen       total 71168K, used 70714K [0x0000000080000000, 0x0000000084580000, 0x00000000d5580000)
  object space 71168K, 99% used [0x0000000080000000,0x000000008450ea28,0x0000000084580000)
 Metaspace       used 68719K, committed 70144K, reserved 1114112K
  class space    used 7233K, committed 7872K, reserved 1048576K
}
Event: 544.402 GC heap after
{Heap after GC invocations=67 (full 3):
 PSYoungGen      total 17408K, used 736K [0x00000000d5580000, 0x00000000d6880000, 0x0000000100000000)
  eden space 16384K, 0% used [0x00000000d5580000,0x00000000d5580000,0x00000000d6580000)
  from space 1024K, 71% used [0x00000000d6780000,0x00000000d6838010,0x00000000d6880000)
  to   space 1536K, 0% used [0x00000000d6580000,0x00000000d6580000,0x00000000d6700000)
 ParOldGen       total 71168K, used 71047K [0x0000000080000000, 0x0000000084580000, 0x00000000d5580000)
  object space 71168K, 99% used [0x0000000080000000,0x0000000084561c38,0x0000000084580000)
 Metaspace       used 68719K, committed 70144K, reserved 1114112K
  class space    used 7233K, committed 7872K, reserved 1048576K
}
Event: 544.618 GC heap before
{Heap before GC invocations=68 (full 3):
 PSYoungGen      total 17408K, used 17005K [0x00000000d5580000, 0x00000000d6880000, 0x0000000100000000)
  eden space 16384K, 99% used [0x00000000d5580000,0x00000000d6563578,0x00000000d6580000)
  from space 1024K, 71% used [0x00000000d6780000,0x00000000d6838010,0x00000000d6880000)
  to   space 1536K, 0% used [0x00000000d6580000,0x00000000d6580000,0x00000000d6700000)
 ParOldGen       total 71168K, used 71047K [0x0000000080000000, 0x0000000084580000, 0x00000000d5580000)
  object space 71168K, 99% used [0x0000000080000000,0x0000000084561c38,0x0000000084580000)
 Metaspace       used 68840K, committed 70272K, reserved 1114112K
  class space    used 7236K, committed 7872K, reserved 1048576K
}
Event: 544.621 GC heap after
{Heap after GC invocations=68 (full 3):
 PSYoungGen      total 17920K, used 742K [0x00000000d5580000, 0x00000000d6800000, 0x0000000100000000)
  eden space 16384K, 0% used [0x00000000d5580000,0x00000000d5580000,0x00000000d6580000)
  from space 1536K, 48% used [0x00000000d6580000,0x00000000d6639b40,0x00000000d6700000)
  to   space 1024K, 0% used [0x00000000d6700000,0x00000000d6700000,0x00000000d6800000)
 ParOldGen       total 72704K, used 72611K [0x0000000080000000, 0x0000000084700000, 0x00000000d5580000)
  object space 72704K, 99% used [0x0000000080000000,0x00000000846e8fe0,0x0000000084700000)
 Metaspace       used 68840K, committed 70272K, reserved 1114112K
  class space    used 7236K, committed 7872K, reserved 1048576K
}
Event: 547.180 GC heap before
{Heap before GC invocations=69 (full 3):
 PSYoungGen      total 17920K, used 17126K [0x00000000d5580000, 0x00000000d6800000, 0x0000000100000000)
  eden space 16384K, 100% used [0x00000000d5580000,0x00000000d6580000,0x00000000d6580000)
  from space 1536K, 48% used [0x00000000d6580000,0x00000000d6639b40,0x00000000d6700000)
  to   space 1024K, 0% used [0x00000000d6700000,0x00000000d6700000,0x00000000d6800000)
 ParOldGen       total 72704K, used 72611K [0x0000000080000000, 0x0000000084700000, 0x00000000d5580000)
  object space 72704K, 99% used [0x0000000080000000,0x00000000846e8fe0,0x0000000084700000)
 Metaspace       used 69418K, committed 70976K, reserved 1114112K
  class space    used 7292K, committed 7936K, reserved 1048576K
}
Event: 547.186 GC heap after
{Heap after GC invocations=69 (full 3):
 PSYoungGen      total 17408K, used 773K [0x00000000d5580000, 0x00000000d6800000, 0x0000000100000000)
  eden space 16384K, 0% used [0x00000000d5580000,0x00000000d5580000,0x00000000d6580000)
  from space 1024K, 75% used [0x00000000d6700000,0x00000000d67c16b0,0x00000000d6800000)
  to   space 1024K, 0% used [0x00000000d6600000,0x00000000d6600000,0x00000000d6700000)
 ParOldGen       total 73216K, used 72717K [0x0000000080000000, 0x0000000084780000, 0x00000000d5580000)
  object space 73216K, 99% used [0x0000000080000000,0x0000000084703400,0x0000000084780000)
 Metaspace       used 69418K, committed 70976K, reserved 1114112K
  class space    used 7292K, committed 7936K, reserved 1048576K
}
Event: 551.685 GC heap before
{Heap before GC invocations=70 (full 3):
 PSYoungGen      total 17408K, used 17157K [0x00000000d5580000, 0x00000000d6800000, 0x0000000100000000)
  eden space 16384K, 100% used [0x00000000d5580000,0x00000000d6580000,0x00000000d6580000)
  from space 1024K, 75% used [0x00000000d6700000,0x00000000d67c16b0,0x00000000d6800000)
  to   space 1024K, 0% used [0x00000000d6600000,0x00000000d6600000,0x00000000d6700000)
 ParOldGen       total 73216K, used 72717K [0x0000000080000000, 0x0000000084780000, 0x00000000d5580000)
  object space 73216K, 99% used [0x0000000080000000,0x0000000084703400,0x0000000084780000)
 Metaspace       used 69610K, committed 71040K, reserved 1114112K
  class space    used 7302K, committed 7936K, reserved 1048576K
}
Event: 551.693 GC heap after
{Heap after GC invocations=70 (full 3):
 PSYoungGen      total 17408K, used 1024K [0x00000000d5580000, 0x00000000d6880000, 0x0000000100000000)
  eden space 16384K, 0% used [0x00000000d5580000,0x00000000d5580000,0x00000000d6580000)
  from space 1024K, 100% used [0x00000000d6600000,0x00000000d6700000,0x00000000d6700000)
  to   space 1536K, 0% used [0x00000000d6700000,0x00000000d6700000,0x00000000d6880000)
 ParOldGen       total 73216K, used 72840K [0x0000000080000000, 0x0000000084780000, 0x00000000d5580000)
  object space 73216K, 99% used [0x0000000080000000,0x0000000084722140,0x0000000084780000)
 Metaspace       used 69610K, committed 71040K, reserved 1114112K
  class space    used 7302K, committed 7936K, reserved 1048576K
}
Event: 561.218 GC heap before
{Heap before GC invocations=71 (full 3):
 PSYoungGen      total 17408K, used 17399K [0x00000000d5580000, 0x00000000d6880000, 0x0000000100000000)
  eden space 16384K, 99% used [0x00000000d5580000,0x00000000d657df38,0x00000000d6580000)
  from space 1024K, 100% used [0x00000000d6600000,0x00000000d6700000,0x00000000d6700000)
  to   space 1536K, 0% used [0x00000000d6700000,0x00000000d6700000,0x00000000d6880000)
 ParOldGen       total 73216K, used 72840K [0x0000000080000000, 0x0000000084780000, 0x00000000d5580000)
  object space 73216K, 99% used [0x0000000080000000,0x0000000084722140,0x0000000084780000)
 Metaspace       used 69755K, committed 71232K, reserved 1114112K
  class space    used 7319K, committed 8000K, reserved 1048576K
}
Event: 561.255 GC heap after
{Heap after GC invocations=71 (full 3):
 PSYoungGen      total 17920K, used 998K [0x00000000d5580000, 0x00000000d6880000, 0x0000000100000000)
  eden space 16384K, 0% used [0x00000000d5580000,0x00000000d5580000,0x00000000d6580000)
  from space 1536K, 65% used [0x00000000d6700000,0x00000000d67f9b10,0x00000000d6880000)
  to   space 1536K, 0% used [0x00000000d6580000,0x00000000d6580000,0x00000000d6700000)
 ParOldGen       total 74240K, used 73824K [0x0000000080000000, 0x0000000084880000, 0x00000000d5580000)
  object space 74240K, 99% used [0x0000000080000000,0x0000000084818320,0x0000000084880000)
 Metaspace       used 69755K, committed 71232K, reserved 1114112K
  class space    used 7319K, committed 8000K, reserved 1048576K
}

