# JRE version: OpenJDK Runtime Environment Temurin-21.0.12.1+1 (21.0.12.1+1) (build 21.0.12.1+1-LTS)
# Java VM: OpenJDK 64-Bit Server VM Temurin-21.0.12.1+1 (21.0.12.1+1-LTS, mixed mode, sharing, tiered, compressed oops, compressed class ptrs, parallel gc, windows-amd64)
GC Precious Log:
 CardTable entry size: 512
 CPUs: 4 total, 4 available
 Memory: 3522M
 Large Page Support: Disabled
 NUMA Support: Disabled
 Compressed Oops: Enabled (32-bit)
 Alignments: Space 512K, Generation 512K, Heap 2M
 Heap Min Capacity: 100M
 Heap Initial Capacity: 100M
 Heap Max Capacity: 2G
 Pre-touch: Disabled
 Parallel Workers: 4
Heap:
 PSYoungGen      total 16896K, used 13019K [0x00000000d5580000, 0x00000000d6700000, 0x0000000100000000)
  eden space 14336K, 88% used [0x00000000d5580000,0x00000000d61dc008,0x00000000d6380000)
  from space 2560K, 14% used [0x00000000d6380000,0x00000000d63dac30,0x00000000d6600000)
  to   space 1024K, 0% used [0x00000000d6600000,0x00000000d6600000,0x00000000d6700000)
 ParOldGen       total 68608K, used 64676K [0x0000000080000000, 0x0000000084300000, 0x00000000d5580000)
  object space 68608K, 94% used [0x0000000080000000,0x0000000083f291a8,0x0000000084300000)
 Metaspace       used 72243K, committed 73728K, reserved 1114112K
  class space    used 7609K, committed 8320K, reserved 1048576K
GC Heap History (20 events):
Event: 252.165 GC heap before
{Heap before GC invocations=63 (full 3):
 PSYoungGen      total 14848K, used 14832K [0x00000000d5580000, 0x00000000d6880000, 0x0000000100000000)
  eden space 14336K, 100% used [0x00000000d5580000,0x00000000d6380000,0x00000000d6380000)
  from space 512K, 96% used [0x00000000d6780000,0x00000000d67fc010,0x00000000d6800000)
  to   space 512K, 0% used [0x00000000d6800000,0x00000000d6800000,0x00000000d6880000)
 ParOldGen       total 68608K, used 58533K [0x0000000080000000, 0x0000000084300000, 0x00000000d5580000)
  object space 68608K, 85% used [0x0000000080000000,0x00000000839297b8,0x0000000084300000)
 Metaspace       used 69433K, committed 71040K, reserved 1114112K
  class space    used 7343K, committed 8064K, reserved 1048576K
}
Event: 252.166 GC heap after
{Heap after GC invocations=63 (full 3):
 PSYoungGen      total 14848K, used 128K [0x00000000d5580000, 0x00000000d6880000, 0x0000000100000000)
  eden space 14336K, 0% used [0x00000000d5580000,0x00000000d5580000,0x00000000d6380000)
  from space 512K, 25% used [0x00000000d6800000,0x00000000d6820000,0x00000000d6880000)
  to   space 512K, 0% used [0x00000000d6780000,0x00000000d6780000,0x00000000d6800000)
 ParOldGen       total 68608K, used 58819K [0x0000000080000000, 0x0000000084300000, 0x00000000d5580000)
  object space 68608K, 85% used [0x0000000080000000,0x0000000083970c38,0x0000000084300000)
 Metaspace       used 69433K, committed 71040K, reserved 1114112K
  class space    used 7343K, committed 8064K, reserved 1048576K
}
Event: 277.981 GC heap before
{Heap before GC invocations=64 (full 3):
 PSYoungGen      total 14848K, used 14464K [0x00000000d5580000, 0x00000000d6880000, 0x0000000100000000)
  eden space 14336K, 100% used [0x00000000d5580000,0x00000000d6380000,0x00000000d6380000)
  from space 512K, 25% used [0x00000000d6800000,0x00000000d6820000,0x00000000d6880000)
  to   space 512K, 0% used [0x00000000d6780000,0x00000000d6780000,0x00000000d6800000)
 ParOldGen       total 68608K, used 58819K [0x0000000080000000, 0x0000000084300000, 0x00000000d5580000)
  object space 68608K, 85% used [0x0000000080000000,0x0000000083970c38,0x0000000084300000)
 Metaspace       used 69591K, committed 71168K, reserved 1114112K
  class space    used 7365K, committed 8064K, reserved 1048576K
}
Event: 277.991 GC heap after
{Heap after GC invocations=64 (full 3):
 PSYoungGen      total 14848K, used 512K [0x00000000d5580000, 0x00000000d6880000, 0x0000000100000000)
  eden space 14336K, 0% used [0x00000000d5580000,0x00000000d5580000,0x00000000d6380000)
  from space 512K, 100% used [0x00000000d6780000,0x00000000d6800000,0x00000000d6800000)
  to   space 512K, 0% used [0x00000000d6800000,0x00000000d6800000,0x00000000d6880000)
 ParOldGen       total 68608K, used 58859K [0x0000000080000000, 0x0000000084300000, 0x00000000d5580000)
  object space 68608K, 85% used [0x0000000080000000,0x000000008397ac38,0x0000000084300000)
 Metaspace       used 69591K, committed 71168K, reserved 1114112K
  class space    used 7365K, committed 8064K, reserved 1048576K
}
Event: 284.428 GC heap before
{Heap before GC invocations=65 (full 3):
 PSYoungGen      total 14848K, used 14848K [0x00000000d5580000, 0x00000000d6880000, 0x0000000100000000)
  eden space 14336K, 100% used [0x00000000d5580000,0x00000000d6380000,0x00000000d6380000)
  from space 512K, 100% used [0x00000000d6780000,0x00000000d6800000,0x00000000d6800000)
  to   space 512K, 0% used [0x00000000d6800000,0x00000000d6800000,0x00000000d6880000)
 ParOldGen       total 68608K, used 58859K [0x0000000080000000, 0x0000000084300000, 0x00000000d5580000)
  object space 68608K, 85% used [0x0000000080000000,0x000000008397ac38,0x0000000084300000)
 Metaspace       used 70135K, committed 71616K, reserved 1114112K
  class space    used 7435K, committed 8128K, reserved 1048576K
}
Event: 284.435 GC heap after
{Heap after GC invocations=65 (full 3):
 PSYoungGen      total 14848K, used 480K [0x00000000d5580000, 0x00000000d6880000, 0x0000000100000000)
  eden space 14336K, 0% used [0x00000000d5580000,0x00000000d5580000,0x00000000d6380000)
  from space 512K, 93% used [0x00000000d6800000,0x00000000d6878010,0x00000000d6880000)
  to   space 1536K, 0% used [0x00000000d6580000,0x00000000d6580000,0x00000000d6700000)
 ParOldGen       total 68608K, used 59622K [0x0000000080000000, 0x0000000084300000, 0x00000000d5580000)
  object space 68608K, 86% used [0x0000000080000000,0x0000000083a39b28,0x0000000084300000)
 Metaspace       used 70135K, committed 71616K, reserved 1114112K
  class space    used 7435K, committed 8128K, reserved 1048576K
}
Event: 330.038 GC heap before
{Heap before GC invocations=66 (full 3):
 PSYoungGen      total 14848K, used 14797K [0x00000000d5580000, 0x00000000d6880000, 0x0000000100000000)
  eden space 14336K, 99% used [0x00000000d5580000,0x00000000d637b570,0x00000000d6380000)
  from space 512K, 93% used [0x00000000d6800000,0x00000000d6878010,0x00000000d6880000)
  to   space 1536K, 0% used [0x00000000d6580000,0x00000000d6580000,0x00000000d6700000)
 ParOldGen       total 68608K, used 59622K [0x0000000080000000, 0x0000000084300000, 0x00000000d5580000)
  object space 68608K, 86% used [0x0000000080000000,0x0000000083a39b28,0x0000000084300000)
 Metaspace       used 71006K, committed 72448K, reserved 1114112K
  class space    used 7513K, committed 8192K, reserved 1048576K
}
Event: 330.083 GC heap after
{Heap after GC invocations=66 (full 3):
 PSYoungGen      total 15872K, used 1251K [0x00000000d5580000, 0x00000000d6880000, 0x0000000100000000)
  eden space 14336K, 0% used [0x00000000d5580000,0x00000000d5580000,0x00000000d6380000)
  from space 1536K, 81% used [0x00000000d6580000,0x00000000d66b8ef0,0x00000000d6700000)
  to   space 1536K, 0% used [0x00000000d6700000,0x00000000d6700000,0x00000000d6880000)
 ParOldGen       total 68608K, used 60067K [0x0000000080000000, 0x0000000084300000, 0x00000000d5580000)
  object space 68608K, 87% used [0x0000000080000000,0x0000000083aa8fc8,0x0000000084300000)
 Metaspace       used 71006K, committed 72448K, reserved 1114112K
  class space    used 7513K, committed 8192K, reserved 1048576K
}
Event: 335.727 GC heap before
{Heap before GC invocations=67 (full 3):
 PSYoungGen      total 15872K, used 15587K [0x00000000d5580000, 0x00000000d6880000, 0x0000000100000000)
  eden space 14336K, 100% used [0x00000000d5580000,0x00000000d6380000,0x00000000d6380000)
  from space 1536K, 81% used [0x00000000d6580000,0x00000000d66b8ef0,0x00000000d6700000)
  to   space 1536K, 0% used [0x00000000d6700000,0x00000000d6700000,0x00000000d6880000)
 ParOldGen       total 68608K, used 60067K [0x0000000080000000, 0x0000000084300000, 0x00000000d5580000)
  object space 68608K, 87% used [0x0000000080000000,0x0000000083aa8fc8,0x0000000084300000)
 Metaspace       used 71163K, committed 72576K, reserved 1114112K
  class space    used 7524K, committed 8192K, reserved 1048576K
}
Event: 335.734 GC heap after
{Heap after GC invocations=67 (full 3):
 PSYoungGen      total 15872K, used 1059K [0x00000000d5580000, 0x00000000d6880000, 0x0000000100000000)
  eden space 14336K, 0% used [0x00000000d5580000,0x00000000d5580000,0x00000000d6380000)
  from space 1536K, 68% used [0x00000000d6700000,0x00000000d6808c98,0x00000000d6880000)
  to   space 1536K, 0% used [0x00000000d6580000,0x00000000d6580000,0x00000000d6700000)
 ParOldGen       total 68608K, used 61148K [0x0000000080000000, 0x0000000084300000, 0x00000000d5580000)
  object space 68608K, 89% used [0x0000000080000000,0x0000000083bb7160,0x0000000084300000)
 Metaspace       used 71163K, committed 72576K, reserved 1114112K
  class space    used 7524K, committed 8192K, reserved 1048576K
}
Event: 346.924 GC heap before
{Heap before GC invocations=68 (full 3):
 PSYoungGen      total 15872K, used 15395K [0x00000000d5580000, 0x00000000d6880000, 0x0000000100000000)
  eden space 14336K, 100% used [0x00000000d5580000,0x00000000d6380000,0x00000000d6380000)
  from space 1536K, 68% used [0x00000000d6700000,0x00000000d6808c98,0x00000000d6880000)
  to   space 1536K, 0% used [0x00000000d6580000,0x00000000d6580000,0x00000000d6700000)
 ParOldGen       total 68608K, used 61148K [0x0000000080000000, 0x0000000084300000, 0x00000000d5580000)
  object space 68608K, 89% used [0x0000000080000000,0x0000000083bb7160,0x0000000084300000)
 Metaspace       used 71351K, committed 72768K, reserved 1114112K
  class space    used 7539K, committed 8192K, reserved 1048576K
}
Event: 346.933 GC heap after
{Heap after GC invocations=68 (full 3):
 PSYoungGen      total 15872K, used 1218K [0x00000000d5580000, 0x00000000d6780000, 0x0000000100000000)
  eden space 14336K, 0% used [0x00000000d5580000,0x00000000d5580000,0x00000000d6380000)
  from space 1536K, 79% used [0x00000000d6580000,0x00000000d66b0818,0x00000000d6700000)
  to   space 512K, 0% used [0x00000000d6700000,0x00000000d6700000,0x00000000d6780000)
 ParOldGen       total 68608K, used 61725K [0x0000000080000000, 0x0000000084300000, 0x00000000d5580000)
  object space 68608K, 89% used [0x0000000080000000,0x0000000083c476b0,0x0000000084300000)
 Metaspace       used 71351K, committed 72768K, reserved 1114112K
  class space    used 7539K, committed 8192K, reserved 1048576K
}
Event: 365.757 GC heap before
{Heap before GC invocations=69 (full 3):
 PSYoungGen      total 15872K, used 15554K [0x00000000d5580000, 0x00000000d6780000, 0x0000000100000000)
  eden space 14336K, 100% used [0x00000000d5580000,0x00000000d6380000,0x00000000d6380000)
  from space 1536K, 79% used [0x00000000d6580000,0x00000000d66b0818,0x00000000d6700000)
  to   space 512K, 0% used [0x00000000d6700000,0x00000000d6700000,0x00000000d6780000)
 ParOldGen       total 68608K, used 61725K [0x0000000080000000, 0x0000000084300000, 0x00000000d5580000)
  object space 68608K, 89% used [0x0000000080000000,0x0000000083c476b0,0x0000000084300000)
 Metaspace       used 71439K, committed 72832K, reserved 1114112K
  class space    used 7542K, committed 8192K, reserved 1048576K
}
Event: 365.778 GC heap after
{Heap after GC invocations=69 (full 3):
 PSYoungGen      total 14848K, used 447K [0x00000000d5580000, 0x00000000d6780000, 0x0000000100000000)
  eden space 14336K, 0% used [0x00000000d5580000,0x00000000d5580000,0x00000000d6380000)
  from space 512K, 87% used [0x00000000d6700000,0x00000000d676fe80,0x00000000d6780000)
  to   space 1024K, 0% used [0x00000000d6580000,0x00000000d6580000,0x00000000d6680000)
 ParOldGen       total 68608K, used 62353K [0x0000000080000000, 0x0000000084300000, 0x00000000d5580000)
  object space 68608K, 90% used [0x0000000080000000,0x0000000083ce4688,0x0000000084300000)
 Metaspace       used 71439K, committed 72832K, reserved 1114112K
  class space    used 7542K, committed 8192K, reserved 1048576K
}
Event: 372.565 GC heap before
{Heap before GC invocations=70 (full 3):
 PSYoungGen      total 14848K, used 14783K [0x00000000d5580000, 0x00000000d6780000, 0x0000000100000000)
  eden space 14336K, 100% used [0x00000000d5580000,0x00000000d6380000,0x00000000d6380000)
  from space 512K, 87% used [0x00000000d6700000,0x00000000d676fe80,0x00000000d6780000)
  to   space 1024K, 0% used [0x00000000d6580000,0x00000000d6580000,0x00000000d6680000)
 ParOldGen       total 68608K, used 62353K [0x0000000080000000, 0x0000000084300000, 0x00000000d5580000)
  object space 68608K, 90% used [0x0000000080000000,0x0000000083ce4688,0x0000000084300000)
 Metaspace       used 71598K, committed 73088K, reserved 1114112K
  class space    used 7552K, committed 8192K, reserved 1048576K
}
Event: 372.581 GC heap after
{Heap after GC invocations=70 (full 3):
 PSYoungGen      total 15360K, used 1024K [0x00000000d5580000, 0x00000000d6780000, 0x0000000100000000)
  eden space 14336K, 0% used [0x00000000d5580000,0x00000000d5580000,0x00000000d6380000)
  from space 1024K, 100% used [0x00000000d6580000,0x00000000d6680000,0x00000000d6680000)
  to   space 1024K, 0% used [0x00000000d6680000,0x00000000d6680000,0x00000000d6780000)
 ParOldGen       total 68608K, used 62801K [0x0000000080000000, 0x0000000084300000, 0x00000000d5580000)
  object space 68608K, 91% used [0x0000000080000000,0x0000000083d54508,0x0000000084300000)
 Metaspace       used 71598K, committed 73088K, reserved 1114112K
  class space    used 7552K, committed 8192K, reserved 1048576K
}
Event: 403.969 GC heap before
{Heap before GC invocations=71 (full 3):
 PSYoungGen      total 15360K, used 15344K [0x00000000d5580000, 0x00000000d6780000, 0x0000000100000000)
  eden space 14336K, 99% used [0x00000000d5580000,0x00000000d637c380,0x00000000d6380000)
  from space 1024K, 100% used [0x00000000d6580000,0x00000000d6680000,0x00000000d6680000)
  to   space 1024K, 0% used [0x00000000d6680000,0x00000000d6680000,0x00000000d6780000)
 ParOldGen       total 68608K, used 62801K [0x0000000080000000, 0x0000000084300000, 0x00000000d5580000)
  object space 68608K, 91% used [0x0000000080000000,0x0000000083d54508,0x0000000084300000)
 Metaspace       used 71785K, committed 73344K, reserved 1114112K
  class space    used 7560K, committed 8256K, reserved 1048576K
}
Event: 404.004 GC heap after
{Heap after GC invocations=71 (full 3):
 PSYoungGen      total 15360K, used 995K [0x00000000d5580000, 0x00000000d6880000, 0x0000000100000000)
  eden space 14336K, 0% used [0x00000000d5580000,0x00000000d5580000,0x00000000d6380000)
  from space 1024K, 97% used [0x00000000d6680000,0x00000000d6778d88,0x00000000d6780000)
  to   space 2560K, 0% used [0x00000000d6380000,0x00000000d6380000,0x00000000d6600000)
 ParOldGen       total 68608K, used 63806K [0x0000000080000000, 0x0000000084300000, 0x00000000d5580000)
  object space 68608K, 93% used [0x0000000080000000,0x0000000083e4f9a8,0x0000000084300000)
 Metaspace       used 71785K, committed 73344K, reserved 1114112K
  class space    used 7560K, committed 8256K, reserved 1048576K
}
Event: 416.989 GC heap before
{Heap before GC invocations=72 (full 3):
 PSYoungGen      total 15360K, used 15331K [0x00000000d5580000, 0x00000000d6880000, 0x0000000100000000)
  eden space 14336K, 100% used [0x00000000d5580000,0x00000000d6380000,0x00000000d6380000)
  from space 1024K, 97% used [0x00000000d6680000,0x00000000d6778d88,0x00000000d6780000)
  to   space 2560K, 0% used [0x00000000d6380000,0x00000000d6380000,0x00000000d6600000)
 ParOldGen       total 68608K, used 63806K [0x0000000080000000, 0x0000000084300000, 0x00000000d5580000)
  object space 68608K, 93% used [0x0000000080000000,0x0000000083e4f9a8,0x0000000084300000)
 Metaspace       used 72019K, committed 73472K, reserved 1114112K
  class space    used 7580K, committed 8256K, reserved 1048576K
}
Event: 417.021 GC heap after
{Heap after GC invocations=72 (full 3):
 PSYoungGen      total 16896K, used 363K [0x00000000d5580000, 0x00000000d6700000, 0x0000000100000000)
  eden space 14336K, 0% used [0x00000000d5580000,0x00000000d5580000,0x00000000d6380000)
  from space 2560K, 14% used [0x00000000d6380000,0x00000000d63dac30,0x00000000d6600000)
  to   space 1024K, 0% used [0x00000000d6600000,0x00000000d6600000,0x00000000d6700000)
 ParOldGen       total 68608K, used 64676K [0x0000000080000000, 0x0000000084300000, 0x00000000d5580000)
  object space 68608K, 94% used [0x0000000080000000,0x0000000083f291a8,0x0000000084300000)
 Metaspace       used 72019K, committed 73472K, reserved 1114112K
  class space    used 7580K, committed 8256K, reserved 1048576K
}

