# JRE version: OpenJDK Runtime Environment Temurin-21.0.12.1+1 (21.0.12.1+1) (build 21.0.12.1+1-LTS)
# Java VM: OpenJDK 64-Bit Server VM Temurin-21.0.12.1+1 (21.0.12.1+1-LTS, mixed mode, sharing, tiered, compressed oops, compressed class ptrs, parallel gc, windows-amd64)
GC Precious Log:
 CardTable entry size: 512
 CPUs: 4 total, 4 available
 Memory: 3522M
 Large Page Support: Disabled
 NUMA Support: Disabled
 Compressed Oops: Enabled (32-bit)
 Alignments: Space 512K, Generation 512K, Heap 2M
 Heap Min Capacity: 100M
 Heap Initial Capacity: 100M
 Heap Max Capacity: 2G
 Pre-touch: Disabled
 Parallel Workers: 4
Heap:
 PSYoungGen      total 28672K, used 24335K [0x00000000d5580000, 0x00000000d7580000, 0x0000000100000000)
  eden space 26112K, 83% used [0x00000000d5580000,0x00000000d6ac55c0,0x00000000d6f00000)
  from space 2560K, 99% used [0x00000000d7200000,0x00000000d747e680,0x00000000d7480000)
  to   space 3072K, 0% used [0x00000000d6f00000,0x00000000d6f00000,0x00000000d7200000)
 ParOldGen       total 1398272K, used 47749K [0x0000000080000000, 0x00000000d5580000, 0x00000000d5580000)
  object space 1398272K, 3% used [0x0000000080000000,0x0000000082ea15c0,0x00000000d5580000)
 Metaspace       used 73024K, committed 74368K, reserved 1179648K
  class space    used 7812K, committed 8384K, reserved 1048576K
GC Heap History (20 events):
Event: 723.414 GC heap before
{Heap before GC invocations=48 (full 5):
 PSYoungGen      total 20992K, used 448K [0x00000000d5580000, 0x00000000d6b80000, 0x0000000100000000)
  eden space 20480K, 0% used [0x00000000d5580000,0x00000000d5580000,0x00000000d6980000)
  from space 512K, 87% used [0x00000000d6b00000,0x00000000d6b70040,0x00000000d6b80000)
  to   space 1024K, 0% used [0x00000000d6980000,0x00000000d6980000,0x00000000d6a80000)
 ParOldGen       total 1398272K, used 42133K [0x0000000080000000, 0x00000000d5580000, 0x00000000d5580000)
  object space 1398272K, 3% used [0x0000000080000000,0x0000000082925430,0x00000000d5580000)
 Metaspace       used 67146K, committed 68416K, reserved 1114112K
  class space    used 7099K, committed 7680K, reserved 1048576K
}
Event: 723.415 GC heap after
{Heap after GC invocations=48 (full 5):
 PSYoungGen      total 21504K, used 480K [0x00000000d5580000, 0x00000000d6c80000, 0x0000000100000000)
  eden space 20480K, 0% used [0x00000000d5580000,0x00000000d5580000,0x00000000d6980000)
  from space 1024K, 46% used [0x00000000d6980000,0x00000000d69f8040,0x00000000d6a80000)
  to   space 512K, 0% used [0x00000000d6c00000,0x00000000d6c00000,0x00000000d6c80000)
 ParOldGen       total 1398272K, used 42133K [0x0000000080000000, 0x00000000d5580000, 0x00000000d5580000)
  object space 1398272K, 3% used [0x0000000080000000,0x0000000082925430,0x00000000d5580000)
 Metaspace       used 67146K, committed 68416K, reserved 1114112K
  class space    used 7099K, committed 7680K, reserved 1048576K
}
Event: 723.416 GC heap before
{Heap before GC invocations=49 (full 6):
 PSYoungGen      total 21504K, used 480K [0x00000000d5580000, 0x00000000d6c80000, 0x0000000100000000)
  eden space 20480K, 0% used [0x00000000d5580000,0x00000000d5580000,0x00000000d6980000)
  from space 1024K, 46% used [0x00000000d6980000,0x00000000d69f8040,0x00000000d6a80000)
  to   space 512K, 0% used [0x00000000d6c00000,0x00000000d6c00000,0x00000000d6c80000)
 ParOldGen       total 1398272K, used 42133K [0x0000000080000000, 0x00000000d5580000, 0x00000000d5580000)
  object space 1398272K, 3% used [0x0000000080000000,0x0000000082925430,0x00000000d5580000)
 Metaspace       used 67146K, committed 68416K, reserved 1114112K
  class space    used 7099K, committed 7680K, reserved 1048576K
}
Event: 723.542 GC heap after
{Heap after GC invocations=49 (full 6):
 PSYoungGen      total 23040K, used 0K [0x00000000d5580000, 0x00000000d6d00000, 0x0000000100000000)
  eden space 22528K, 0% used [0x00000000d5580000,0x00000000d5580000,0x00000000d6b80000)
  from space 512K, 0% used [0x00000000d6c00000,0x00000000d6c00000,0x00000000d6c80000)
  to   space 512K, 0% used [0x00000000d6b80000,0x00000000d6b80000,0x00000000d6c00000)
 ParOldGen       total 104960K, used 41960K [0x0000000080000000, 0x0000000086680000, 0x00000000d5580000)
  object space 104960K, 39% used [0x0000000080000000,0x00000000828fa1e8,0x0000000086680000)
 Metaspace       used 67146K, committed 68416K, reserved 1114112K
  class space    used 7099K, committed 7680K, reserved 1048576K
}
Event: 723.550 GC heap before
{Heap before GC invocations=50 (full 6):
 PSYoungGen      total 23040K, used 0K [0x00000000d5580000, 0x00000000d6d00000, 0x0000000100000000)
  eden space 22528K, 0% used [0x00000000d5580000,0x00000000d5580000,0x00000000d6b80000)
  from space 512K, 0% used [0x00000000d6c00000,0x00000000d6c00000,0x00000000d6c80000)
  to   space 512K, 0% used [0x00000000d6b80000,0x00000000d6b80000,0x00000000d6c00000)
 ParOldGen       total 1398272K, used 41960K [0x0000000080000000, 0x00000000d5580000, 0x00000000d5580000)
  object space 1398272K, 3% used [0x0000000080000000,0x00000000828fa1e8,0x00000000d5580000)
 Metaspace       used 67146K, committed 68416K, reserved 1114112K
  class space    used 7099K, committed 7680K, reserved 1048576K
}
Event: 723.552 GC heap after
{Heap after GC invocations=50 (full 6):
 PSYoungGen      total 23040K, used 0K [0x00000000d5580000, 0x00000000d6f00000, 0x0000000100000000)
  eden space 22528K, 0% used [0x00000000d5580000,0x00000000d5580000,0x00000000d6b80000)
  from space 512K, 0% used [0x00000000d6b80000,0x00000000d6b80000,0x00000000d6c00000)
  to   space 512K, 0% used [0x00000000d6e80000,0x00000000d6e80000,0x00000000d6f00000)
 ParOldGen       total 1398272K, used 41960K [0x0000000080000000, 0x00000000d5580000, 0x00000000d5580000)
  object space 1398272K, 3% used [0x0000000080000000,0x00000000828fa1e8,0x00000000d5580000)
 Metaspace       used 67146K, committed 68416K, reserved 1114112K
  class space    used 7099K, committed 7680K, reserved 1048576K
}
Event: 723.552 GC heap before
{Heap before GC invocations=51 (full 7):
 PSYoungGen      total 23040K, used 0K [0x00000000d5580000, 0x00000000d6f00000, 0x0000000100000000)
  eden space 22528K, 0% used [0x00000000d5580000,0x00000000d5580000,0x00000000d6b80000)
  from space 512K, 0% used [0x00000000d6b80000,0x00000000d6b80000,0x00000000d6c00000)
  to   space 512K, 0% used [0x00000000d6e80000,0x00000000d6e80000,0x00000000d6f00000)
 ParOldGen       total 1398272K, used 41960K [0x0000000080000000, 0x00000000d5580000, 0x00000000d5580000)
  object space 1398272K, 3% used [0x0000000080000000,0x00000000828fa1e8,0x00000000d5580000)
 Metaspace       used 67146K, committed 68416K, reserved 1114112K
  class space    used 7099K, committed 7680K, reserved 1048576K
}
Event: 723.810 GC heap after
{Heap after GC invocations=51 (full 7):
 PSYoungGen      total 25088K, used 0K [0x00000000d5580000, 0x00000000d6f00000, 0x0000000100000000)
  eden space 24576K, 0% used [0x00000000d5580000,0x00000000d5580000,0x00000000d6d80000)
  from space 512K, 0% used [0x00000000d6e80000,0x00000000d6e80000,0x00000000d6f00000)
  to   space 512K, 0% used [0x00000000d6e00000,0x00000000d6e00000,0x00000000d6e80000)
 ParOldGen       total 130048K, used 41696K [0x0000000080000000, 0x0000000087f00000, 0x00000000d5580000)
  object space 130048K, 32% used [0x0000000080000000,0x00000000828b81c8,0x0000000087f00000)
 Metaspace       used 67123K, committed 68416K, reserved 1114112K
  class space    used 7092K, committed 7680K, reserved 1048576K
}
Event: 726.731 GC heap before
{Heap before GC invocations=52 (full 7):
 PSYoungGen      total 25088K, used 24575K [0x00000000d5580000, 0x00000000d6f00000, 0x0000000100000000)
  eden space 24576K, 99% used [0x00000000d5580000,0x00000000d6d7ffc0,0x00000000d6d80000)
  from space 512K, 0% used [0x00000000d6e80000,0x00000000d6e80000,0x00000000d6f00000)
  to   space 512K, 0% used [0x00000000d6e00000,0x00000000d6e00000,0x00000000d6e80000)
 ParOldGen       total 1398272K, used 41696K [0x0000000080000000, 0x00000000d5580000, 0x00000000d5580000)
  object space 1398272K, 2% used [0x0000000080000000,0x00000000828b81c8,0x00000000d5580000)
 Metaspace       used 68255K, committed 69440K, reserved 1114112K
  class space    used 7268K, committed 7744K, reserved 1048576K
}
Event: 726.739 GC heap after
{Heap after GC invocations=52 (full 7):
 PSYoungGen      total 25600K, used 480K [0x00000000d5580000, 0x00000000d7400000, 0x0000000100000000)
  eden space 25088K, 0% used [0x00000000d5580000,0x00000000d5580000,0x00000000d6e00000)
  from space 512K, 93% used [0x00000000d6e00000,0x00000000d6e78030,0x00000000d6e80000)
  to   space 2560K, 0% used [0x00000000d7180000,0x00000000d7180000,0x00000000d7400000)
 ParOldGen       total 1398272K, used 42987K [0x0000000080000000, 0x00000000d5580000, 0x00000000d5580000)
  object space 1398272K, 3% used [0x0000000080000000,0x00000000829fad28,0x00000000d5580000)
 Metaspace       used 68255K, committed 69440K, reserved 1114112K
  class space    used 7268K, committed 7744K, reserved 1048576K
}
Event: 733.377 GC heap before
{Heap before GC invocations=53 (full 7):
 PSYoungGen      total 25600K, used 25568K [0x00000000d5580000, 0x00000000d7400000, 0x0000000100000000)
  eden space 25088K, 100% used [0x00000000d5580000,0x00000000d6e00000,0x00000000d6e00000)
  from space 512K, 93% used [0x00000000d6e00000,0x00000000d6e78030,0x00000000d6e80000)
  to   space 2560K, 0% used [0x00000000d7180000,0x00000000d7180000,0x00000000d7400000)
 ParOldGen       total 1398272K, used 42987K [0x0000000080000000, 0x00000000d5580000, 0x00000000d5580000)
  object space 1398272K, 3% used [0x0000000080000000,0x00000000829fad28,0x00000000d5580000)
 Metaspace       used 68721K, committed 70016K, reserved 1114112K
  class space    used 7325K, committed 7872K, reserved 1048576K
}
Event: 733.393 GC heap after
{Heap after GC invocations=53 (full 7):
 PSYoungGen      total 26624K, used 2528K [0x00000000d5580000, 0x00000000d7880000, 0x0000000100000000)
  eden space 24064K, 0% used [0x00000000d5580000,0x00000000d5580000,0x00000000d6d00000)
  from space 2560K, 98% used [0x00000000d7180000,0x00000000d73f8070,0x00000000d7400000)
  to   space 4608K, 0% used [0x00000000d6d00000,0x00000000d6d00000,0x00000000d7180000)
 ParOldGen       total 1398272K, used 44412K [0x0000000080000000, 0x00000000d5580000, 0x00000000d5580000)
  object space 1398272K, 3% used [0x0000000080000000,0x0000000082b5f048,0x00000000d5580000)
 Metaspace       used 68721K, committed 70016K, reserved 1114112K
  class space    used 7325K, committed 7872K, reserved 1048576K
}
Event: 741.632 GC heap before
{Heap before GC invocations=54 (full 7):
 PSYoungGen      total 26624K, used 26592K [0x00000000d5580000, 0x00000000d7880000, 0x0000000100000000)
  eden space 24064K, 100% used [0x00000000d5580000,0x00000000d6d00000,0x00000000d6d00000)
  from space 2560K, 98% used [0x00000000d7180000,0x00000000d73f8070,0x00000000d7400000)
  to   space 4608K, 0% used [0x00000000d6d00000,0x00000000d6d00000,0x00000000d7180000)
 ParOldGen       total 1398272K, used 44412K [0x0000000080000000, 0x00000000d5580000, 0x00000000d5580000)
  object space 1398272K, 3% used [0x0000000080000000,0x0000000082b5f048,0x00000000d5580000)
 Metaspace       used 68965K, committed 70208K, reserved 1114112K
  class space    used 7338K, committed 7872K, reserved 1048576K
}
Event: 741.646 GC heap after
{Heap after GC invocations=54 (full 7):
 PSYoungGen      total 28672K, used 4598K [0x00000000d5580000, 0x00000000d7a00000, 0x0000000100000000)
  eden space 24064K, 0% used [0x00000000d5580000,0x00000000d5580000,0x00000000d6d00000)
  from space 4608K, 99% used [0x00000000d6d00000,0x00000000d717db90,0x00000000d7180000)
  to   space 6144K, 0% used [0x00000000d7400000,0x00000000d7400000,0x00000000d7a00000)
 ParOldGen       total 1398272K, used 45257K [0x0000000080000000, 0x00000000d5580000, 0x00000000d5580000)
  object space 1398272K, 3% used [0x0000000080000000,0x0000000082c324f8,0x00000000d5580000)
 Metaspace       used 68965K, committed 70208K, reserved 1114112K
  class space    used 7338K, committed 7872K, reserved 1048576K
}
Event: 754.481 GC heap before
{Heap before GC invocations=55 (full 7):
 PSYoungGen      total 28672K, used 28662K [0x00000000d5580000, 0x00000000d7a00000, 0x0000000100000000)
  eden space 24064K, 100% used [0x00000000d5580000,0x00000000d6d00000,0x00000000d6d00000)
  from space 4608K, 99% used [0x00000000d6d00000,0x00000000d717db90,0x00000000d7180000)
  to   space 6144K, 0% used [0x00000000d7400000,0x00000000d7400000,0x00000000d7a00000)
 ParOldGen       total 1398272K, used 45257K [0x0000000080000000, 0x00000000d5580000, 0x00000000d5580000)
  object space 1398272K, 3% used [0x0000000080000000,0x0000000082c324f8,0x00000000d5580000)
 Metaspace       used 69349K, committed 70528K, reserved 1114112K
  class space    used 7354K, committed 7872K, reserved 1048576K
}
Event: 754.509 GC heap after
{Heap after GC invocations=55 (full 7):
 PSYoungGen      total 28672K, used 3150K [0x00000000d5580000, 0x00000000d7780000, 0x0000000100000000)
  eden space 25088K, 0% used [0x00000000d5580000,0x00000000d5580000,0x00000000d6e00000)
  from space 3584K, 87% used [0x00000000d7400000,0x00000000d7713b30,0x00000000d7780000)
  to   space 4096K, 0% used [0x00000000d6f80000,0x00000000d6f80000,0x00000000d7380000)
 ParOldGen       total 1398272K, used 47702K [0x0000000080000000, 0x00000000d5580000, 0x00000000d5580000)
  object space 1398272K, 3% used [0x0000000080000000,0x0000000082e95948,0x00000000d5580000)
 Metaspace       used 69349K, committed 70528K, reserved 1114112K
  class space    used 7354K, committed 7872K, reserved 1048576K
}
Event: 757.531 GC heap before
{Heap before GC invocations=56 (full 7):
 PSYoungGen      total 28672K, used 28238K [0x00000000d5580000, 0x00000000d7780000, 0x0000000100000000)
  eden space 25088K, 100% used [0x00000000d5580000,0x00000000d6e00000,0x00000000d6e00000)
  from space 3584K, 87% used [0x00000000d7400000,0x00000000d7713b30,0x00000000d7780000)
  to   space 4096K, 0% used [0x00000000d6f80000,0x00000000d6f80000,0x00000000d7380000)
 ParOldGen       total 1398272K, used 47702K [0x0000000080000000, 0x00000000d5580000, 0x00000000d5580000)
  object space 1398272K, 3% used [0x0000000080000000,0x0000000082e95948,0x00000000d5580000)
 Metaspace       used 71384K, committed 72768K, reserved 1114112K
  class space    used 7581K, committed 8128K, reserved 1048576K
}
Event: 757.543 GC heap after
{Heap after GC invocations=56 (full 7):
 PSYoungGen      total 28160K, used 1620K [0x00000000d5580000, 0x00000000d7480000, 0x0000000100000000)
  eden space 26112K, 0% used [0x00000000d5580000,0x00000000d5580000,0x00000000d6f00000)
  from space 2048K, 79% used [0x00000000d6f80000,0x00000000d7115090,0x00000000d7180000)
  to   space 2560K, 0% used [0x00000000d7200000,0x00000000d7200000,0x00000000d7480000)
 ParOldGen       total 1398272K, used 47710K [0x0000000080000000, 0x00000000d5580000, 0x00000000d5580000)
  object space 1398272K, 3% used [0x0000000080000000,0x0000000082e97948,0x00000000d5580000)
 Metaspace       used 71384K, committed 72768K, reserved 1114112K
  class space    used 7581K, committed 8128K, reserved 1048576K
}
Event: 759.373 GC heap before
{Heap before GC invocations=57 (full 7):
 PSYoungGen      total 28160K, used 26638K [0x00000000d5580000, 0x00000000d7480000, 0x0000000100000000)
  eden space 26112K, 95% used [0x00000000d5580000,0x00000000d6deeac8,0x00000000d6f00000)
  from space 2048K, 79% used [0x00000000d6f80000,0x00000000d7115090,0x00000000d7180000)
  to   space 2560K, 0% used [0x00000000d7200000,0x00000000d7200000,0x00000000d7480000)
 ParOldGen       total 1398272K, used 47710K [0x0000000080000000, 0x00000000d5580000, 0x00000000d5580000)
  object space 1398272K, 3% used [0x0000000080000000,0x0000000082e97948,0x00000000d5580000)
 Metaspace       used 72892K, committed 74304K, reserved 1179648K
  class space    used 7800K, committed 8384K, reserved 1048576K
}
Event: 759.384 GC heap after
{Heap after GC invocations=57 (full 7):
 PSYoungGen      total 28672K, used 2553K [0x00000000d5580000, 0x00000000d7580000, 0x0000000100000000)
  eden space 26112K, 0% used [0x00000000d5580000,0x00000000d5580000,0x00000000d6f00000)
  from space 2560K, 99% used [0x00000000d7200000,0x00000000d747e680,0x00000000d7480000)
  to   space 3072K, 0% used [0x00000000d6f00000,0x00000000d6f00000,0x00000000d7200000)
 ParOldGen       total 1398272K, used 47749K [0x0000000080000000, 0x00000000d5580000, 0x00000000d5580000)
  object space 1398272K, 3% used [0x0000000080000000,0x0000000082ea15c0,0x00000000d5580000)
 Metaspace       used 72892K, committed 74304K, reserved 1179648K
  class space    used 7800K, committed 8384K, reserved 1048576K
}

