# JRE version: OpenJDK Runtime Environment Temurin-21.0.12.1+1 (21.0.12.1+1) (build 21.0.12.1+1-LTS)
# Java VM: OpenJDK 64-Bit Server VM Temurin-21.0.12.1+1 (21.0.12.1+1-LTS, mixed mode, sharing, tiered, compressed oops, compressed class ptrs, parallel gc, windows-amd64)
GC Precious Log:
 CardTable entry size: 512
 CPUs: 4 total, 4 available
 Memory: 3522M
 Large Page Support: Disabled
 NUMA Support: Disabled
 Compressed Oops: Enabled (32-bit)
 Alignments: Space 512K, Generation 512K, Heap 2M
 Heap Min Capacity: 100M
 Heap Initial Capacity: 100M
 Heap Max Capacity: 2G
 Pre-touch: Disabled
 Parallel Workers: 4
Heap:
 PSYoungGen      total 19968K, used 1622K [0x00000000d5580000, 0x00000000d6b00000, 0x0000000100000000)
  eden space 18944K, 3% used [0x00000000d5580000,0x00000000d56183a8,0x00000000d6800000)
  from space 1024K, 98% used [0x00000000d6900000,0x00000000d69fd458,0x00000000d6a00000)
  to   space 1024K, 0% used [0x00000000d6a00000,0x00000000d6a00000,0x00000000d6b00000)
 ParOldGen       total 68608K, used 61557K [0x0000000080000000, 0x0000000084300000, 0x00000000d5580000)
  object space 68608K, 89% used [0x0000000080000000,0x0000000083c1d7c8,0x0000000084300000)
 Metaspace       used 72891K, committed 74496K, reserved 1179648K
  class space    used 7758K, committed 8448K, reserved 1048576K
GC Heap History (20 events):
Event: 706.281 GC heap before
{Heap before GC invocations=44 (full 3):
 PSYoungGen      total 24576K, used 24334K [0x00000000d5580000, 0x00000000d7480000, 0x0000000100000000)
  eden space 18944K, 100% used [0x00000000d5580000,0x00000000d6800000,0x00000000d6800000)
  from space 5632K, 95% used [0x00000000d6f00000,0x00000000d74439d8,0x00000000d7480000)
  to   space 6144K, 0% used [0x00000000d6880000,0x00000000d6880000,0x00000000d6e80000)
 ParOldGen       total 68608K, used 53974K [0x0000000080000000, 0x0000000084300000, 0x00000000d5580000)
  object space 68608K, 78% used [0x0000000080000000,0x00000000834b59f0,0x0000000084300000)
 Metaspace       used 68016K, committed 69504K, reserved 1114112K
  class space    used 7204K, committed 7808K, reserved 1048576K
}
Event: 706.286 GC heap after
{Heap after GC invocations=44 (full 3):
 PSYoungGen      total 22016K, used 2766K [0x00000000d5580000, 0x00000000d7000000, 0x0000000100000000)
  eden space 18944K, 0% used [0x00000000d5580000,0x00000000d5580000,0x00000000d6800000)
  from space 3072K, 90% used [0x00000000d6880000,0x00000000d6b33b50,0x00000000d6b80000)
  to   space 4096K, 0% used [0x00000000d6c00000,0x00000000d6c00000,0x00000000d7000000)
 ParOldGen       total 68608K, used 54102K [0x0000000080000000, 0x0000000084300000, 0x00000000d5580000)
  object space 68608K, 78% used [0x0000000080000000,0x00000000834d59f0,0x0000000084300000)
 Metaspace       used 68016K, committed 69504K, reserved 1114112K
  class space    used 7204K, committed 7808K, reserved 1048576K
}
Event: 711.571 GC heap before
{Heap before GC invocations=45 (full 3):
 PSYoungGen      total 22016K, used 21710K [0x00000000d5580000, 0x00000000d7000000, 0x0000000100000000)
  eden space 18944K, 100% used [0x00000000d5580000,0x00000000d6800000,0x00000000d6800000)
  from space 3072K, 90% used [0x00000000d6880000,0x00000000d6b33b50,0x00000000d6b80000)
  to   space 4096K, 0% used [0x00000000d6c00000,0x00000000d6c00000,0x00000000d7000000)
 ParOldGen       total 68608K, used 54102K [0x0000000080000000, 0x0000000084300000, 0x00000000d5580000)
  object space 68608K, 78% used [0x0000000080000000,0x00000000834d59f0,0x0000000084300000)
 Metaspace       used 68545K, committed 70016K, reserved 1114112K
  class space    used 7254K, committed 7872K, reserved 1048576K
}
Event: 711.575 GC heap after
{Heap after GC invocations=45 (full 3):
 PSYoungGen      total 19968K, used 528K [0x00000000d5580000, 0x00000000d6d00000, 0x0000000100000000)
  eden space 18944K, 0% used [0x00000000d5580000,0x00000000d5580000,0x00000000d6800000)
  from space 1024K, 51% used [0x00000000d6c00000,0x00000000d6c84030,0x00000000d6d00000)
  to   space 1536K, 0% used [0x00000000d6a00000,0x00000000d6a00000,0x00000000d6b80000)
 ParOldGen       total 68608K, used 54238K [0x0000000080000000, 0x0000000084300000, 0x00000000d5580000)
  object space 68608K, 79% used [0x0000000080000000,0x00000000834f7a10,0x0000000084300000)
 Metaspace       used 68545K, committed 70016K, reserved 1114112K
  class space    used 7254K, committed 7872K, reserved 1048576K
}
Event: 713.504 GC heap before
{Heap before GC invocations=46 (full 3):
 PSYoungGen      total 19968K, used 19463K [0x00000000d5580000, 0x00000000d6d00000, 0x0000000100000000)
  eden space 18944K, 99% used [0x00000000d5580000,0x00000000d67fdc48,0x00000000d6800000)
  from space 1024K, 51% used [0x00000000d6c00000,0x00000000d6c84030,0x00000000d6d00000)
  to   space 1536K, 0% used [0x00000000d6a00000,0x00000000d6a00000,0x00000000d6b80000)
 ParOldGen       total 68608K, used 54238K [0x0000000080000000, 0x0000000084300000, 0x00000000d5580000)
  object space 68608K, 79% used [0x0000000080000000,0x00000000834f7a10,0x0000000084300000)
 Metaspace       used 68901K, committed 70336K, reserved 1114112K
  class space    used 7266K, committed 7872K, reserved 1048576K
}
Event: 713.510 GC heap after
{Heap after GC invocations=46 (full 3):
 PSYoungGen      total 20480K, used 1444K [0x00000000d5580000, 0x00000000d6c80000, 0x0000000100000000)
  eden space 18944K, 0% used [0x00000000d5580000,0x00000000d5580000,0x00000000d6800000)
  from space 1536K, 94% used [0x00000000d6a00000,0x00000000d6b69388,0x00000000d6b80000)
  to   space 1024K, 0% used [0x00000000d6b80000,0x00000000d6b80000,0x00000000d6c80000)
 ParOldGen       total 68608K, used 54406K [0x0000000080000000, 0x0000000084300000, 0x00000000d5580000)
  object space 68608K, 79% used [0x0000000080000000,0x0000000083521a30,0x0000000084300000)
 Metaspace       used 68901K, committed 70336K, reserved 1114112K
  class space    used 7266K, committed 7872K, reserved 1048576K
}
Event: 713.766 GC heap before
{Heap before GC invocations=47 (full 3):
 PSYoungGen      total 20480K, used 20388K [0x00000000d5580000, 0x00000000d6c80000, 0x0000000100000000)
  eden space 18944K, 100% used [0x00000000d5580000,0x00000000d6800000,0x00000000d6800000)
  from space 1536K, 94% used [0x00000000d6a00000,0x00000000d6b69388,0x00000000d6b80000)
  to   space 1024K, 0% used [0x00000000d6b80000,0x00000000d6b80000,0x00000000d6c80000)
 ParOldGen       total 68608K, used 54406K [0x0000000080000000, 0x0000000084300000, 0x00000000d5580000)
  object space 68608K, 79% used [0x0000000080000000,0x0000000083521a30,0x0000000084300000)
 Metaspace       used 69290K, committed 70720K, reserved 1114112K
  class space    used 7320K, committed 7872K, reserved 1048576K
}
Event: 713.772 GC heap after
{Heap after GC invocations=47 (full 3):
 PSYoungGen      total 19968K, used 621K [0x00000000d5580000, 0x00000000d6c80000, 0x0000000100000000)
  eden space 18944K, 0% used [0x00000000d5580000,0x00000000d5580000,0x00000000d6800000)
  from space 1024K, 60% used [0x00000000d6b80000,0x00000000d6c1b6f0,0x00000000d6c80000)
  to   space 1024K, 0% used [0x00000000d6a80000,0x00000000d6a80000,0x00000000d6b80000)
 ParOldGen       total 68608K, used 57335K [0x0000000080000000, 0x0000000084300000, 0x00000000d5580000)
  object space 68608K, 83% used [0x0000000080000000,0x00000000837fdf70,0x0000000084300000)
 Metaspace       used 69290K, committed 70720K, reserved 1114112K
  class space    used 7320K, committed 7872K, reserved 1048576K
}
Event: 714.018 GC heap before
{Heap before GC invocations=48 (full 3):
 PSYoungGen      total 19968K, used 19340K [0x00000000d5580000, 0x00000000d6c80000, 0x0000000100000000)
  eden space 18944K, 98% used [0x00000000d5580000,0x00000000d67c7990,0x00000000d6800000)
  from space 1024K, 60% used [0x00000000d6b80000,0x00000000d6c1b6f0,0x00000000d6c80000)
  to   space 1024K, 0% used [0x00000000d6a80000,0x00000000d6a80000,0x00000000d6b80000)
 ParOldGen       total 68608K, used 57335K [0x0000000080000000, 0x0000000084300000, 0x00000000d5580000)
  object space 68608K, 83% used [0x0000000080000000,0x00000000837fdf70,0x0000000084300000)
 Metaspace       used 69470K, committed 70912K, reserved 1114112K
  class space    used 7351K, committed 7936K, reserved 1048576K
}
Event: 714.023 GC heap after
{Heap after GC invocations=48 (full 3):
 PSYoungGen      total 19968K, used 928K [0x00000000d5580000, 0x00000000d6c00000, 0x0000000100000000)
  eden space 18944K, 0% used [0x00000000d5580000,0x00000000d5580000,0x00000000d6800000)
  from space 1024K, 90% used [0x00000000d6a80000,0x00000000d6b680b0,0x00000000d6b80000)
  to   space 512K, 0% used [0x00000000d6b80000,0x00000000d6b80000,0x00000000d6c00000)
 ParOldGen       total 68608K, used 58420K [0x0000000080000000, 0x0000000084300000, 0x00000000d5580000)
  object space 68608K, 85% used [0x0000000080000000,0x000000008390d008,0x0000000084300000)
 Metaspace       used 69470K, committed 70912K, reserved 1114112K
  class space    used 7351K, committed 7936K, reserved 1048576K
}
Event: 714.476 GC heap before
{Heap before GC invocations=49 (full 3):
 PSYoungGen      total 19968K, used 19872K [0x00000000d5580000, 0x00000000d6c00000, 0x0000000100000000)
  eden space 18944K, 100% used [0x00000000d5580000,0x00000000d6800000,0x00000000d6800000)
  from space 1024K, 90% used [0x00000000d6a80000,0x00000000d6b680b0,0x00000000d6b80000)
  to   space 512K, 0% used [0x00000000d6b80000,0x00000000d6b80000,0x00000000d6c00000)
 ParOldGen       total 68608K, used 58420K [0x0000000080000000, 0x0000000084300000, 0x00000000d5580000)
  object space 68608K, 85% used [0x0000000080000000,0x000000008390d008,0x0000000084300000)
 Metaspace       used 69569K, committed 71040K, reserved 1114112K
  class space    used 7352K, committed 7936K, reserved 1048576K
}
Event: 714.482 GC heap after
{Heap after GC invocations=49 (full 3):
 PSYoungGen      total 19456K, used 480K [0x00000000d5580000, 0x00000000d6c00000, 0x0000000100000000)
  eden space 18944K, 0% used [0x00000000d5580000,0x00000000d5580000,0x00000000d6800000)
  from space 512K, 93% used [0x00000000d6b80000,0x00000000d6bf8010,0x00000000d6c00000)
  to   space 2048K, 0% used [0x00000000d6800000,0x00000000d6800000,0x00000000d6a00000)
 ParOldGen       total 68608K, used 59485K [0x0000000080000000, 0x0000000084300000, 0x00000000d5580000)
  object space 68608K, 86% used [0x0000000080000000,0x0000000083a17408,0x0000000084300000)
 Metaspace       used 69569K, committed 71040K, reserved 1114112K
  class space    used 7352K, committed 7936K, reserved 1048576K
}
Event: 715.323 GC heap before
{Heap before GC invocations=50 (full 3):
 PSYoungGen      total 19456K, used 19424K [0x00000000d5580000, 0x00000000d6c00000, 0x0000000100000000)
  eden space 18944K, 100% used [0x00000000d5580000,0x00000000d6800000,0x00000000d6800000)
  from space 512K, 93% used [0x00000000d6b80000,0x00000000d6bf8010,0x00000000d6c00000)
  to   space 2048K, 0% used [0x00000000d6800000,0x00000000d6800000,0x00000000d6a00000)
 ParOldGen       total 68608K, used 59485K [0x0000000080000000, 0x0000000084300000, 0x00000000d5580000)
  object space 68608K, 86% used [0x0000000080000000,0x0000000083a17408,0x0000000084300000)
 Metaspace       used 69642K, committed 71168K, reserved 1114112K
  class space    used 7358K, committed 8000K, reserved 1048576K
}
Event: 715.330 GC heap after
{Heap after GC invocations=50 (full 3):
 PSYoungGen      total 20992K, used 968K [0x00000000d5580000, 0x00000000d6c00000, 0x0000000100000000)
  eden space 18944K, 0% used [0x00000000d5580000,0x00000000d5580000,0x00000000d6800000)
  from space 2048K, 47% used [0x00000000d6800000,0x00000000d68f23c8,0x00000000d6a00000)
  to   space 1536K, 0% used [0x00000000d6a80000,0x00000000d6a80000,0x00000000d6c00000)
 ParOldGen       total 68608K, used 59965K [0x0000000080000000, 0x0000000084300000, 0x00000000d5580000)
  object space 68608K, 87% used [0x0000000080000000,0x0000000083a8f5c8,0x0000000084300000)
 Metaspace       used 69642K, committed 71168K, reserved 1114112K
  class space    used 7358K, committed 8000K, reserved 1048576K
}
Event: 717.533 GC heap before
{Heap before GC invocations=51 (full 3):
 PSYoungGen      total 20992K, used 19911K [0x00000000d5580000, 0x00000000d6c00000, 0x0000000100000000)
  eden space 18944K, 99% used [0x00000000d5580000,0x00000000d67ff898,0x00000000d6800000)
  from space 2048K, 47% used [0x00000000d6800000,0x00000000d68f23c8,0x00000000d6a00000)
  to   space 1536K, 0% used [0x00000000d6a80000,0x00000000d6a80000,0x00000000d6c00000)
 ParOldGen       total 68608K, used 59965K [0x0000000080000000, 0x0000000084300000, 0x00000000d5580000)
  object space 68608K, 87% used [0x0000000080000000,0x0000000083a8f5c8,0x0000000084300000)
 Metaspace       used 69656K, committed 71168K, reserved 1114112K
  class space    used 7358K, committed 8000K, reserved 1048576K
}
Event: 717.537 GC heap after
{Heap after GC invocations=51 (full 3):
 PSYoungGen      total 19968K, used 529K [0x00000000d5580000, 0x00000000d6b80000, 0x0000000100000000)
  eden space 18944K, 0% used [0x00000000d5580000,0x00000000d5580000,0x00000000d6800000)
  from space 1024K, 51% used [0x00000000d6a80000,0x00000000d6b04410,0x00000000d6b80000)
  to   space 1024K, 0% used [0x00000000d6980000,0x00000000d6980000,0x00000000d6a80000)
 ParOldGen       total 68608K, used 60355K [0x0000000080000000, 0x0000000084300000, 0x00000000d5580000)
  object space 68608K, 87% used [0x0000000080000000,0x0000000083af0e10,0x0000000084300000)
 Metaspace       used 69656K, committed 71168K, reserved 1114112K
  class space    used 7358K, committed 8000K, reserved 1048576K
}
Event: 723.096 GC heap before
{Heap before GC invocations=52 (full 3):
 PSYoungGen      total 19968K, used 19473K [0x00000000d5580000, 0x00000000d6b80000, 0x0000000100000000)
  eden space 18944K, 100% used [0x00000000d5580000,0x00000000d6800000,0x00000000d6800000)
  from space 1024K, 51% used [0x00000000d6a80000,0x00000000d6b04410,0x00000000d6b80000)
  to   space 1024K, 0% used [0x00000000d6980000,0x00000000d6980000,0x00000000d6a80000)
 ParOldGen       total 68608K, used 60355K [0x0000000080000000, 0x0000000084300000, 0x00000000d5580000)
  object space 68608K, 87% used [0x0000000080000000,0x0000000083af0e10,0x0000000084300000)
 Metaspace       used 72256K, committed 73856K, reserved 1179648K
  class space    used 7698K, committed 8384K, reserved 1048576K
}
Event: 723.104 GC heap after
{Heap after GC invocations=52 (full 3):
 PSYoungGen      total 19968K, used 894K [0x00000000d5580000, 0x00000000d6b00000, 0x0000000100000000)
  eden space 18944K, 0% used [0x00000000d5580000,0x00000000d5580000,0x00000000d6800000)
  from space 1024K, 87% used [0x00000000d6980000,0x00000000d6a5f858,0x00000000d6a80000)
  to   space 512K, 0% used [0x00000000d6a80000,0x00000000d6a80000,0x00000000d6b00000)
 ParOldGen       total 68608K, used 60469K [0x0000000080000000, 0x0000000084300000, 0x00000000d5580000)
  object space 68608K, 88% used [0x0000000080000000,0x0000000083b0d630,0x0000000084300000)
 Metaspace       used 72256K, committed 73856K, reserved 1179648K
  class space    used 7698K, committed 8384K, reserved 1048576K
}
Event: 726.956 GC heap before
{Heap before GC invocations=53 (full 3):
 PSYoungGen      total 19968K, used 19838K [0x00000000d5580000, 0x00000000d6b00000, 0x0000000100000000)
  eden space 18944K, 100% used [0x00000000d5580000,0x00000000d6800000,0x00000000d6800000)
  from space 1024K, 87% used [0x00000000d6980000,0x00000000d6a5f858,0x00000000d6a80000)
  to   space 512K, 0% used [0x00000000d6a80000,0x00000000d6a80000,0x00000000d6b00000)
 ParOldGen       total 68608K, used 60469K [0x0000000080000000, 0x0000000084300000, 0x00000000d5580000)
  object space 68608K, 88% used [0x0000000080000000,0x0000000083b0d630,0x0000000084300000)
 Metaspace       used 72747K, committed 74432K, reserved 1179648K
  class space    used 7751K, committed 8448K, reserved 1048576K
}
Event: 726.960 GC heap after
{Heap after GC invocations=53 (full 3):
 PSYoungGen      total 19456K, used 304K [0x00000000d5580000, 0x00000000d6b00000, 0x0000000100000000)
  eden space 18944K, 0% used [0x00000000d5580000,0x00000000d5580000,0x00000000d6800000)
  from space 512K, 59% used [0x00000000d6a80000,0x00000000d6acc010,0x00000000d6b00000)
  to   space 1024K, 0% used [0x00000000d6900000,0x00000000d6900000,0x00000000d6a00000)
 ParOldGen       total 68608K, used 61221K [0x0000000080000000, 0x0000000084300000, 0x00000000d5580000)
  object space 68608K, 89% used [0x0000000080000000,0x0000000083bc97c8,0x0000000084300000)
 Metaspace       used 72747K, committed 74432K, reserved 1179648K
  class space    used 7751K, committed 8448K, reserved 1048576K
}

