# JRE version: OpenJDK Runtime Environment Temurin-21.0.12.1+1 (21.0.12.1+1) (build 21.0.12.1+1-LTS)
# Java VM: OpenJDK 64-Bit Server VM Temurin-21.0.12.1+1 (21.0.12.1+1-LTS, mixed mode, sharing, tiered, compressed oops, compressed class ptrs, parallel gc, windows-amd64)
GC Precious Log:
 CardTable entry size: 512
 CPUs: 4 total, 4 available
 Memory: 3522M
 Large Page Support: Disabled
 NUMA Support: Disabled
 Compressed Oops: Enabled (32-bit)
 Alignments: Space 512K, Generation 512K, Heap 2M
 Heap Min Capacity: 100M
 Heap Initial Capacity: 100M
 Heap Max Capacity: 2G
 Pre-touch: Disabled
 Parallel Workers: 4
Heap:
 PSYoungGen      total 20480K, used 11957K [0x00000000d5580000, 0x00000000d6b80000, 0x0000000100000000)
  eden space 19968K, 59% used [0x00000000d5580000,0x00000000d612d410,0x00000000d6900000)
  from space 512K, 0% used [0x00000000d6980000,0x00000000d6980000,0x00000000d6a00000)
  to   space 512K, 0% used [0x00000000d6900000,0x00000000d6900000,0x00000000d6980000)
 ParOldGen       total 91648K, used 42991K [0x0000000080000000, 0x0000000085980000, 0x00000000d5580000)
  object space 91648K, 46% used [0x0000000080000000,0x00000000829fbf28,0x0000000085980000)
 Metaspace       used 71401K, committed 72832K, reserved 1114112K
  class space    used 7451K, committed 8128K, reserved 1048576K
GC Heap History (20 events):
Event: 296.947 GC heap before
{Heap before GC invocations=58 (full 3):
 PSYoungGen      total 15872K, used 15744K [0x00000000d5580000, 0x00000000d6880000, 0x0000000100000000)
  eden space 15360K, 100% used [0x00000000d5580000,0x00000000d6480000,0x00000000d6480000)
  from space 512K, 75% used [0x00000000d6800000,0x00000000d6860000,0x00000000d6880000)
  to   space 512K, 0% used [0x00000000d6780000,0x00000000d6780000,0x00000000d6800000)
 ParOldGen       total 68608K, used 55484K [0x0000000080000000, 0x0000000084300000, 0x00000000d5580000)
  object space 68608K, 80% used [0x0000000080000000,0x000000008362f180,0x0000000084300000)
 Metaspace       used 70478K, committed 71936K, reserved 1114112K
  class space    used 7384K, committed 8064K, reserved 1048576K
}
Event: 296.955 GC heap after
{Heap after GC invocations=58 (full 3):
 PSYoungGen      total 15872K, used 512K [0x00000000d5580000, 0x00000000d6d80000, 0x0000000100000000)
  eden space 15360K, 0% used [0x00000000d5580000,0x00000000d5580000,0x00000000d6480000)
  from space 512K, 100% used [0x00000000d6780000,0x00000000d6800000,0x00000000d6800000)
  to   space 4608K, 0% used [0x00000000d6900000,0x00000000d6900000,0x00000000d6d80000)
 ParOldGen       total 68608K, used 58731K [0x0000000080000000, 0x0000000084300000, 0x00000000d5580000)
  object space 68608K, 85% used [0x0000000080000000,0x000000008395acb0,0x0000000084300000)
 Metaspace       used 70478K, committed 71936K, reserved 1114112K
  class space    used 7384K, committed 8064K, reserved 1048576K
}
Event: 301.936 GC heap before
{Heap before GC invocations=59 (full 3):
 PSYoungGen      total 15872K, used 15871K [0x00000000d5580000, 0x00000000d6d80000, 0x0000000100000000)
  eden space 15360K, 99% used [0x00000000d5580000,0x00000000d647fff0,0x00000000d6480000)
  from space 512K, 100% used [0x00000000d6780000,0x00000000d6800000,0x00000000d6800000)
  to   space 4608K, 0% used [0x00000000d6900000,0x00000000d6900000,0x00000000d6d80000)
 ParOldGen       total 68608K, used 58731K [0x0000000080000000, 0x0000000084300000, 0x00000000d5580000)
  object space 68608K, 85% used [0x0000000080000000,0x000000008395acb0,0x0000000084300000)
 Metaspace       used 70589K, committed 72064K, reserved 1114112K
  class space    used 7393K, committed 8064K, reserved 1048576K
}
Event: 301.940 GC heap after
{Heap after GC invocations=59 (full 3):
 PSYoungGen      total 16384K, used 816K [0x00000000d5580000, 0x00000000d6a00000, 0x0000000100000000)
  eden space 15360K, 0% used [0x00000000d5580000,0x00000000d5580000,0x00000000d6480000)
  from space 1024K, 79% used [0x00000000d6900000,0x00000000d69cc1f0,0x00000000d6a00000)
  to   space 2048K, 0% used [0x00000000d6600000,0x00000000d6600000,0x00000000d6800000)
 ParOldGen       total 68608K, used 59224K [0x0000000080000000, 0x0000000084300000, 0x00000000d5580000)
  object space 68608K, 86% used [0x0000000080000000,0x00000000839d6130,0x0000000084300000)
 Metaspace       used 70589K, committed 72064K, reserved 1114112K
  class space    used 7393K, committed 8064K, reserved 1048576K
}
Event: 303.416 GC heap before
{Heap before GC invocations=60 (full 3):
 PSYoungGen      total 16384K, used 16172K [0x00000000d5580000, 0x00000000d6a00000, 0x0000000100000000)
  eden space 15360K, 99% used [0x00000000d5580000,0x00000000d647f068,0x00000000d6480000)
  from space 1024K, 79% used [0x00000000d6900000,0x00000000d69cc1f0,0x00000000d6a00000)
  to   space 2048K, 0% used [0x00000000d6600000,0x00000000d6600000,0x00000000d6800000)
 ParOldGen       total 68608K, used 59224K [0x0000000080000000, 0x0000000084300000, 0x00000000d5580000)
  object space 68608K, 86% used [0x0000000080000000,0x00000000839d6130,0x0000000084300000)
 Metaspace       used 70643K, committed 72128K, reserved 1114112K
  class space    used 7395K, committed 8064K, reserved 1048576K
}
Event: 303.426 GC heap after
{Heap after GC invocations=60 (full 3):
 PSYoungGen      total 17408K, used 2031K [0x00000000d5580000, 0x00000000d7080000, 0x0000000100000000)
  eden space 15360K, 0% used [0x00000000d5580000,0x00000000d5580000,0x00000000d6480000)
  from space 2048K, 99% used [0x00000000d6600000,0x00000000d67fbcd0,0x00000000d6800000)
  to   space 6144K, 0% used [0x00000000d6a80000,0x00000000d6a80000,0x00000000d7080000)
 ParOldGen       total 68608K, used 62303K [0x0000000080000000, 0x0000000084300000, 0x00000000d5580000)
  object space 68608K, 90% used [0x0000000080000000,0x0000000083cd7ee8,0x0000000084300000)
 Metaspace       used 70643K, committed 72128K, reserved 1114112K
  class space    used 7395K, committed 8064K, reserved 1048576K
}
Event: 304.785 GC heap before
{Heap before GC invocations=61 (full 3):
 PSYoungGen      total 17408K, used 17391K [0x00000000d5580000, 0x00000000d7080000, 0x0000000100000000)
  eden space 15360K, 100% used [0x00000000d5580000,0x00000000d6480000,0x00000000d6480000)
  from space 2048K, 99% used [0x00000000d6600000,0x00000000d67fbcd0,0x00000000d6800000)
  to   space 6144K, 0% used [0x00000000d6a80000,0x00000000d6a80000,0x00000000d7080000)
 ParOldGen       total 68608K, used 62303K [0x0000000080000000, 0x0000000084300000, 0x00000000d5580000)
  object space 68608K, 90% used [0x0000000080000000,0x0000000083cd7ee8,0x0000000084300000)
 Metaspace       used 70747K, committed 72192K, reserved 1114112K
  class space    used 7395K, committed 8064K, reserved 1048576K
}
Event: 304.788 GC heap after
{Heap after GC invocations=61 (full 3):
 PSYoungGen      total 16896K, used 1136K [0x00000000d5580000, 0x00000000d6c00000, 0x0000000100000000)
  eden space 15360K, 0% used [0x00000000d5580000,0x00000000d5580000,0x00000000d6480000)
  from space 1536K, 73% used [0x00000000d6a80000,0x00000000d6b9c010,0x00000000d6c00000)
  to   space 3072K, 0% used [0x00000000d6600000,0x00000000d6600000,0x00000000d6900000)
 ParOldGen       total 68608K, used 62931K [0x0000000080000000, 0x0000000084300000, 0x00000000d5580000)
  object space 68608K, 91% used [0x0000000080000000,0x0000000083d74e70,0x0000000084300000)
 Metaspace       used 70747K, committed 72192K, reserved 1114112K
  class space    used 7395K, committed 8064K, reserved 1048576K
}
Event: 307.594 GC heap before
{Heap before GC invocations=62 (full 3):
 PSYoungGen      total 16896K, used 16496K [0x00000000d5580000, 0x00000000d6c00000, 0x0000000100000000)
  eden space 15360K, 100% used [0x00000000d5580000,0x00000000d6480000,0x00000000d6480000)
  from space 1536K, 73% used [0x00000000d6a80000,0x00000000d6b9c010,0x00000000d6c00000)
  to   space 3072K, 0% used [0x00000000d6600000,0x00000000d6600000,0x00000000d6900000)
 ParOldGen       total 68608K, used 62931K [0x0000000080000000, 0x0000000084300000, 0x00000000d5580000)
  object space 68608K, 91% used [0x0000000080000000,0x0000000083d74e70,0x0000000084300000)
 Metaspace       used 71049K, committed 72512K, reserved 1114112K
  class space    used 7455K, committed 8128K, reserved 1048576K
}
Event: 307.597 GC heap after
{Heap after GC invocations=62 (full 3):
 PSYoungGen      total 18432K, used 832K [0x00000000d5580000, 0x00000000d6b00000, 0x0000000100000000)
  eden space 15360K, 0% used [0x00000000d5580000,0x00000000d5580000,0x00000000d6480000)
  from space 3072K, 27% used [0x00000000d6600000,0x00000000d66d0020,0x00000000d6900000)
  to   space 1536K, 0% used [0x00000000d6980000,0x00000000d6980000,0x00000000d6b00000)
 ParOldGen       total 68608K, used 63203K [0x0000000080000000, 0x0000000084300000, 0x00000000d5580000)
  object space 68608K, 92% used [0x0000000080000000,0x0000000083db8e70,0x0000000084300000)
 Metaspace       used 71049K, committed 72512K, reserved 1114112K
  class space    used 7455K, committed 8128K, reserved 1048576K
}
Event: 308.149 GC heap before
{Heap before GC invocations=63 (full 3):
 PSYoungGen      total 18432K, used 1428K [0x00000000d5580000, 0x00000000d6b00000, 0x0000000100000000)
  eden space 15360K, 3% used [0x00000000d5580000,0x00000000d5615278,0x00000000d6480000)
  from space 3072K, 27% used [0x00000000d6600000,0x00000000d66d0020,0x00000000d6900000)
  to   space 1536K, 0% used [0x00000000d6980000,0x00000000d6980000,0x00000000d6b00000)
 ParOldGen       total 68608K, used 63203K [0x0000000080000000, 0x0000000084300000, 0x00000000d5580000)
  object space 68608K, 92% used [0x0000000080000000,0x0000000083db8e70,0x0000000084300000)
 Metaspace       used 71054K, committed 72512K, reserved 1114112K
  class space    used 7455K, committed 8128K, reserved 1048576K
}
Event: 308.162 GC heap after
{Heap after GC invocations=63 (full 3):
 PSYoungGen      total 15872K, used 96K [0x00000000d5580000, 0x00000000d6a00000, 0x0000000100000000)
  eden space 15360K, 0% used [0x00000000d5580000,0x00000000d5580000,0x00000000d6480000)
  from space 512K, 18% used [0x00000000d6980000,0x00000000d6998000,0x00000000d6a00000)
  to   space 512K, 0% used [0x00000000d6900000,0x00000000d6900000,0x00000000d6980000)
 ParOldGen       total 68608K, used 63653K [0x0000000080000000, 0x0000000084300000, 0x00000000d5580000)
  object space 68608K, 92% used [0x0000000080000000,0x0000000083e29658,0x0000000084300000)
 Metaspace       used 71054K, committed 72512K, reserved 1114112K
  class space    used 7455K, committed 8128K, reserved 1048576K
}
Event: 308.162 GC heap before
{Heap before GC invocations=64 (full 3):
 PSYoungGen      total 15872K, used 96K [0x00000000d5580000, 0x00000000d6a00000, 0x0000000100000000)
  eden space 15360K, 0% used [0x00000000d5580000,0x00000000d5580000,0x00000000d6480000)
  from space 512K, 18% used [0x00000000d6980000,0x00000000d6998000,0x00000000d6a00000)
  to   space 512K, 0% used [0x00000000d6900000,0x00000000d6900000,0x00000000d6980000)
 ParOldGen       total 68608K, used 63653K [0x0000000080000000, 0x0000000084300000, 0x00000000d5580000)
  object space 68608K, 92% used [0x0000000080000000,0x0000000083e29658,0x0000000084300000)
 Metaspace       used 71054K, committed 72512K, reserved 1114112K
  class space    used 7455K, committed 8128K, reserved 1048576K
}
Event: 308.165 GC heap after
{Heap after GC invocations=64 (full 3):
 PSYoungGen      total 19456K, used 0K [0x00000000d5580000, 0x00000000d6a00000, 0x0000000100000000)
  eden space 18944K, 0% used [0x00000000d5580000,0x00000000d5580000,0x00000000d6800000)
  from space 512K, 0% used [0x00000000d6900000,0x00000000d6900000,0x00000000d6980000)
  to   space 512K, 0% used [0x00000000d6980000,0x00000000d6980000,0x00000000d6a00000)
 ParOldGen       total 68608K, used 63717K [0x0000000080000000, 0x0000000084300000, 0x00000000d5580000)
  object space 68608K, 92% used [0x0000000080000000,0x0000000083e39678,0x0000000084300000)
 Metaspace       used 71054K, committed 72512K, reserved 1114112K
  class space    used 7455K, committed 8128K, reserved 1048576K
}
Event: 308.165 GC heap before
{Heap before GC invocations=65 (full 4):
 PSYoungGen      total 19456K, used 0K [0x00000000d5580000, 0x00000000d6a00000, 0x0000000100000000)
  eden space 18944K, 0% used [0x00000000d5580000,0x00000000d5580000,0x00000000d6800000)
  from space 512K, 0% used [0x00000000d6900000,0x00000000d6900000,0x00000000d6980000)
  to   space 512K, 0% used [0x00000000d6980000,0x00000000d6980000,0x00000000d6a00000)
 ParOldGen       total 68608K, used 63717K [0x0000000080000000, 0x0000000084300000, 0x00000000d5580000)
  object space 68608K, 92% used [0x0000000080000000,0x0000000083e39678,0x0000000084300000)
 Metaspace       used 71054K, committed 72512K, reserved 1114112K
  class space    used 7455K, committed 8128K, reserved 1048576K
}
Event: 309.763 GC heap after
{Heap after GC invocations=65 (full 4):
 PSYoungGen      total 20480K, used 0K [0x00000000d5580000, 0x00000000d6d00000, 0x0000000100000000)
  eden space 19968K, 0% used [0x00000000d5580000,0x00000000d5580000,0x00000000d6900000)
  from space 512K, 0% used [0x00000000d6980000,0x00000000d6980000,0x00000000d6a00000)
  to   space 512K, 0% used [0x00000000d6900000,0x00000000d6900000,0x00000000d6980000)
 ParOldGen       total 75776K, used 47412K [0x0000000080000000, 0x0000000084a00000, 0x00000000d5580000)
  object space 75776K, 62% used [0x0000000080000000,0x0000000082e4d098,0x0000000084a00000)
 Metaspace       used 71052K, committed 72512K, reserved 1114112K
  class space    used 7455K, committed 8128K, reserved 1048576K
}
Event: 309.804 GC heap before
{Heap before GC invocations=66 (full 4):
 PSYoungGen      total 20480K, used 0K [0x00000000d5580000, 0x00000000d6d00000, 0x0000000100000000)
  eden space 19968K, 0% used [0x00000000d5580000,0x00000000d5580000,0x00000000d6900000)
  from space 512K, 0% used [0x00000000d6980000,0x00000000d6980000,0x00000000d6a00000)
  to   space 512K, 0% used [0x00000000d6900000,0x00000000d6900000,0x00000000d6980000)
 ParOldGen       total 75776K, used 47412K [0x0000000080000000, 0x0000000084a00000, 0x00000000d5580000)
  object space 75776K, 62% used [0x0000000080000000,0x0000000082e4d098,0x0000000084a00000)
 Metaspace       used 71052K, committed 72512K, reserved 1114112K
  class space    used 7455K, committed 8128K, reserved 1048576K
}
Event: 309.806 GC heap after
{Heap after GC invocations=66 (full 4):
 PSYoungGen      total 20480K, used 0K [0x00000000d5580000, 0x00000000d6a00000, 0x0000000100000000)
  eden space 19968K, 0% used [0x00000000d5580000,0x00000000d5580000,0x00000000d6900000)
  from space 512K, 0% used [0x00000000d6900000,0x00000000d6900000,0x00000000d6980000)
  to   space 512K, 0% used [0x00000000d6980000,0x00000000d6980000,0x00000000d6a00000)
 ParOldGen       total 75776K, used 47412K [0x0000000080000000, 0x0000000084a00000, 0x00000000d5580000)
  object space 75776K, 62% used [0x0000000080000000,0x0000000082e4d098,0x0000000084a00000)
 Metaspace       used 71052K, committed 72512K, reserved 1114112K
  class space    used 7455K, committed 8128K, reserved 1048576K
}
Event: 309.806 GC heap before
{Heap before GC invocations=67 (full 5):
 PSYoungGen      total 20480K, used 0K [0x00000000d5580000, 0x00000000d6a00000, 0x0000000100000000)
  eden space 19968K, 0% used [0x00000000d5580000,0x00000000d5580000,0x00000000d6900000)
  from space 512K, 0% used [0x00000000d6900000,0x00000000d6900000,0x00000000d6980000)
  to   space 512K, 0% used [0x00000000d6980000,0x00000000d6980000,0x00000000d6a00000)
 ParOldGen       total 75776K, used 47412K [0x0000000080000000, 0x0000000084a00000, 0x00000000d5580000)
  object space 75776K, 62% used [0x0000000080000000,0x0000000082e4d098,0x0000000084a00000)
 Metaspace       used 71052K, committed 72512K, reserved 1114112K
  class space    used 7455K, committed 8128K, reserved 1048576K
}
Event: 310.115 GC heap after
{Heap after GC invocations=67 (full 5):
 PSYoungGen      total 20480K, used 0K [0x00000000d5580000, 0x00000000d6b80000, 0x0000000100000000)
  eden space 19968K, 0% used [0x00000000d5580000,0x00000000d5580000,0x00000000d6900000)
  from space 512K, 0% used [0x00000000d6980000,0x00000000d6980000,0x00000000d6a00000)
  to   space 512K, 0% used [0x00000000d6900000,0x00000000d6900000,0x00000000d6980000)
 ParOldGen       total 91648K, used 42991K [0x0000000080000000, 0x0000000085980000, 0x00000000d5580000)
  object space 91648K, 46% used [0x0000000080000000,0x00000000829fbf28,0x0000000085980000)
 Metaspace       used 70756K, committed 72512K, reserved 1114112K
  class space    used 7375K, committed 8128K, reserved 1048576K
}

