# JRE version: OpenJDK Runtime Environment Temurin-21.0.12.1+1 (21.0.12.1+1) (build 21.0.12.1+1-LTS)
# Java VM: OpenJDK 64-Bit Server VM Temurin-21.0.12.1+1 (21.0.12.1+1-LTS, mixed mode, sharing, tiered, compressed oops, compressed class ptrs, parallel gc, windows-amd64)
GC Precious Log:
 CardTable entry size: 512
 CPUs: 4 total, 4 available
 Memory: 3522M
 Large Page Support: Disabled
 NUMA Support: Disabled
 Compressed Oops: Enabled (32-bit)
 Alignments: Space 512K, Generation 512K, Heap 2M
 Heap Min Capacity: 100M
 Heap Initial Capacity: 100M
 Heap Max Capacity: 2G
 Pre-touch: Disabled
 Parallel Workers: 4
Heap:
 PSYoungGen      total 5120K, used 3892K [0x00000000d5580000, 0x00000000d5c00000, 0x0000000100000000)
  eden space 4608K, 80% used [0x00000000d5580000,0x00000000d591d280,0x00000000d5a00000)
  from space 512K, 37% used [0x00000000d5b80000,0x00000000d5bb0020,0x00000000d5c00000)
  to   space 512K, 0% used [0x00000000d5b00000,0x00000000d5b00000,0x00000000d5b80000)
 ParOldGen       total 701440K, used 97183K [0x0000000080000000, 0x00000000aad00000, 0x00000000d5580000)
  object space 701440K, 13% used [0x0000000080000000,0x0000000085ee7dc0,0x00000000aad00000)
 Metaspace       used 91827K, committed 93760K, reserved 1179648K
  class space    used 9453K, committed 10368K, reserved 1048576K
GC Heap History (20 events):
Event: 2649.725 GC heap before
{Heap before GC invocations=1678 (full 5):
 PSYoungGen      total 5120K, used 5120K [0x00000000d5580000, 0x00000000d5c00000, 0x0000000100000000)
  eden space 4608K, 100% used [0x00000000d5580000,0x00000000d5a00000,0x00000000d5a00000)
  from space 512K, 100% used [0x00000000d5b80000,0x00000000d5c00000,0x00000000d5c00000)
  to   space 1024K, 0% used [0x00000000d5a00000,0x00000000d5a00000,0x00000000d5b00000)
 ParOldGen       total 701440K, used 96295K [0x0000000080000000, 0x00000000aad00000, 0x00000000d5580000)
  object space 701440K, 13% used [0x0000000080000000,0x0000000085e09d60,0x00000000aad00000)
 Metaspace       used 91771K, committed 93760K, reserved 1179648K
  class space    used 9453K, committed 10368K, reserved 1048576K
}
Event: 2649.730 GC heap after
{Heap after GC invocations=1678 (full 5):
 PSYoungGen      total 5632K, used 384K [0x00000000d5580000, 0x00000000d5c00000, 0x0000000100000000)
  eden space 4608K, 0% used [0x00000000d5580000,0x00000000d5580000,0x00000000d5a00000)
  from space 1024K, 37% used [0x00000000d5a00000,0x00000000d5a60000,0x00000000d5b00000)
  to   space 512K, 0% used [0x00000000d5b80000,0x00000000d5b80000,0x00000000d5c00000)
 ParOldGen       total 701440K, used 96487K [0x0000000080000000, 0x00000000aad00000, 0x00000000d5580000)
  object space 701440K, 13% used [0x0000000080000000,0x0000000085e39d60,0x00000000aad00000)
 Metaspace       used 91771K, committed 93760K, reserved 1179648K
  class space    used 9453K, committed 10368K, reserved 1048576K
}
Event: 2651.797 GC heap before
{Heap before GC invocations=1679 (full 5):
 PSYoungGen      total 5632K, used 4991K [0x00000000d5580000, 0x00000000d5c00000, 0x0000000100000000)
  eden space 4608K, 99% used [0x00000000d5580000,0x00000000d59ffc70,0x00000000d5a00000)
  from space 1024K, 37% used [0x00000000d5a00000,0x00000000d5a60000,0x00000000d5b00000)
  to   space 512K, 0% used [0x00000000d5b80000,0x00000000d5b80000,0x00000000d5c00000)
 ParOldGen       total 701440K, used 96487K [0x0000000080000000, 0x00000000aad00000, 0x00000000d5580000)
  object space 701440K, 13% used [0x0000000080000000,0x0000000085e39d60,0x00000000aad00000)
 Metaspace       used 91774K, committed 93760K, reserved 1179648K
  class space    used 9453K, committed 10368K, reserved 1048576K
}
Event: 2651.800 GC heap after
{Heap after GC invocations=1679 (full 5):
 PSYoungGen      total 5120K, used 176K [0x00000000d5580000, 0x00000000d5c00000, 0x0000000100000000)
  eden space 4608K, 0% used [0x00000000d5580000,0x00000000d5580000,0x00000000d5a00000)
  from space 512K, 34% used [0x00000000d5b80000,0x00000000d5bac010,0x00000000d5c00000)
  to   space 512K, 0% used [0x00000000d5b00000,0x00000000d5b00000,0x00000000d5b80000)
 ParOldGen       total 701440K, used 96511K [0x0000000080000000, 0x00000000aad00000, 0x00000000d5580000)
  object space 701440K, 13% used [0x0000000080000000,0x0000000085e3fd60,0x00000000aad00000)
 Metaspace       used 91774K, committed 93760K, reserved 1179648K
  class space    used 9453K, committed 10368K, reserved 1048576K
}
Event: 2652.610 GC heap before
{Heap before GC invocations=1680 (full 5):
 PSYoungGen      total 5120K, used 4784K [0x00000000d5580000, 0x00000000d5c00000, 0x0000000100000000)
  eden space 4608K, 100% used [0x00000000d5580000,0x00000000d5a00000,0x00000000d5a00000)
  from space 512K, 34% used [0x00000000d5b80000,0x00000000d5bac010,0x00000000d5c00000)
  to   space 512K, 0% used [0x00000000d5b00000,0x00000000d5b00000,0x00000000d5b80000)
 ParOldGen       total 701440K, used 96511K [0x0000000080000000, 0x00000000aad00000, 0x00000000d5580000)
  object space 701440K, 13% used [0x0000000080000000,0x0000000085e3fd60,0x00000000aad00000)
 Metaspace       used 91788K, committed 93760K, reserved 1179648K
  class space    used 9453K, committed 10368K, reserved 1048576K
}
Event: 2652.613 GC heap after
{Heap after GC invocations=1680 (full 5):
 PSYoungGen      total 5120K, used 480K [0x00000000d5580000, 0x00000000d5c00000, 0x0000000100000000)
  eden space 4608K, 0% used [0x00000000d5580000,0x00000000d5580000,0x00000000d5a00000)
  from space 512K, 93% used [0x00000000d5b00000,0x00000000d5b78020,0x00000000d5b80000)
  to   space 512K, 0% used [0x00000000d5b80000,0x00000000d5b80000,0x00000000d5c00000)
 ParOldGen       total 701440K, used 96535K [0x0000000080000000, 0x00000000aad00000, 0x00000000d5580000)
  object space 701440K, 13% used [0x0000000080000000,0x0000000085e45d60,0x00000000aad00000)
 Metaspace       used 91788K, committed 93760K, reserved 1179648K
  class space    used 9453K, committed 10368K, reserved 1048576K
}
Event: 2652.878 GC heap before
{Heap before GC invocations=1681 (full 5):
 PSYoungGen      total 5120K, used 5087K [0x00000000d5580000, 0x00000000d5c00000, 0x0000000100000000)
  eden space 4608K, 99% used [0x00000000d5580000,0x00000000d59fffd0,0x00000000d5a00000)
  from space 512K, 93% used [0x00000000d5b00000,0x00000000d5b78020,0x00000000d5b80000)
  to   space 512K, 0% used [0x00000000d5b80000,0x00000000d5b80000,0x00000000d5c00000)
 ParOldGen       total 701440K, used 96535K [0x0000000080000000, 0x00000000aad00000, 0x00000000d5580000)
  object space 701440K, 13% used [0x0000000080000000,0x0000000085e45d60,0x00000000aad00000)
 Metaspace       used 91789K, committed 93760K, reserved 1179648K
  class space    used 9453K, committed 10368K, reserved 1048576K
}
Event: 2652.881 GC heap after
{Heap after GC invocations=1681 (full 5):
 PSYoungGen      total 5120K, used 352K [0x00000000d5580000, 0x00000000d5c00000, 0x0000000100000000)
  eden space 4608K, 0% used [0x00000000d5580000,0x00000000d5580000,0x00000000d5a00000)
  from space 512K, 68% used [0x00000000d5b80000,0x00000000d5bd8020,0x00000000d5c00000)
  to   space 512K, 0% used [0x00000000d5b00000,0x00000000d5b00000,0x00000000d5b80000)
 ParOldGen       total 701440K, used 96711K [0x0000000080000000, 0x00000000aad00000, 0x00000000d5580000)
  object space 701440K, 13% used [0x0000000080000000,0x0000000085e71d80,0x00000000aad00000)
 Metaspace       used 91789K, committed 93760K, reserved 1179648K
  class space    used 9453K, committed 10368K, reserved 1048576K
}
Event: 2699.408 GC heap before
{Heap before GC invocations=1682 (full 5):
 PSYoungGen      total 5120K, used 4960K [0x00000000d5580000, 0x00000000d5c00000, 0x0000000100000000)
  eden space 4608K, 100% used [0x00000000d5580000,0x00000000d5a00000,0x00000000d5a00000)
  from space 512K, 68% used [0x00000000d5b80000,0x00000000d5bd8020,0x00000000d5c00000)
  to   space 512K, 0% used [0x00000000d5b00000,0x00000000d5b00000,0x00000000d5b80000)
 ParOldGen       total 701440K, used 96711K [0x0000000080000000, 0x00000000aad00000, 0x00000000d5580000)
  object space 701440K, 13% used [0x0000000080000000,0x0000000085e71d80,0x00000000aad00000)
 Metaspace       used 91800K, committed 93760K, reserved 1179648K
  class space    used 9453K, committed 10368K, reserved 1048576K
}
Event: 2699.485 GC heap after
{Heap after GC invocations=1682 (full 5):
 PSYoungGen      total 5120K, used 192K [0x00000000d5580000, 0x00000000d5c00000, 0x0000000100000000)
  eden space 4608K, 0% used [0x00000000d5580000,0x00000000d5580000,0x00000000d5a00000)
  from space 512K, 37% used [0x00000000d5b00000,0x00000000d5b30020,0x00000000d5b80000)
  to   space 512K, 0% used [0x00000000d5b80000,0x00000000d5b80000,0x00000000d5c00000)
 ParOldGen       total 701440K, used 96799K [0x0000000080000000, 0x00000000aad00000, 0x00000000d5580000)
  object space 701440K, 13% used [0x0000000080000000,0x0000000085e87da0,0x00000000aad00000)
 Metaspace       used 91800K, committed 93760K, reserved 1179648K
  class space    used 9453K, committed 10368K, reserved 1048576K
}
Event: 2935.617 GC heap before
{Heap before GC invocations=1683 (full 5):
 PSYoungGen      total 5120K, used 4800K [0x00000000d5580000, 0x00000000d5c00000, 0x0000000100000000)
  eden space 4608K, 100% used [0x00000000d5580000,0x00000000d5a00000,0x00000000d5a00000)
  from space 512K, 37% used [0x00000000d5b00000,0x00000000d5b30020,0x00000000d5b80000)
  to   space 512K, 0% used [0x00000000d5b80000,0x00000000d5b80000,0x00000000d5c00000)
 ParOldGen       total 701440K, used 96799K [0x0000000080000000, 0x00000000aad00000, 0x00000000d5580000)
  object space 701440K, 13% used [0x0000000080000000,0x0000000085e87da0,0x00000000aad00000)
 Metaspace       used 91807K, committed 93760K, reserved 1179648K
  class space    used 9453K, committed 10368K, reserved 1048576K
}
Event: 2935.699 GC heap after
{Heap after GC invocations=1683 (full 5):
 PSYoungGen      total 5120K, used 512K [0x00000000d5580000, 0x00000000d5c00000, 0x0000000100000000)
  eden space 4608K, 0% used [0x00000000d5580000,0x00000000d5580000,0x00000000d5a00000)
  from space 512K, 100% used [0x00000000d5b80000,0x00000000d5c00000,0x00000000d5c00000)
  to   space 1024K, 0% used [0x00000000d5a00000,0x00000000d5a00000,0x00000000d5b00000)
 ParOldGen       total 701440K, used 96847K [0x0000000080000000, 0x00000000aad00000, 0x00000000d5580000)
  object space 701440K, 13% used [0x0000000080000000,0x0000000085e93da0,0x00000000aad00000)
 Metaspace       used 91807K, committed 93760K, reserved 1179648K
  class space    used 9453K, committed 10368K, reserved 1048576K
}
Event: 3628.297 GC heap before
{Heap before GC invocations=1684 (full 5):
 PSYoungGen      total 5120K, used 5120K [0x00000000d5580000, 0x00000000d5c00000, 0x0000000100000000)
  eden space 4608K, 100% used [0x00000000d5580000,0x00000000d5a00000,0x00000000d5a00000)
  from space 512K, 100% used [0x00000000d5b80000,0x00000000d5c00000,0x00000000d5c00000)
  to   space 1024K, 0% used [0x00000000d5a00000,0x00000000d5a00000,0x00000000d5b00000)
 ParOldGen       total 701440K, used 96847K [0x0000000080000000, 0x00000000aad00000, 0x00000000d5580000)
  object space 701440K, 13% used [0x0000000080000000,0x0000000085e93da0,0x00000000aad00000)
 Metaspace       used 91813K, committed 93760K, reserved 1179648K
  class space    used 9453K, committed 10368K, reserved 1048576K
}
Event: 3628.390 GC heap after
{Heap after GC invocations=1684 (full 5):
 PSYoungGen      total 5632K, used 416K [0x00000000d5580000, 0x00000000d5c00000, 0x0000000100000000)
  eden space 4608K, 0% used [0x00000000d5580000,0x00000000d5580000,0x00000000d5a00000)
  from space 1024K, 40% used [0x00000000d5a00000,0x00000000d5a68020,0x00000000d5b00000)
  to   space 512K, 0% used [0x00000000d5b80000,0x00000000d5b80000,0x00000000d5c00000)
 ParOldGen       total 701440K, used 97039K [0x0000000080000000, 0x00000000aad00000, 0x00000000d5580000)
  object space 701440K, 13% used [0x0000000080000000,0x0000000085ec3da0,0x00000000aad00000)
 Metaspace       used 91813K, committed 93760K, reserved 1179648K
  class space    used 9453K, committed 10368K, reserved 1048576K
}
Event: 3792.086 GC heap before
{Heap before GC invocations=1685 (full 5):
 PSYoungGen      total 5632K, used 5024K [0x00000000d5580000, 0x00000000d5c00000, 0x0000000100000000)
  eden space 4608K, 100% used [0x00000000d5580000,0x00000000d5a00000,0x00000000d5a00000)
  from space 1024K, 40% used [0x00000000d5a00000,0x00000000d5a68020,0x00000000d5b00000)
  to   space 512K, 0% used [0x00000000d5b80000,0x00000000d5b80000,0x00000000d5c00000)
 ParOldGen       total 701440K, used 97039K [0x0000000080000000, 0x00000000aad00000, 0x00000000d5580000)
  object space 701440K, 13% used [0x0000000080000000,0x0000000085ec3da0,0x00000000aad00000)
 Metaspace       used 91813K, committed 93760K, reserved 1179648K
  class space    used 9453K, committed 10368K, reserved 1048576K
}
Event: 3792.124 GC heap after
{Heap after GC invocations=1685 (full 5):
 PSYoungGen      total 5120K, used 256K [0x00000000d5580000, 0x00000000d5c00000, 0x0000000100000000)
  eden space 4608K, 0% used [0x00000000d5580000,0x00000000d5580000,0x00000000d5a00000)
  from space 512K, 50% used [0x00000000d5b80000,0x00000000d5bc0020,0x00000000d5c00000)
  to   space 512K, 0% used [0x00000000d5b00000,0x00000000d5b00000,0x00000000d5b80000)
 ParOldGen       total 701440K, used 97055K [0x0000000080000000, 0x00000000aad00000, 0x00000000d5580000)
  object space 701440K, 13% used [0x0000000080000000,0x0000000085ec7da0,0x00000000aad00000)
 Metaspace       used 91813K, committed 93760K, reserved 1179648K
  class space    used 9453K, committed 10368K, reserved 1048576K
}
Event: 3803.620 GC heap before
{Heap before GC invocations=1686 (full 5):
 PSYoungGen      total 5120K, used 4864K [0x00000000d5580000, 0x00000000d5c00000, 0x0000000100000000)
  eden space 4608K, 100% used [0x00000000d5580000,0x00000000d5a00000,0x00000000d5a00000)
  from space 512K, 50% used [0x00000000d5b80000,0x00000000d5bc0020,0x00000000d5c00000)
  to   space 512K, 0% used [0x00000000d5b00000,0x00000000d5b00000,0x00000000d5b80000)
 ParOldGen       total 701440K, used 97055K [0x0000000080000000, 0x00000000aad00000, 0x00000000d5580000)
  object space 701440K, 13% used [0x0000000080000000,0x0000000085ec7da0,0x00000000aad00000)
 Metaspace       used 91813K, committed 93760K, reserved 1179648K
  class space    used 9453K, committed 10368K, reserved 1048576K
}
Event: 3803.624 GC heap after
{Heap after GC invocations=1686 (full 5):
 PSYoungGen      total 5120K, used 128K [0x00000000d5580000, 0x00000000d5c00000, 0x0000000100000000)
  eden space 4608K, 0% used [0x00000000d5580000,0x00000000d5580000,0x00000000d5a00000)
  from space 512K, 25% used [0x00000000d5b00000,0x00000000d5b20000,0x00000000d5b80000)
  to   space 512K, 0% used [0x00000000d5b80000,0x00000000d5b80000,0x00000000d5c00000)
 ParOldGen       total 701440K, used 97151K [0x0000000080000000, 0x00000000aad00000, 0x00000000d5580000)
  object space 701440K, 13% used [0x0000000080000000,0x0000000085edfdc0,0x00000000aad00000)
 Metaspace       used 91813K, committed 93760K, reserved 1179648K
  class space    used 9453K, committed 10368K, reserved 1048576K
}
Event: 3890.796 GC heap before
{Heap before GC invocations=1687 (full 5):
 PSYoungGen      total 5120K, used 4680K [0x00000000d5580000, 0x00000000d5c00000, 0x0000000100000000)
  eden space 4608K, 98% used [0x00000000d5580000,0x00000000d59f2140,0x00000000d5a00000)
  from space 512K, 25% used [0x00000000d5b00000,0x00000000d5b20000,0x00000000d5b80000)
  to   space 512K, 0% used [0x00000000d5b80000,0x00000000d5b80000,0x00000000d5c00000)
 ParOldGen       total 701440K, used 97151K [0x0000000080000000, 0x00000000aad00000, 0x00000000d5580000)
  object space 701440K, 13% used [0x0000000080000000,0x0000000085edfdc0,0x00000000aad00000)
 Metaspace       used 91821K, committed 93760K, reserved 1179648K
  class space    used 9453K, committed 10368K, reserved 1048576K
}
Event: 3890.801 GC heap after
{Heap after GC invocations=1687 (full 5):
 PSYoungGen      total 5120K, used 192K [0x00000000d5580000, 0x00000000d5c00000, 0x0000000100000000)
  eden space 4608K, 0% used [0x00000000d5580000,0x00000000d5580000,0x00000000d5a00000)
  from space 512K, 37% used [0x00000000d5b80000,0x00000000d5bb0020,0x00000000d5c00000)
  to   space 512K, 0% used [0x00000000d5b00000,0x00000000d5b00000,0x00000000d5b80000)
 ParOldGen       total 701440K, used 97183K [0x0000000080000000, 0x00000000aad00000, 0x00000000d5580000)
  object space 701440K, 13% used [0x0000000080000000,0x0000000085ee7dc0,0x00000000aad00000)
 Metaspace       used 91821K, committed 93760K, reserved 1179648K
  class space    used 9453K, committed 10368K, reserved 1048576K
}

