# JRE version: OpenJDK Runtime Environment Temurin-21.0.12.1+1 (21.0.12.1+1) (build 21.0.12.1+1-LTS)
# Java VM: OpenJDK 64-Bit Server VM Temurin-21.0.12.1+1 (21.0.12.1+1-LTS, mixed mode, sharing, tiered, compressed oops, compressed class ptrs, parallel gc, windows-amd64)
GC Precious Log:
 CardTable entry size: 512
 CPUs: 4 total, 4 available
 Memory: 3522M
 Large Page Support: Disabled
 NUMA Support: Disabled
 Compressed Oops: Enabled (32-bit)
 Alignments: Space 512K, Generation 512K, Heap 2M
 Heap Min Capacity: 100M
 Heap Initial Capacity: 100M
 Heap Max Capacity: 2G
 Pre-touch: Disabled
 Parallel Workers: 4
Heap:
 PSYoungGen      total 23040K, used 13423K [0x00000000d5580000, 0x00000000d7180000, 0x0000000100000000)
  eden space 22016K, 58% used [0x00000000d5580000,0x00000000d6217d78,0x00000000d6b00000)
  from space 1024K, 51% used [0x00000000d7000000,0x00000000d7084030,0x00000000d7100000)
  to   space 512K, 0% used [0x00000000d7100000,0x00000000d7100000,0x00000000d7180000)
 ParOldGen       total 68608K, used 51669K [0x0000000080000000, 0x0000000084300000, 0x00000000d5580000)
  object space 68608K, 75% used [0x0000000080000000,0x00000000832756b0,0x0000000084300000)
 Metaspace       used 67858K, committed 69312K, reserved 1114112K
  class space    used 7171K, committed 7808K, reserved 1048576K
GC Heap History (20 events):
Event: 38.467 GC heap before
{Heap before GC invocations=33 (full 2):
 PSYoungGen      total 23040K, used 22840K [0x00000000d5580000, 0x00000000d7100000, 0x0000000100000000)
  eden space 22016K, 100% used [0x00000000d5580000,0x00000000d6b00000,0x00000000d6b00000)
  from space 1024K, 80% used [0x00000000d7000000,0x00000000d70ce3a8,0x00000000d7100000)
  to   space 1024K, 0% used [0x00000000d6f00000,0x00000000d6f00000,0x00000000d7000000)
 ParOldGen       total 68608K, used 42242K [0x0000000080000000, 0x0000000084300000, 0x00000000d5580000)
  object space 68608K, 61% used [0x0000000080000000,0x0000000082940a68,0x0000000084300000)
 Metaspace       used 57092K, committed 58432K, reserved 1114112K
  class space    used 6142K, committed 6720K, reserved 1048576K
}
Event: 38.473 GC heap after
{Heap after GC invocations=33 (full 2):
 PSYoungGen      total 23040K, used 1023K [0x00000000d5580000, 0x00000000d7080000, 0x0000000100000000)
  eden space 22016K, 0% used [0x00000000d5580000,0x00000000d5580000,0x00000000d6b00000)
  from space 1024K, 99% used [0x00000000d6f00000,0x00000000d6fffc78,0x00000000d7000000)
  to   space 512K, 0% used [0x00000000d7000000,0x00000000d7000000,0x00000000d7080000)
 ParOldGen       total 68608K, used 43016K [0x0000000080000000, 0x0000000084300000, 0x00000000d5580000)
  object space 68608K, 62% used [0x0000000080000000,0x0000000082a02398,0x0000000084300000)
 Metaspace       used 57092K, committed 58432K, reserved 1114112K
  class space    used 6142K, committed 6720K, reserved 1048576K
}
Event: 39.160 GC heap before
{Heap before GC invocations=34 (full 2):
 PSYoungGen      total 23040K, used 13267K [0x00000000d5580000, 0x00000000d7080000, 0x0000000100000000)
  eden space 22016K, 55% used [0x00000000d5580000,0x00000000d61751b0,0x00000000d6b00000)
  from space 1024K, 99% used [0x00000000d6f00000,0x00000000d6fffc78,0x00000000d7000000)
  to   space 512K, 0% used [0x00000000d7000000,0x00000000d7000000,0x00000000d7080000)
 ParOldGen       total 68608K, used 43016K [0x0000000080000000, 0x0000000084300000, 0x00000000d5580000)
  object space 68608K, 62% used [0x0000000080000000,0x0000000082a02398,0x0000000084300000)
 Metaspace       used 58474K, committed 59776K, reserved 1114112K
  class space    used 6287K, committed 6848K, reserved 1048576K
}
Event: 39.166 GC heap after
{Heap after GC invocations=34 (full 2):
 PSYoungGen      total 22528K, used 497K [0x00000000d5580000, 0x00000000d7100000, 0x0000000100000000)
  eden space 22016K, 0% used [0x00000000d5580000,0x00000000d5580000,0x00000000d6b00000)
  from space 512K, 97% used [0x00000000d7000000,0x00000000d707c7c0,0x00000000d7080000)
  to   space 3072K, 0% used [0x00000000d6b00000,0x00000000d6b00000,0x00000000d6e00000)
 ParOldGen       total 68608K, used 45059K [0x0000000080000000, 0x0000000084300000, 0x00000000d5580000)
  object space 68608K, 65% used [0x0000000080000000,0x0000000082c00ce0,0x0000000084300000)
 Metaspace       used 58474K, committed 59776K, reserved 1114112K
  class space    used 6287K, committed 6848K, reserved 1048576K
}
Event: 39.166 GC heap before
{Heap before GC invocations=35 (full 3):
 PSYoungGen      total 22528K, used 497K [0x00000000d5580000, 0x00000000d7100000, 0x0000000100000000)
  eden space 22016K, 0% used [0x00000000d5580000,0x00000000d5580000,0x00000000d6b00000)
  from space 512K, 97% used [0x00000000d7000000,0x00000000d707c7c0,0x00000000d7080000)
  to   space 3072K, 0% used [0x00000000d6b00000,0x00000000d6b00000,0x00000000d6e00000)
 ParOldGen       total 68608K, used 45059K [0x0000000080000000, 0x0000000084300000, 0x00000000d5580000)
  object space 68608K, 65% used [0x0000000080000000,0x0000000082c00ce0,0x0000000084300000)
 Metaspace       used 58474K, committed 59776K, reserved 1114112K
  class space    used 6287K, committed 6848K, reserved 1048576K
}
Event: 39.495 GC heap after
{Heap after GC invocations=35 (full 3):
 PSYoungGen      total 22528K, used 0K [0x00000000d5580000, 0x00000000d7100000, 0x0000000100000000)
  eden space 22016K, 0% used [0x00000000d5580000,0x00000000d5580000,0x00000000d6b00000)
  from space 512K, 0% used [0x00000000d7000000,0x00000000d7000000,0x00000000d7080000)
  to   space 3072K, 0% used [0x00000000d6b00000,0x00000000d6b00000,0x00000000d6e00000)
 ParOldGen       total 68608K, used 42274K [0x0000000080000000, 0x0000000084300000, 0x00000000d5580000)
  object space 68608K, 61% used [0x0000000080000000,0x0000000082948968,0x0000000084300000)
 Metaspace       used 58454K, committed 59776K, reserved 1114112K
  class space    used 6282K, committed 6848K, reserved 1048576K
}
Event: 41.834 GC heap before
{Heap before GC invocations=36 (full 3):
 PSYoungGen      total 22528K, used 22016K [0x00000000d5580000, 0x00000000d7100000, 0x0000000100000000)
  eden space 22016K, 100% used [0x00000000d5580000,0x00000000d6b00000,0x00000000d6b00000)
  from space 512K, 0% used [0x00000000d7000000,0x00000000d7000000,0x00000000d7080000)
  to   space 3072K, 0% used [0x00000000d6b00000,0x00000000d6b00000,0x00000000d6e00000)
 ParOldGen       total 68608K, used 42274K [0x0000000080000000, 0x0000000084300000, 0x00000000d5580000)
  object space 68608K, 61% used [0x0000000080000000,0x0000000082948968,0x0000000084300000)
 Metaspace       used 60541K, committed 61888K, reserved 1114112K
  class space    used 6494K, committed 7040K, reserved 1048576K
}
Event: 41.838 GC heap after
{Heap after GC invocations=36 (full 3):
 PSYoungGen      total 25088K, used 1209K [0x00000000d5580000, 0x00000000d7080000, 0x0000000100000000)
  eden space 22016K, 0% used [0x00000000d5580000,0x00000000d5580000,0x00000000d6b00000)
  from space 3072K, 39% used [0x00000000d6b00000,0x00000000d6c2e4b0,0x00000000d6e00000)
  to   space 2048K, 0% used [0x00000000d6e80000,0x00000000d6e80000,0x00000000d7080000)
 ParOldGen       total 68608K, used 42282K [0x0000000080000000, 0x0000000084300000, 0x00000000d5580000)
  object space 68608K, 61% used [0x0000000080000000,0x000000008294a968,0x0000000084300000)
 Metaspace       used 60541K, committed 61888K, reserved 1114112K
  class space    used 6494K, committed 7040K, reserved 1048576K
}
Event: 44.162 GC heap before
{Heap before GC invocations=37 (full 3):
 PSYoungGen      total 25088K, used 23225K [0x00000000d5580000, 0x00000000d7080000, 0x0000000100000000)
  eden space 22016K, 100% used [0x00000000d5580000,0x00000000d6b00000,0x00000000d6b00000)
  from space 3072K, 39% used [0x00000000d6b00000,0x00000000d6c2e4b0,0x00000000d6e00000)
  to   space 2048K, 0% used [0x00000000d6e80000,0x00000000d6e80000,0x00000000d7080000)
 ParOldGen       total 68608K, used 42282K [0x0000000080000000, 0x0000000084300000, 0x00000000d5580000)
  object space 68608K, 61% used [0x0000000080000000,0x000000008294a968,0x0000000084300000)
 Metaspace       used 62143K, committed 63552K, reserved 1114112K
  class space    used 6667K, committed 7232K, reserved 1048576K
}
Event: 44.171 GC heap after
{Heap after GC invocations=37 (full 3):
 PSYoungGen      total 24064K, used 1831K [0x00000000d5580000, 0x00000000d7080000, 0x0000000100000000)
  eden space 22016K, 0% used [0x00000000d5580000,0x00000000d5580000,0x00000000d6b00000)
  from space 2048K, 89% used [0x00000000d6e80000,0x00000000d7049fc8,0x00000000d7080000)
  to   space 2048K, 0% used [0x00000000d6c80000,0x00000000d6c80000,0x00000000d6e80000)
 ParOldGen       total 68608K, used 43291K [0x0000000080000000, 0x0000000084300000, 0x00000000d5580000)
  object space 68608K, 63% used [0x0000000080000000,0x0000000082a46d00,0x0000000084300000)
 Metaspace       used 62143K, committed 63552K, reserved 1114112K
  class space    used 6667K, committed 7232K, reserved 1048576K
}
Event: 49.084 GC heap before
{Heap before GC invocations=38 (full 3):
 PSYoungGen      total 24064K, used 23847K [0x00000000d5580000, 0x00000000d7080000, 0x0000000100000000)
  eden space 22016K, 100% used [0x00000000d5580000,0x00000000d6b00000,0x00000000d6b00000)
  from space 2048K, 89% used [0x00000000d6e80000,0x00000000d7049fc8,0x00000000d7080000)
  to   space 2048K, 0% used [0x00000000d6c80000,0x00000000d6c80000,0x00000000d6e80000)
 ParOldGen       total 68608K, used 43291K [0x0000000080000000, 0x0000000084300000, 0x00000000d5580000)
  object space 68608K, 63% used [0x0000000080000000,0x0000000082a46d00,0x0000000084300000)
 Metaspace       used 63523K, committed 64832K, reserved 1114112K
  class space    used 6749K, committed 7296K, reserved 1048576K
}
Event: 49.096 GC heap after
{Heap after GC invocations=38 (full 3):
 PSYoungGen      total 24064K, used 2023K [0x00000000d5580000, 0x00000000d7a00000, 0x0000000100000000)
  eden space 22016K, 0% used [0x00000000d5580000,0x00000000d5580000,0x00000000d6b00000)
  from space 2048K, 98% used [0x00000000d6c80000,0x00000000d6e79c28,0x00000000d6e80000)
  to   space 7680K, 0% used [0x00000000d7280000,0x00000000d7280000,0x00000000d7a00000)
 ParOldGen       total 68608K, used 47840K [0x0000000080000000, 0x0000000084300000, 0x00000000d5580000)
  object space 68608K, 69% used [0x0000000080000000,0x0000000082eb83a0,0x0000000084300000)
 Metaspace       used 63523K, committed 64832K, reserved 1114112K
  class space    used 6749K, committed 7296K, reserved 1048576K
}
Event: 54.957 GC heap before
{Heap before GC invocations=39 (full 3):
 PSYoungGen      total 24064K, used 24039K [0x00000000d5580000, 0x00000000d7a00000, 0x0000000100000000)
  eden space 22016K, 100% used [0x00000000d5580000,0x00000000d6b00000,0x00000000d6b00000)
  from space 2048K, 98% used [0x00000000d6c80000,0x00000000d6e79c28,0x00000000d6e80000)
  to   space 7680K, 0% used [0x00000000d7280000,0x00000000d7280000,0x00000000d7a00000)
 ParOldGen       total 68608K, used 47840K [0x0000000080000000, 0x0000000084300000, 0x00000000d5580000)
  object space 68608K, 69% used [0x0000000080000000,0x0000000082eb83a0,0x0000000084300000)
 Metaspace       used 64125K, committed 65600K, reserved 1114112K
  class space    used 6800K, committed 7424K, reserved 1048576K
}
Event: 54.964 GC heap after
{Heap after GC invocations=39 (full 3):
 PSYoungGen      total 24064K, used 1584K [0x00000000d5580000, 0x00000000d7480000, 0x0000000100000000)
  eden space 22016K, 0% used [0x00000000d5580000,0x00000000d5580000,0x00000000d6b00000)
  from space 2048K, 77% used [0x00000000d7280000,0x00000000d740c010,0x00000000d7480000)
  to   space 3584K, 0% used [0x00000000d6d80000,0x00000000d6d80000,0x00000000d7100000)
 ParOldGen       total 68608K, used 49797K [0x0000000080000000, 0x0000000084300000, 0x00000000d5580000)
  object space 68608K, 72% used [0x0000000080000000,0x00000000830a1598,0x0000000084300000)
 Metaspace       used 64125K, committed 65600K, reserved 1114112K
  class space    used 6800K, committed 7424K, reserved 1048576K
}
Event: 66.037 GC heap before
{Heap before GC invocations=40 (full 3):
 PSYoungGen      total 24064K, used 23600K [0x00000000d5580000, 0x00000000d7480000, 0x0000000100000000)
  eden space 22016K, 100% used [0x00000000d5580000,0x00000000d6b00000,0x00000000d6b00000)
  from space 2048K, 77% used [0x00000000d7280000,0x00000000d740c010,0x00000000d7480000)
  to   space 3584K, 0% used [0x00000000d6d80000,0x00000000d6d80000,0x00000000d7100000)
 ParOldGen       total 68608K, used 49797K [0x0000000080000000, 0x0000000084300000, 0x00000000d5580000)
  object space 68608K, 72% used [0x0000000080000000,0x00000000830a1598,0x0000000084300000)
 Metaspace       used 65237K, committed 66688K, reserved 1114112K
  class space    used 6895K, committed 7488K, reserved 1048576K
}
Event: 66.043 GC heap after
{Heap after GC invocations=40 (full 3):
 PSYoungGen      total 25600K, used 1520K [0x00000000d5580000, 0x00000000d7300000, 0x0000000100000000)
  eden space 22016K, 0% used [0x00000000d5580000,0x00000000d5580000,0x00000000d6b00000)
  from space 3584K, 42% used [0x00000000d6d80000,0x00000000d6efc010,0x00000000d7100000)
  to   space 2048K, 0% used [0x00000000d7100000,0x00000000d7100000,0x00000000d7300000)
 ParOldGen       total 68608K, used 50149K [0x0000000080000000, 0x0000000084300000, 0x00000000d5580000)
  object space 68608K, 73% used [0x0000000080000000,0x00000000830f9598,0x0000000084300000)
 Metaspace       used 65237K, committed 66688K, reserved 1114112K
  class space    used 6895K, committed 7488K, reserved 1048576K
}
Event: 67.692 GC heap before
{Heap before GC invocations=41 (full 3):
 PSYoungGen      total 25600K, used 23536K [0x00000000d5580000, 0x00000000d7300000, 0x0000000100000000)
  eden space 22016K, 100% used [0x00000000d5580000,0x00000000d6b00000,0x00000000d6b00000)
  from space 3584K, 42% used [0x00000000d6d80000,0x00000000d6efc010,0x00000000d7100000)
  to   space 2048K, 0% used [0x00000000d7100000,0x00000000d7100000,0x00000000d7300000)
 ParOldGen       total 68608K, used 50149K [0x0000000080000000, 0x0000000084300000, 0x00000000d5580000)
  object space 68608K, 73% used [0x0000000080000000,0x00000000830f9598,0x0000000084300000)
 Metaspace       used 66741K, committed 68160K, reserved 1114112K
  class space    used 7062K, committed 7616K, reserved 1048576K
}
Event: 67.698 GC heap after
{Heap after GC invocations=41 (full 3):
 PSYoungGen      total 23040K, used 608K [0x00000000d5580000, 0x00000000d7200000, 0x0000000100000000)
  eden space 22016K, 0% used [0x00000000d5580000,0x00000000d5580000,0x00000000d6b00000)
  from space 1024K, 59% used [0x00000000d7100000,0x00000000d7198000,0x00000000d7200000)
  to   space 1024K, 0% used [0x00000000d7000000,0x00000000d7000000,0x00000000d7100000)
 ParOldGen       total 68608K, used 51271K [0x0000000080000000, 0x0000000084300000, 0x00000000d5580000)
  object space 68608K, 74% used [0x0000000080000000,0x0000000083211da8,0x0000000084300000)
 Metaspace       used 66741K, committed 68160K, reserved 1114112K
  class space    used 7062K, committed 7616K, reserved 1048576K
}
Event: 73.524 GC heap before
{Heap before GC invocations=42 (full 3):
 PSYoungGen      total 23040K, used 22613K [0x00000000d5580000, 0x00000000d7200000, 0x0000000100000000)
  eden space 22016K, 99% used [0x00000000d5580000,0x00000000d6afd6b0,0x00000000d6b00000)
  from space 1024K, 59% used [0x00000000d7100000,0x00000000d7198000,0x00000000d7200000)
  to   space 1024K, 0% used [0x00000000d7000000,0x00000000d7000000,0x00000000d7100000)
 ParOldGen       total 68608K, used 51271K [0x0000000080000000, 0x0000000084300000, 0x00000000d5580000)
  object space 68608K, 74% used [0x0000000080000000,0x0000000083211da8,0x0000000084300000)
 Metaspace       used 67514K, committed 68928K, reserved 1114112K
  class space    used 7117K, committed 7680K, reserved 1048576K
}
Event: 73.537 GC heap after
{Heap after GC invocations=42 (full 3):
 PSYoungGen      total 23040K, used 528K [0x00000000d5580000, 0x00000000d7180000, 0x0000000100000000)
  eden space 22016K, 0% used [0x00000000d5580000,0x00000000d5580000,0x00000000d6b00000)
  from space 1024K, 51% used [0x00000000d7000000,0x00000000d7084030,0x00000000d7100000)
  to   space 512K, 0% used [0x00000000d7100000,0x00000000d7100000,0x00000000d7180000)
 ParOldGen       total 68608K, used 51669K [0x0000000080000000, 0x0000000084300000, 0x00000000d5580000)
  object space 68608K, 75% used [0x0000000080000000,0x00000000832756b0,0x0000000084300000)
 Metaspace       used 67514K, committed 68928K, reserved 1114112K
  class space    used 7117K, committed 7680K, reserved 1048576K
}

