# JRE version: OpenJDK Runtime Environment Temurin-21.0.12.1+1 (21.0.12.1+1) (build 21.0.12.1+1-LTS)
# Java VM: OpenJDK 64-Bit Server VM Temurin-21.0.12.1+1 (21.0.12.1+1-LTS, mixed mode, sharing, tiered, compressed oops, compressed class ptrs, parallel gc, windows-amd64)
GC Precious Log:
 CardTable entry size: 512
 CPUs: 4 total, 4 available
 Memory: 3522M
 Large Page Support: Disabled
 NUMA Support: Disabled
 Compressed Oops: Enabled (32-bit)
 Alignments: Space 512K, Generation 512K, Heap 2M
 Heap Min Capacity: 100M
 Heap Initial Capacity: 100M
 Heap Max Capacity: 2G
 Pre-touch: Disabled
 Parallel Workers: 4
Heap:
 PSYoungGen      total 18432K, used 3710K [0x00000000d5580000, 0x00000000d7580000, 0x0000000100000000)
  eden space 16896K, 13% used [0x00000000d5580000,0x00000000d57a5920,0x00000000d6600000)
  from space 1536K, 98% used [0x00000000d6c00000,0x00000000d6d7a000,0x00000000d6d80000)
  to   space 6144K, 0% used [0x00000000d6600000,0x00000000d6600000,0x00000000d6c00000)
 ParOldGen       total 68608K, used 41785K [0x0000000080000000, 0x0000000084300000, 0x00000000d5580000)
  object space 68608K, 60% used [0x0000000080000000,0x00000000828ce648,0x0000000084300000)
 Metaspace       used 54832K, committed 56064K, reserved 1114112K
  class space    used 5983K, committed 6528K, reserved 1048576K
GC Heap History (20 events):
Event: 50.957 GC heap before
{Heap before GC invocations=21 (full 2):
 PSYoungGen      total 23552K, used 23510K [0x00000000d5580000, 0x00000000d6f00000, 0x0000000100000000)
  eden space 22016K, 100% used [0x00000000d5580000,0x00000000d6b00000,0x00000000d6b00000)
  from space 1536K, 97% used [0x00000000d6d80000,0x00000000d6ef5a30,0x00000000d6f00000)
  to   space 2048K, 0% used [0x00000000d6b00000,0x00000000d6b00000,0x00000000d6d00000)
 ParOldGen       total 68608K, used 23180K [0x0000000080000000, 0x0000000084300000, 0x00000000d5580000)
  object space 68608K, 33% used [0x0000000080000000,0x00000000816a3020,0x0000000084300000)
 Metaspace       used 50297K, committed 51456K, reserved 1114112K
  class space    used 5535K, committed 6080K, reserved 1048576K
}
Event: 50.967 GC heap after
{Heap after GC invocations=21 (full 2):
 PSYoungGen      total 24064K, used 1550K [0x00000000d5580000, 0x00000000d6f00000, 0x0000000100000000)
  eden space 22016K, 0% used [0x00000000d5580000,0x00000000d5580000,0x00000000d6b00000)
  from space 2048K, 75% used [0x00000000d6b00000,0x00000000d6c83b58,0x00000000d6d00000)
  to   space 2048K, 0% used [0x00000000d6d00000,0x00000000d6d00000,0x00000000d6f00000)
 ParOldGen       total 68608K, used 24478K [0x0000000080000000, 0x0000000084300000, 0x00000000d5580000)
  object space 68608K, 35% used [0x0000000080000000,0x00000000817e7b58,0x0000000084300000)
 Metaspace       used 50297K, committed 51456K, reserved 1114112K
  class space    used 5535K, committed 6080K, reserved 1048576K
}
Event: 59.816 GC heap before
{Heap before GC invocations=22 (full 2):
 PSYoungGen      total 24064K, used 23566K [0x00000000d5580000, 0x00000000d6f00000, 0x0000000100000000)
  eden space 22016K, 100% used [0x00000000d5580000,0x00000000d6b00000,0x00000000d6b00000)
  from space 2048K, 75% used [0x00000000d6b00000,0x00000000d6c83b58,0x00000000d6d00000)
  to   space 2048K, 0% used [0x00000000d6d00000,0x00000000d6d00000,0x00000000d6f00000)
 ParOldGen       total 68608K, used 24478K [0x0000000080000000, 0x0000000084300000, 0x00000000d5580000)
  object space 68608K, 35% used [0x0000000080000000,0x00000000817e7b58,0x0000000084300000)
 Metaspace       used 52470K, committed 53632K, reserved 1114112K
  class space    used 5790K, committed 6336K, reserved 1048576K
}
Event: 59.825 GC heap after
{Heap after GC invocations=22 (full 2):
 PSYoungGen      total 22528K, used 2024K [0x00000000d5580000, 0x00000000d7200000, 0x0000000100000000)
  eden space 20480K, 0% used [0x00000000d5580000,0x00000000d5580000,0x00000000d6980000)
  from space 2048K, 98% used [0x00000000d6d00000,0x00000000d6efa028,0x00000000d6f00000)
  to   space 3584K, 0% used [0x00000000d6980000,0x00000000d6980000,0x00000000d6d00000)
 ParOldGen       total 68608K, used 25487K [0x0000000080000000, 0x0000000084300000, 0x00000000d5580000)
  object space 68608K, 37% used [0x0000000080000000,0x00000000818e3ca8,0x0000000084300000)
 Metaspace       used 52470K, committed 53632K, reserved 1114112K
  class space    used 5790K, committed 6336K, reserved 1048576K
}
Event: 63.610 GC heap before
{Heap before GC invocations=23 (full 2):
 PSYoungGen      total 22528K, used 22504K [0x00000000d5580000, 0x00000000d7200000, 0x0000000100000000)
  eden space 20480K, 100% used [0x00000000d5580000,0x00000000d6980000,0x00000000d6980000)
  from space 2048K, 98% used [0x00000000d6d00000,0x00000000d6efa028,0x00000000d6f00000)
  to   space 3584K, 0% used [0x00000000d6980000,0x00000000d6980000,0x00000000d6d00000)
 ParOldGen       total 68608K, used 25487K [0x0000000080000000, 0x0000000084300000, 0x00000000d5580000)
  object space 68608K, 37% used [0x0000000080000000,0x00000000818e3ca8,0x0000000084300000)
 Metaspace       used 53367K, committed 54592K, reserved 1114112K
  class space    used 5857K, committed 6464K, reserved 1048576K
}
Event: 63.628 GC heap after
{Heap after GC invocations=23 (full 2):
 PSYoungGen      total 22016K, used 1381K [0x00000000d5580000, 0x00000000d6d80000, 0x0000000100000000)
  eden space 20480K, 0% used [0x00000000d5580000,0x00000000d5580000,0x00000000d6980000)
  from space 1536K, 89% used [0x00000000d6980000,0x00000000d6ad96a8,0x00000000d6b00000)
  to   space 2048K, 0% used [0x00000000d6b80000,0x00000000d6b80000,0x00000000d6d80000)
 ParOldGen       total 68608K, used 27435K [0x0000000080000000, 0x0000000084300000, 0x00000000d5580000)
  object space 68608K, 39% used [0x0000000080000000,0x0000000081acac80,0x0000000084300000)
 Metaspace       used 53367K, committed 54592K, reserved 1114112K
  class space    used 5857K, committed 6464K, reserved 1048576K
}
Event: 64.096 GC heap before
{Heap before GC invocations=24 (full 2):
 PSYoungGen      total 22016K, used 21861K [0x00000000d5580000, 0x00000000d6d80000, 0x0000000100000000)
  eden space 20480K, 100% used [0x00000000d5580000,0x00000000d6980000,0x00000000d6980000)
  from space 1536K, 89% used [0x00000000d6980000,0x00000000d6ad96a8,0x00000000d6b00000)
  to   space 2048K, 0% used [0x00000000d6b80000,0x00000000d6b80000,0x00000000d6d80000)
 ParOldGen       total 68608K, used 27435K [0x0000000080000000, 0x0000000084300000, 0x00000000d5580000)
  object space 68608K, 39% used [0x0000000080000000,0x0000000081acac80,0x0000000084300000)
 Metaspace       used 53367K, committed 54592K, reserved 1114112K
  class space    used 5857K, committed 6464K, reserved 1048576K
}
Event: 64.111 GC heap after
{Heap after GC invocations=24 (full 2):
 PSYoungGen      total 22528K, used 1888K [0x00000000d5580000, 0x00000000d6d80000, 0x0000000100000000)
  eden space 20480K, 0% used [0x00000000d5580000,0x00000000d5580000,0x00000000d6980000)
  from space 2048K, 92% used [0x00000000d6b80000,0x00000000d6d58010,0x00000000d6d80000)
  to   space 2048K, 0% used [0x00000000d6980000,0x00000000d6980000,0x00000000d6b80000)
 ParOldGen       total 68608K, used 28708K [0x0000000080000000, 0x0000000084300000, 0x00000000d5580000)
  object space 68608K, 41% used [0x0000000080000000,0x0000000081c093d8,0x0000000084300000)
 Metaspace       used 53367K, committed 54592K, reserved 1114112K
  class space    used 5857K, committed 6464K, reserved 1048576K
}
Event: 65.483 GC heap before
{Heap before GC invocations=25 (full 2):
 PSYoungGen      total 22528K, used 22368K [0x00000000d5580000, 0x00000000d6d80000, 0x0000000100000000)
  eden space 20480K, 100% used [0x00000000d5580000,0x00000000d6980000,0x00000000d6980000)
  from space 2048K, 92% used [0x00000000d6b80000,0x00000000d6d58010,0x00000000d6d80000)
  to   space 2048K, 0% used [0x00000000d6980000,0x00000000d6980000,0x00000000d6b80000)
 ParOldGen       total 68608K, used 28708K [0x0000000080000000, 0x0000000084300000, 0x00000000d5580000)
  object space 68608K, 41% used [0x0000000080000000,0x0000000081c093d8,0x0000000084300000)
 Metaspace       used 53784K, committed 55040K, reserved 1114112K
  class space    used 5917K, committed 6528K, reserved 1048576K
}
Event: 65.494 GC heap after
{Heap after GC invocations=25 (full 2):
 PSYoungGen      total 22528K, used 2018K [0x00000000d5580000, 0x00000000d7280000, 0x0000000100000000)
  eden space 20480K, 0% used [0x00000000d5580000,0x00000000d5580000,0x00000000d6980000)
  from space 2048K, 98% used [0x00000000d6980000,0x00000000d6b78810,0x00000000d6b80000)
  to   space 4608K, 0% used [0x00000000d6e00000,0x00000000d6e00000,0x00000000d7280000)
 ParOldGen       total 68608K, used 30612K [0x0000000080000000, 0x0000000084300000, 0x00000000d5580000)
  object space 68608K, 44% used [0x0000000080000000,0x0000000081de53e8,0x0000000084300000)
 Metaspace       used 53784K, committed 55040K, reserved 1114112K
  class space    used 5917K, committed 6528K, reserved 1048576K
}
Event: 65.963 GC heap before
{Heap before GC invocations=26 (full 2):
 PSYoungGen      total 22528K, used 22498K [0x00000000d5580000, 0x00000000d7280000, 0x0000000100000000)
  eden space 20480K, 100% used [0x00000000d5580000,0x00000000d6980000,0x00000000d6980000)
  from space 2048K, 98% used [0x00000000d6980000,0x00000000d6b78810,0x00000000d6b80000)
  to   space 4608K, 0% used [0x00000000d6e00000,0x00000000d6e00000,0x00000000d7280000)
 ParOldGen       total 68608K, used 30612K [0x0000000080000000, 0x0000000084300000, 0x00000000d5580000)
  object space 68608K, 44% used [0x0000000080000000,0x0000000081de53e8,0x0000000084300000)
 Metaspace       used 53807K, committed 55104K, reserved 1114112K
  class space    used 5917K, committed 6528K, reserved 1048576K
}
Event: 65.974 GC heap after
{Heap after GC invocations=26 (full 2):
 PSYoungGen      total 22528K, used 1952K [0x00000000d5580000, 0x00000000d7000000, 0x0000000100000000)
  eden space 20480K, 0% used [0x00000000d5580000,0x00000000d5580000,0x00000000d6980000)
  from space 2048K, 95% used [0x00000000d6e00000,0x00000000d6fe8000,0x00000000d7000000)
  to   space 3072K, 0% used [0x00000000d6a00000,0x00000000d6a00000,0x00000000d6d00000)
 ParOldGen       total 68608K, used 32594K [0x0000000080000000, 0x0000000084300000, 0x00000000d5580000)
  object space 68608K, 47% used [0x0000000080000000,0x0000000081fd4bf0,0x0000000084300000)
 Metaspace       used 53807K, committed 55104K, reserved 1114112K
  class space    used 5917K, committed 6528K, reserved 1048576K
}
Event: 66.529 GC heap before
{Heap before GC invocations=27 (full 2):
 PSYoungGen      total 22528K, used 22432K [0x00000000d5580000, 0x00000000d7000000, 0x0000000100000000)
  eden space 20480K, 100% used [0x00000000d5580000,0x00000000d6980000,0x00000000d6980000)
  from space 2048K, 95% used [0x00000000d6e00000,0x00000000d6fe8000,0x00000000d7000000)
  to   space 3072K, 0% used [0x00000000d6a00000,0x00000000d6a00000,0x00000000d6d00000)
 ParOldGen       total 68608K, used 32594K [0x0000000080000000, 0x0000000084300000, 0x00000000d5580000)
  object space 68608K, 47% used [0x0000000080000000,0x0000000081fd4bf0,0x0000000084300000)
 Metaspace       used 53815K, committed 55104K, reserved 1114112K
  class space    used 5917K, committed 6528K, reserved 1048576K
}
Event: 66.552 GC heap after
{Heap after GC invocations=27 (full 2):
 PSYoungGen      total 22528K, used 1860K [0x00000000d5580000, 0x00000000d6e80000, 0x0000000100000000)
  eden space 20480K, 0% used [0x00000000d5580000,0x00000000d5580000,0x00000000d6980000)
  from space 2048K, 90% used [0x00000000d6a00000,0x00000000d6bd1000,0x00000000d6c00000)
  to   space 2048K, 0% used [0x00000000d6c80000,0x00000000d6c80000,0x00000000d6e80000)
 ParOldGen       total 68608K, used 34506K [0x0000000080000000, 0x0000000084300000, 0x00000000d5580000)
  object space 68608K, 50% used [0x0000000080000000,0x00000000821b2bf0,0x0000000084300000)
 Metaspace       used 53815K, committed 55104K, reserved 1114112K
  class space    used 5917K, committed 6528K, reserved 1048576K
}
Event: 66.888 GC heap before
{Heap before GC invocations=28 (full 2):
 PSYoungGen      total 22528K, used 22340K [0x00000000d5580000, 0x00000000d6e80000, 0x0000000100000000)
  eden space 20480K, 100% used [0x00000000d5580000,0x00000000d6980000,0x00000000d6980000)
  from space 2048K, 90% used [0x00000000d6a00000,0x00000000d6bd1000,0x00000000d6c00000)
  to   space 2048K, 0% used [0x00000000d6c80000,0x00000000d6c80000,0x00000000d6e80000)
 ParOldGen       total 68608K, used 34506K [0x0000000080000000, 0x0000000084300000, 0x00000000d5580000)
  object space 68608K, 50% used [0x0000000080000000,0x00000000821b2bf0,0x0000000084300000)
 Metaspace       used 53847K, committed 55104K, reserved 1114112K
  class space    used 5920K, committed 6528K, reserved 1048576K
}
Event: 66.897 GC heap after
{Heap after GC invocations=28 (full 2):
 PSYoungGen      total 22528K, used 1952K [0x00000000d5580000, 0x00000000d6e80000, 0x0000000100000000)
  eden space 20480K, 0% used [0x00000000d5580000,0x00000000d5580000,0x00000000d6980000)
  from space 2048K, 95% used [0x00000000d6c80000,0x00000000d6e68010,0x00000000d6e80000)
  to   space 2048K, 0% used [0x00000000d6a00000,0x00000000d6a00000,0x00000000d6c00000)
 ParOldGen       total 68608K, used 36265K [0x0000000080000000, 0x0000000084300000, 0x00000000d5580000)
  object space 68608K, 52% used [0x0000000080000000,0x000000008236a408,0x0000000084300000)
 Metaspace       used 53847K, committed 55104K, reserved 1114112K
  class space    used 5920K, committed 6528K, reserved 1048576K
}
Event: 67.127 GC heap before
{Heap before GC invocations=29 (full 2):
 PSYoungGen      total 22528K, used 22432K [0x00000000d5580000, 0x00000000d6e80000, 0x0000000100000000)
  eden space 20480K, 100% used [0x00000000d5580000,0x00000000d6980000,0x00000000d6980000)
  from space 2048K, 95% used [0x00000000d6c80000,0x00000000d6e68010,0x00000000d6e80000)
  to   space 2048K, 0% used [0x00000000d6a00000,0x00000000d6a00000,0x00000000d6c00000)
 ParOldGen       total 68608K, used 36265K [0x0000000080000000, 0x0000000084300000, 0x00000000d5580000)
  object space 68608K, 52% used [0x0000000080000000,0x000000008236a408,0x0000000084300000)
 Metaspace       used 53874K, committed 55104K, reserved 1114112K
  class space    used 5920K, committed 6528K, reserved 1048576K
}
Event: 67.138 GC heap after
{Heap after GC invocations=29 (full 2):
 PSYoungGen      total 22528K, used 1752K [0x00000000d5580000, 0x00000000d6d80000, 0x0000000100000000)
  eden space 20480K, 0% used [0x00000000d5580000,0x00000000d5580000,0x00000000d6980000)
  from space 2048K, 85% used [0x00000000d6a00000,0x00000000d6bb6200,0x00000000d6c00000)
  to   space 1536K, 0% used [0x00000000d6c00000,0x00000000d6c00000,0x00000000d6d80000)
 ParOldGen       total 68608K, used 38201K [0x0000000080000000, 0x0000000084300000, 0x00000000d5580000)
  object space 68608K, 55% used [0x0000000080000000,0x000000008254e418,0x0000000084300000)
 Metaspace       used 53874K, committed 55104K, reserved 1114112K
  class space    used 5920K, committed 6528K, reserved 1048576K
}
Event: 76.077 GC heap before
{Heap before GC invocations=30 (full 2):
 PSYoungGen      total 22528K, used 22232K [0x00000000d5580000, 0x00000000d6d80000, 0x0000000100000000)
  eden space 20480K, 100% used [0x00000000d5580000,0x00000000d6980000,0x00000000d6980000)
  from space 2048K, 85% used [0x00000000d6a00000,0x00000000d6bb6200,0x00000000d6c00000)
  to   space 1536K, 0% used [0x00000000d6c00000,0x00000000d6c00000,0x00000000d6d80000)
 ParOldGen       total 68608K, used 38201K [0x0000000080000000, 0x0000000084300000, 0x00000000d5580000)
  object space 68608K, 55% used [0x0000000080000000,0x000000008254e418,0x0000000084300000)
 Metaspace       used 54629K, committed 55872K, reserved 1114112K
  class space    used 5970K, committed 6528K, reserved 1048576K
}
Event: 76.125 GC heap after
{Heap after GC invocations=30 (full 2):
 PSYoungGen      total 18432K, used 1512K [0x00000000d5580000, 0x00000000d7580000, 0x0000000100000000)
  eden space 16896K, 0% used [0x00000000d5580000,0x00000000d5580000,0x00000000d6600000)
  from space 1536K, 98% used [0x00000000d6c00000,0x00000000d6d7a000,0x00000000d6d80000)
  to   space 6144K, 0% used [0x00000000d6600000,0x00000000d6600000,0x00000000d6c00000)
 ParOldGen       total 68608K, used 41785K [0x0000000080000000, 0x0000000084300000, 0x00000000d5580000)
  object space 68608K, 60% used [0x0000000080000000,0x00000000828ce648,0x0000000084300000)
 Metaspace       used 54629K, committed 55872K, reserved 1114112K
  class space    used 5970K, committed 6528K, reserved 1048576K
}

