# JRE version: OpenJDK Runtime Environment Temurin-21.0.12.1+1 (21.0.12.1+1) (build 21.0.12.1+1-LTS)
# Java VM: OpenJDK 64-Bit Server VM Temurin-21.0.12.1+1 (21.0.12.1+1-LTS, mixed mode, sharing, tiered, compressed oops, compressed class ptrs, parallel gc, windows-amd64)
GC Precious Log:
 CardTable entry size: 512
 CPUs: 4 total, 4 available
 Memory: 3522M
 Large Page Support: Disabled
 NUMA Support: Disabled
 Compressed Oops: Enabled (32-bit)
 Alignments: Space 512K, Generation 512K, Heap 2M
 Heap Min Capacity: 100M
 Heap Initial Capacity: 100M
 Heap Max Capacity: 2G
 Pre-touch: Disabled
 Parallel Workers: 4
Heap:
 PSYoungGen      total 19968K, used 17211K [0x00000000d5580000, 0x00000000d6c00000, 0x0000000100000000)
  eden space 18944K, 85% used [0x00000000d5580000,0x00000000d6552be0,0x00000000d6800000)
  from space 1024K, 98% used [0x00000000d6a80000,0x00000000d6b7c050,0x00000000d6b80000)
  to   space 2048K, 0% used [0x00000000d6800000,0x00000000d6800000,0x00000000d6a00000)
 ParOldGen       total 68608K, used 48207K [0x0000000080000000, 0x0000000084300000, 0x00000000d5580000)
  object space 68608K, 70% used [0x0000000080000000,0x0000000082f13fb8,0x0000000084300000)
 Metaspace       used 68064K, committed 69568K, reserved 1114112K
  class space    used 7166K, committed 7808K, reserved 1048576K
GC Heap History (20 events):
Event: 100.364 GC heap before
{Heap before GC invocations=36 (full 2):
 PSYoungGen      total 21504K, used 2220K [0x00000000d5580000, 0x00000000d6e00000, 0x0000000100000000)
  eden space 18944K, 7% used [0x00000000d5580000,0x00000000d56f0760,0x00000000d6800000)
  from space 2560K, 29% used [0x00000000d6a00000,0x00000000d6abaa30,0x00000000d6c80000)
  to   space 1536K, 0% used [0x00000000d6c80000,0x00000000d6c80000,0x00000000d6e00000)
 ParOldGen       total 68608K, used 49585K [0x0000000080000000, 0x0000000084300000, 0x00000000d5580000)
  object space 68608K, 72% used [0x0000000080000000,0x000000008306c668,0x0000000084300000)
 Metaspace       used 58539K, committed 59776K, reserved 1114112K
  class space    used 6141K, committed 6656K, reserved 1048576K
}
Event: 100.366 GC heap after
{Heap after GC invocations=36 (full 2):
 PSYoungGen      total 19456K, used 160K [0x00000000d5580000, 0x00000000d6d00000, 0x0000000100000000)
  eden space 18944K, 0% used [0x00000000d5580000,0x00000000d5580000,0x00000000d6800000)
  from space 512K, 31% used [0x00000000d6c80000,0x00000000d6ca8000,0x00000000d6d00000)
  to   space 512K, 0% used [0x00000000d6c00000,0x00000000d6c00000,0x00000000d6c80000)
 ParOldGen       total 68608K, used 49848K [0x0000000080000000, 0x0000000084300000, 0x00000000d5580000)
  object space 68608K, 72% used [0x0000000080000000,0x00000000830ae330,0x0000000084300000)
 Metaspace       used 58539K, committed 59776K, reserved 1114112K
  class space    used 6141K, committed 6656K, reserved 1048576K
}
Event: 100.366 GC heap before
{Heap before GC invocations=37 (full 3):
 PSYoungGen      total 19456K, used 160K [0x00000000d5580000, 0x00000000d6d00000, 0x0000000100000000)
  eden space 18944K, 0% used [0x00000000d5580000,0x00000000d5580000,0x00000000d6800000)
  from space 512K, 31% used [0x00000000d6c80000,0x00000000d6ca8000,0x00000000d6d00000)
  to   space 512K, 0% used [0x00000000d6c00000,0x00000000d6c00000,0x00000000d6c80000)
 ParOldGen       total 68608K, used 49848K [0x0000000080000000, 0x0000000084300000, 0x00000000d5580000)
  object space 68608K, 72% used [0x0000000080000000,0x00000000830ae330,0x0000000084300000)
 Metaspace       used 58539K, committed 59776K, reserved 1114112K
  class space    used 6141K, committed 6656K, reserved 1048576K
}
Event: 100.851 GC heap after
{Heap after GC invocations=37 (full 3):
 PSYoungGen      total 19456K, used 0K [0x00000000d5580000, 0x00000000d6d00000, 0x0000000100000000)
  eden space 18944K, 0% used [0x00000000d5580000,0x00000000d5580000,0x00000000d6800000)
  from space 512K, 0% used [0x00000000d6c80000,0x00000000d6c80000,0x00000000d6d00000)
  to   space 512K, 0% used [0x00000000d6c00000,0x00000000d6c00000,0x00000000d6c80000)
 ParOldGen       total 68608K, used 41669K [0x0000000080000000, 0x0000000084300000, 0x00000000d5580000)
  object space 68608K, 60% used [0x0000000080000000,0x00000000828b1528,0x0000000084300000)
 Metaspace       used 58539K, committed 59776K, reserved 1114112K
  class space    used 6141K, committed 6656K, reserved 1048576K
}
Event: 108.444 GC heap before
{Heap before GC invocations=38 (full 3):
 PSYoungGen      total 19456K, used 18913K [0x00000000d5580000, 0x00000000d6d00000, 0x0000000100000000)
  eden space 18944K, 99% used [0x00000000d5580000,0x00000000d67f87a8,0x00000000d6800000)
  from space 512K, 0% used [0x00000000d6c80000,0x00000000d6c80000,0x00000000d6d00000)
  to   space 512K, 0% used [0x00000000d6c00000,0x00000000d6c00000,0x00000000d6c80000)
 ParOldGen       total 68608K, used 41669K [0x0000000080000000, 0x0000000084300000, 0x00000000d5580000)
  object space 68608K, 60% used [0x0000000080000000,0x00000000828b1528,0x0000000084300000)
 Metaspace       used 60546K, committed 61824K, reserved 1114112K
  class space    used 6378K, committed 6912K, reserved 1048576K
}
Event: 108.449 GC heap after
{Heap after GC invocations=38 (full 3):
 PSYoungGen      total 19456K, used 480K [0x00000000d5580000, 0x00000000d6d00000, 0x0000000100000000)
  eden space 18944K, 0% used [0x00000000d5580000,0x00000000d5580000,0x00000000d6800000)
  from space 512K, 93% used [0x00000000d6c00000,0x00000000d6c78030,0x00000000d6c80000)
  to   space 512K, 0% used [0x00000000d6c80000,0x00000000d6c80000,0x00000000d6d00000)
 ParOldGen       total 68608K, used 42324K [0x0000000080000000, 0x0000000084300000, 0x00000000d5580000)
  object space 68608K, 61% used [0x0000000080000000,0x00000000829551a0,0x0000000084300000)
 Metaspace       used 60546K, committed 61824K, reserved 1114112K
  class space    used 6378K, committed 6912K, reserved 1048576K
}
Event: 111.261 GC heap before
{Heap before GC invocations=39 (full 3):
 PSYoungGen      total 19456K, used 19424K [0x00000000d5580000, 0x00000000d6d00000, 0x0000000100000000)
  eden space 18944K, 100% used [0x00000000d5580000,0x00000000d6800000,0x00000000d6800000)
  from space 512K, 93% used [0x00000000d6c00000,0x00000000d6c78030,0x00000000d6c80000)
  to   space 512K, 0% used [0x00000000d6c80000,0x00000000d6c80000,0x00000000d6d00000)
 ParOldGen       total 68608K, used 42324K [0x0000000080000000, 0x0000000084300000, 0x00000000d5580000)
  object space 68608K, 61% used [0x0000000080000000,0x00000000829551a0,0x0000000084300000)
 Metaspace       used 62220K, committed 63616K, reserved 1114112K
  class space    used 6547K, committed 7104K, reserved 1048576K
}
Event: 111.266 GC heap after
{Heap after GC invocations=39 (full 3):
 PSYoungGen      total 19456K, used 480K [0x00000000d5580000, 0x00000000d6d00000, 0x0000000100000000)
  eden space 18944K, 0% used [0x00000000d5580000,0x00000000d5580000,0x00000000d6800000)
  from space 512K, 93% used [0x00000000d6c80000,0x00000000d6cf8040,0x00000000d6d00000)
  to   space 2048K, 0% used [0x00000000d6900000,0x00000000d6900000,0x00000000d6b00000)
 ParOldGen       total 68608K, used 43389K [0x0000000080000000, 0x0000000084300000, 0x00000000d5580000)
  object space 68608K, 63% used [0x0000000080000000,0x0000000082a5f760,0x0000000084300000)
 Metaspace       used 62220K, committed 63616K, reserved 1114112K
  class space    used 6547K, committed 7104K, reserved 1048576K
}
Event: 115.183 GC heap before
{Heap before GC invocations=40 (full 3):
 PSYoungGen      total 19456K, used 19424K [0x00000000d5580000, 0x00000000d6d00000, 0x0000000100000000)
  eden space 18944K, 100% used [0x00000000d5580000,0x00000000d6800000,0x00000000d6800000)
  from space 512K, 93% used [0x00000000d6c80000,0x00000000d6cf8040,0x00000000d6d00000)
  to   space 2048K, 0% used [0x00000000d6900000,0x00000000d6900000,0x00000000d6b00000)
 ParOldGen       total 68608K, used 43389K [0x0000000080000000, 0x0000000084300000, 0x00000000d5580000)
  object space 68608K, 63% used [0x0000000080000000,0x0000000082a5f760,0x0000000084300000)
 Metaspace       used 63677K, committed 64960K, reserved 1114112K
  class space    used 6710K, committed 7232K, reserved 1048576K
}
Event: 115.192 GC heap after
{Heap after GC invocations=40 (full 3):
 PSYoungGen      total 20992K, used 1828K [0x00000000d5580000, 0x00000000d6d00000, 0x0000000100000000)
  eden space 18944K, 0% used [0x00000000d5580000,0x00000000d5580000,0x00000000d6800000)
  from space 2048K, 89% used [0x00000000d6900000,0x00000000d6ac9010,0x00000000d6b00000)
  to   space 2048K, 0% used [0x00000000d6b00000,0x00000000d6b00000,0x00000000d6d00000)
 ParOldGen       total 68608K, used 43836K [0x0000000080000000, 0x0000000084300000, 0x00000000d5580000)
  object space 68608K, 63% used [0x0000000080000000,0x0000000082acf110,0x0000000084300000)
 Metaspace       used 63677K, committed 64960K, reserved 1114112K
  class space    used 6710K, committed 7232K, reserved 1048576K
}
Event: 124.155 GC heap before
{Heap before GC invocations=41 (full 3):
 PSYoungGen      total 20992K, used 20772K [0x00000000d5580000, 0x00000000d6d00000, 0x0000000100000000)
  eden space 18944K, 100% used [0x00000000d5580000,0x00000000d6800000,0x00000000d6800000)
  from space 2048K, 89% used [0x00000000d6900000,0x00000000d6ac9010,0x00000000d6b00000)
  to   space 2048K, 0% used [0x00000000d6b00000,0x00000000d6b00000,0x00000000d6d00000)
 ParOldGen       total 68608K, used 43836K [0x0000000080000000, 0x0000000084300000, 0x00000000d5580000)
  object space 68608K, 63% used [0x0000000080000000,0x0000000082acf110,0x0000000084300000)
 Metaspace       used 64428K, committed 65856K, reserved 1114112K
  class space    used 6780K, committed 7360K, reserved 1048576K
}
Event: 124.162 GC heap after
{Heap after GC invocations=41 (full 3):
 PSYoungGen      total 20992K, used 1663K [0x00000000d5580000, 0x00000000d6d00000, 0x0000000100000000)
  eden space 18944K, 0% used [0x00000000d5580000,0x00000000d5580000,0x00000000d6800000)
  from space 2048K, 81% used [0x00000000d6b00000,0x00000000d6c9fc18,0x00000000d6d00000)
  to   space 2048K, 0% used [0x00000000d6900000,0x00000000d6900000,0x00000000d6b00000)
 ParOldGen       total 68608K, used 44542K [0x0000000080000000, 0x0000000084300000, 0x00000000d5580000)
  object space 68608K, 64% used [0x0000000080000000,0x0000000082b7fb00,0x0000000084300000)
 Metaspace       used 64428K, committed 65856K, reserved 1114112K
  class space    used 6780K, committed 7360K, reserved 1048576K
}
Event: 128.538 GC heap before
{Heap before GC invocations=42 (full 3):
 PSYoungGen      total 20992K, used 20607K [0x00000000d5580000, 0x00000000d6d00000, 0x0000000100000000)
  eden space 18944K, 100% used [0x00000000d5580000,0x00000000d6800000,0x00000000d6800000)
  from space 2048K, 81% used [0x00000000d6b00000,0x00000000d6c9fc18,0x00000000d6d00000)
  to   space 2048K, 0% used [0x00000000d6900000,0x00000000d6900000,0x00000000d6b00000)
 ParOldGen       total 68608K, used 44542K [0x0000000080000000, 0x0000000084300000, 0x00000000d5580000)
  object space 68608K, 64% used [0x0000000080000000,0x0000000082b7fb00,0x0000000084300000)
 Metaspace       used 65518K, committed 66944K, reserved 1114112K
  class space    used 6887K, committed 7488K, reserved 1048576K
}
Event: 128.564 GC heap after
{Heap after GC invocations=42 (full 3):
 PSYoungGen      total 20992K, used 1875K [0x00000000d5580000, 0x00000000d6c00000, 0x0000000100000000)
  eden space 18944K, 0% used [0x00000000d5580000,0x00000000d5580000,0x00000000d6800000)
  from space 2048K, 91% used [0x00000000d6900000,0x00000000d6ad4dd8,0x00000000d6b00000)
  to   space 1024K, 0% used [0x00000000d6b00000,0x00000000d6b00000,0x00000000d6c00000)
 ParOldGen       total 68608K, used 46133K [0x0000000080000000, 0x0000000084300000, 0x00000000d5580000)
  object space 68608K, 67% used [0x0000000080000000,0x0000000082d0d660,0x0000000084300000)
 Metaspace       used 65518K, committed 66944K, reserved 1114112K
  class space    used 6887K, committed 7488K, reserved 1048576K
}
Event: 133.000 GC heap before
{Heap before GC invocations=43 (full 3):
 PSYoungGen      total 20992K, used 20819K [0x00000000d5580000, 0x00000000d6c00000, 0x0000000100000000)
  eden space 18944K, 100% used [0x00000000d5580000,0x00000000d6800000,0x00000000d6800000)
  from space 2048K, 91% used [0x00000000d6900000,0x00000000d6ad4dd8,0x00000000d6b00000)
  to   space 1024K, 0% used [0x00000000d6b00000,0x00000000d6b00000,0x00000000d6c00000)
 ParOldGen       total 68608K, used 46133K [0x0000000080000000, 0x0000000084300000, 0x00000000d5580000)
  object space 68608K, 67% used [0x0000000080000000,0x0000000082d0d660,0x0000000084300000)
 Metaspace       used 67143K, committed 68544K, reserved 1114112K
  class space    used 7085K, committed 7680K, reserved 1048576K
}
Event: 133.010 GC heap after
{Heap after GC invocations=43 (full 3):
 PSYoungGen      total 19968K, used 976K [0x00000000d5580000, 0x00000000d6c00000, 0x0000000100000000)
  eden space 18944K, 0% used [0x00000000d5580000,0x00000000d5580000,0x00000000d6800000)
  from space 1024K, 95% used [0x00000000d6b00000,0x00000000d6bf4010,0x00000000d6c00000)
  to   space 1536K, 0% used [0x00000000d6900000,0x00000000d6900000,0x00000000d6a80000)
 ParOldGen       total 68608K, used 47189K [0x0000000080000000, 0x0000000084300000, 0x00000000d5580000)
  object space 68608K, 68% used [0x0000000080000000,0x0000000082e15660,0x0000000084300000)
 Metaspace       used 67143K, committed 68544K, reserved 1114112K
  class space    used 7085K, committed 7680K, reserved 1048576K
}
Event: 144.763 GC heap before
{Heap before GC invocations=44 (full 3):
 PSYoungGen      total 19968K, used 19920K [0x00000000d5580000, 0x00000000d6c00000, 0x0000000100000000)
  eden space 18944K, 100% used [0x00000000d5580000,0x00000000d6800000,0x00000000d6800000)
  from space 1024K, 95% used [0x00000000d6b00000,0x00000000d6bf4010,0x00000000d6c00000)
  to   space 1536K, 0% used [0x00000000d6900000,0x00000000d6900000,0x00000000d6a80000)
 ParOldGen       total 68608K, used 47189K [0x0000000080000000, 0x0000000084300000, 0x00000000d5580000)
  object space 68608K, 68% used [0x0000000080000000,0x0000000082e15660,0x0000000084300000)
 Metaspace       used 67446K, committed 68864K, reserved 1114112K
  class space    used 7099K, committed 7744K, reserved 1048576K
}
Event: 144.775 GC heap after
{Heap after GC invocations=44 (full 3):
 PSYoungGen      total 20480K, used 896K [0x00000000d5580000, 0x00000000d6b80000, 0x0000000100000000)
  eden space 18944K, 0% used [0x00000000d5580000,0x00000000d5580000,0x00000000d6800000)
  from space 1536K, 58% used [0x00000000d6900000,0x00000000d69e0020,0x00000000d6a80000)
  to   space 1024K, 0% used [0x00000000d6a80000,0x00000000d6a80000,0x00000000d6b80000)
 ParOldGen       total 68608K, used 47731K [0x0000000080000000, 0x0000000084300000, 0x00000000d5580000)
  object space 68608K, 69% used [0x0000000080000000,0x0000000082e9cf68,0x0000000084300000)
 Metaspace       used 67446K, committed 68864K, reserved 1114112K
  class space    used 7099K, committed 7744K, reserved 1048576K
}
Event: 306.757 GC heap before
{Heap before GC invocations=45 (full 3):
 PSYoungGen      total 20480K, used 19834K [0x00000000d5580000, 0x00000000d6b80000, 0x0000000100000000)
  eden space 18944K, 99% used [0x00000000d5580000,0x00000000d67fea60,0x00000000d6800000)
  from space 1536K, 58% used [0x00000000d6900000,0x00000000d69e0020,0x00000000d6a80000)
  to   space 1024K, 0% used [0x00000000d6a80000,0x00000000d6a80000,0x00000000d6b80000)
 ParOldGen       total 68608K, used 47731K [0x0000000080000000, 0x0000000084300000, 0x00000000d5580000)
  object space 68608K, 69% used [0x0000000080000000,0x0000000082e9cf68,0x0000000084300000)
 Metaspace       used 67695K, committed 69056K, reserved 1114112K
  class space    used 7135K, committed 7744K, reserved 1048576K
}
Event: 306.791 GC heap after
{Heap after GC invocations=45 (full 3):
 PSYoungGen      total 19968K, used 1008K [0x00000000d5580000, 0x00000000d6c00000, 0x0000000100000000)
  eden space 18944K, 0% used [0x00000000d5580000,0x00000000d5580000,0x00000000d6800000)
  from space 1024K, 98% used [0x00000000d6a80000,0x00000000d6b7c050,0x00000000d6b80000)
  to   space 2048K, 0% used [0x00000000d6800000,0x00000000d6800000,0x00000000d6a00000)
 ParOldGen       total 68608K, used 48207K [0x0000000080000000, 0x0000000084300000, 0x00000000d5580000)
  object space 68608K, 70% used [0x0000000080000000,0x0000000082f13fb8,0x0000000084300000)
 Metaspace       used 67695K, committed 69056K, reserved 1114112K
  class space    used 7135K, committed 7744K, reserved 1048576K
}

