# JRE version: OpenJDK Runtime Environment Temurin-21.0.12.1+1 (21.0.12.1+1) (build 21.0.12.1+1-LTS)
# Java VM: OpenJDK 64-Bit Server VM Temurin-21.0.12.1+1 (21.0.12.1+1-LTS, mixed mode, sharing, tiered, compressed oops, compressed class ptrs, parallel gc, windows-amd64)
GC Precious Log:
 CardTable entry size: 512
 CPUs: 4 total, 4 available
 Memory: 3522M
 Large Page Support: Disabled
 NUMA Support: Disabled
 Compressed Oops: Enabled (32-bit)
 Alignments: Space 512K, Generation 512K, Heap 2M
 Heap Min Capacity: 100M
 Heap Initial Capacity: 100M
 Heap Max Capacity: 2G
 Pre-touch: Disabled
 Parallel Workers: 4
Heap:
 PSYoungGen      total 6656K, used 4645K [0x00000000d5580000, 0x00000000d5e80000, 0x0000000100000000)
  eden space 5120K, 61% used [0x00000000d5580000,0x00000000d58915f0,0x00000000d5a80000)
  from space 1536K, 97% used [0x00000000d5a80000,0x00000000d5bf8060,0x00000000d5c00000)
  to   space 2048K, 0% used [0x00000000d5c80000,0x00000000d5c80000,0x00000000d5e80000)
 ParOldGen       total 1398272K, used 79465K [0x0000000080000000, 0x00000000d5580000, 0x00000000d5580000)
  object space 1398272K, 5% used [0x0000000080000000,0x0000000084d9a510,0x00000000d5580000)
 Metaspace       used 75265K, committed 76864K, reserved 1179648K
  class space    used 7613K, committed 8384K, reserved 1048576K
GC Heap History (20 events):
Event: 2462.437 GC heap before
{Heap before GC invocations=210 (full 8):
 PSYoungGen      total 4608K, used 4592K [0x00000000d5580000, 0x00000000d5c00000, 0x0000000100000000)
  eden space 3584K, 100% used [0x00000000d5580000,0x00000000d5900000,0x00000000d5900000)
  from space 1024K, 98% used [0x00000000d5980000,0x00000000d5a7c010,0x00000000d5a80000)
  to   space 1536K, 0% used [0x00000000d5a80000,0x00000000d5a80000,0x00000000d5c00000)
 ParOldGen       total 1398272K, used 77929K [0x0000000080000000, 0x00000000d5580000, 0x00000000d5580000)
  object space 1398272K, 5% used [0x0000000080000000,0x0000000084c1a790,0x00000000d5580000)
 Metaspace       used 75196K, committed 76736K, reserved 1179648K
  class space    used 7612K, committed 8384K, reserved 1048576K
}
Event: 2462.440 GC heap after
{Heap after GC invocations=210 (full 8):
 PSYoungGen      total 4608K, used 1488K [0x00000000d5580000, 0x00000000d5d80000, 0x0000000100000000)
  eden space 3072K, 0% used [0x00000000d5580000,0x00000000d5580000,0x00000000d5880000)
  from space 1536K, 96% used [0x00000000d5a80000,0x00000000d5bf4010,0x00000000d5c00000)
  to   space 2048K, 0% used [0x00000000d5880000,0x00000000d5880000,0x00000000d5a80000)
 ParOldGen       total 1398272K, used 77929K [0x0000000080000000, 0x00000000d5580000, 0x00000000d5580000)
  object space 1398272K, 5% used [0x0000000080000000,0x0000000084c1a790,0x00000000d5580000)
 Metaspace       used 75196K, committed 76736K, reserved 1179648K
  class space    used 7612K, committed 8384K, reserved 1048576K
}
Event: 2463.587 GC heap before
{Heap before GC invocations=211 (full 8):
 PSYoungGen      total 4608K, used 4560K [0x00000000d5580000, 0x00000000d5d80000, 0x0000000100000000)
  eden space 3072K, 100% used [0x00000000d5580000,0x00000000d5880000,0x00000000d5880000)
  from space 1536K, 96% used [0x00000000d5a80000,0x00000000d5bf4010,0x00000000d5c00000)
  to   space 2048K, 0% used [0x00000000d5880000,0x00000000d5880000,0x00000000d5a80000)
 ParOldGen       total 1398272K, used 77929K [0x0000000080000000, 0x00000000d5580000, 0x00000000d5580000)
  object space 1398272K, 5% used [0x0000000080000000,0x0000000084c1a790,0x00000000d5580000)
 Metaspace       used 75196K, committed 76736K, reserved 1179648K
  class space    used 7612K, committed 8384K, reserved 1048576K
}
Event: 2463.592 GC heap after
{Heap after GC invocations=211 (full 8):
 PSYoungGen      total 5120K, used 1904K [0x00000000d5580000, 0x00000000d5d00000, 0x0000000100000000)
  eden space 3072K, 0% used [0x00000000d5580000,0x00000000d5580000,0x00000000d5880000)
  from space 2048K, 92% used [0x00000000d5880000,0x00000000d5a5c010,0x00000000d5a80000)
  to   space 2048K, 0% used [0x00000000d5b00000,0x00000000d5b00000,0x00000000d5d00000)
 ParOldGen       total 1398272K, used 77929K [0x0000000080000000, 0x00000000d5580000, 0x00000000d5580000)
  object space 1398272K, 5% used [0x0000000080000000,0x0000000084c1a790,0x00000000d5580000)
 Metaspace       used 75196K, committed 76736K, reserved 1179648K
  class space    used 7612K, committed 8384K, reserved 1048576K
}
Event: 2464.729 GC heap before
{Heap before GC invocations=212 (full 8):
 PSYoungGen      total 5120K, used 4976K [0x00000000d5580000, 0x00000000d5d00000, 0x0000000100000000)
  eden space 3072K, 100% used [0x00000000d5580000,0x00000000d5880000,0x00000000d5880000)
  from space 2048K, 92% used [0x00000000d5880000,0x00000000d5a5c010,0x00000000d5a80000)
  to   space 2048K, 0% used [0x00000000d5b00000,0x00000000d5b00000,0x00000000d5d00000)
 ParOldGen       total 1398272K, used 77929K [0x0000000080000000, 0x00000000d5580000, 0x00000000d5580000)
  object space 1398272K, 5% used [0x0000000080000000,0x0000000084c1a790,0x00000000d5580000)
 Metaspace       used 75207K, committed 76736K, reserved 1179648K
  class space    used 7613K, committed 8384K, reserved 1048576K
}
Event: 2464.739 GC heap after
{Heap after GC invocations=212 (full 8):
 PSYoungGen      total 5632K, used 1664K [0x00000000d5580000, 0x00000000d5d00000, 0x0000000100000000)
  eden space 3584K, 0% used [0x00000000d5580000,0x00000000d5580000,0x00000000d5900000)
  from space 2048K, 81% used [0x00000000d5b00000,0x00000000d5ca0020,0x00000000d5d00000)
  to   space 2048K, 0% used [0x00000000d5900000,0x00000000d5900000,0x00000000d5b00000)
 ParOldGen       total 1398272K, used 77937K [0x0000000080000000, 0x00000000d5580000, 0x00000000d5580000)
  object space 1398272K, 5% used [0x0000000080000000,0x0000000084c1c790,0x00000000d5580000)
 Metaspace       used 75207K, committed 76736K, reserved 1179648K
  class space    used 7613K, committed 8384K, reserved 1048576K
}
Event: 2752.356 GC heap before
{Heap before GC invocations=213 (full 8):
 PSYoungGen      total 5632K, used 5248K [0x00000000d5580000, 0x00000000d5d00000, 0x0000000100000000)
  eden space 3584K, 100% used [0x00000000d5580000,0x00000000d5900000,0x00000000d5900000)
  from space 2048K, 81% used [0x00000000d5b00000,0x00000000d5ca0020,0x00000000d5d00000)
  to   space 2048K, 0% used [0x00000000d5900000,0x00000000d5900000,0x00000000d5b00000)
 ParOldGen       total 1398272K, used 77937K [0x0000000080000000, 0x00000000d5580000, 0x00000000d5580000)
  object space 1398272K, 5% used [0x0000000080000000,0x0000000084c1c790,0x00000000d5580000)
 Metaspace       used 75226K, committed 76736K, reserved 1179648K
  class space    used 7613K, committed 8384K, reserved 1048576K
}
Event: 2752.454 GC heap after
{Heap after GC invocations=213 (full 8):
 PSYoungGen      total 5632K, used 1152K [0x00000000d5580000, 0x00000000d5c80000, 0x0000000100000000)
  eden space 3584K, 0% used [0x00000000d5580000,0x00000000d5580000,0x00000000d5900000)
  from space 2048K, 56% used [0x00000000d5900000,0x00000000d5a20000,0x00000000d5b00000)
  to   space 1536K, 0% used [0x00000000d5b00000,0x00000000d5b00000,0x00000000d5c80000)
 ParOldGen       total 1398272K, used 77945K [0x0000000080000000, 0x00000000d5580000, 0x00000000d5580000)
  object space 1398272K, 5% used [0x0000000080000000,0x0000000084c1e790,0x00000000d5580000)
 Metaspace       used 75226K, committed 76736K, reserved 1179648K
  class space    used 7613K, committed 8384K, reserved 1048576K
}
Event: 2753.632 GC heap before
{Heap before GC invocations=214 (full 8):
 PSYoungGen      total 5632K, used 4736K [0x00000000d5580000, 0x00000000d5c80000, 0x0000000100000000)
  eden space 3584K, 100% used [0x00000000d5580000,0x00000000d5900000,0x00000000d5900000)
  from space 2048K, 56% used [0x00000000d5900000,0x00000000d5a20000,0x00000000d5b00000)
  to   space 1536K, 0% used [0x00000000d5b00000,0x00000000d5b00000,0x00000000d5c80000)
 ParOldGen       total 1398272K, used 77945K [0x0000000080000000, 0x00000000d5580000, 0x00000000d5580000)
  object space 1398272K, 5% used [0x0000000080000000,0x0000000084c1e790,0x00000000d5580000)
 Metaspace       used 75239K, committed 76736K, reserved 1179648K
  class space    used 7613K, committed 8384K, reserved 1048576K
}
Event: 2753.649 GC heap after
{Heap after GC invocations=214 (full 8):
 PSYoungGen      total 4608K, used 1520K [0x00000000d5580000, 0x00000000d5e80000, 0x0000000100000000)
  eden space 3072K, 0% used [0x00000000d5580000,0x00000000d5580000,0x00000000d5880000)
  from space 1536K, 98% used [0x00000000d5b00000,0x00000000d5c7c050,0x00000000d5c80000)
  to   space 2560K, 0% used [0x00000000d5880000,0x00000000d5880000,0x00000000d5b00000)
 ParOldGen       total 1398272K, used 78399K [0x0000000080000000, 0x00000000d5580000, 0x00000000d5580000)
  object space 1398272K, 5% used [0x0000000080000000,0x0000000084c8fc10,0x00000000d5580000)
 Metaspace       used 75239K, committed 76736K, reserved 1179648K
  class space    used 7613K, committed 8384K, reserved 1048576K
}
Event: 2754.414 GC heap before
{Heap before GC invocations=215 (full 8):
 PSYoungGen      total 4608K, used 4592K [0x00000000d5580000, 0x00000000d5e80000, 0x0000000100000000)
  eden space 3072K, 100% used [0x00000000d5580000,0x00000000d5880000,0x00000000d5880000)
  from space 1536K, 98% used [0x00000000d5b00000,0x00000000d5c7c050,0x00000000d5c80000)
  to   space 2560K, 0% used [0x00000000d5880000,0x00000000d5880000,0x00000000d5b00000)
 ParOldGen       total 1398272K, used 78399K [0x0000000080000000, 0x00000000d5580000, 0x00000000d5580000)
  object space 1398272K, 5% used [0x0000000080000000,0x0000000084c8fc10,0x00000000d5580000)
 Metaspace       used 75240K, committed 76736K, reserved 1179648K
  class space    used 7613K, committed 8384K, reserved 1048576K
}
Event: 2754.425 GC heap after
{Heap after GC invocations=215 (full 8):
 PSYoungGen      total 5632K, used 2542K [0x00000000d5580000, 0x00000000d6000000, 0x0000000100000000)
  eden space 3072K, 0% used [0x00000000d5580000,0x00000000d5580000,0x00000000d5880000)
  from space 2560K, 99% used [0x00000000d5880000,0x00000000d5afbb90,0x00000000d5b00000)
  to   space 3584K, 0% used [0x00000000d5c80000,0x00000000d5c80000,0x00000000d6000000)
 ParOldGen       total 1398272K, used 78852K [0x0000000080000000, 0x00000000d5580000, 0x00000000d5580000)
  object space 1398272K, 5% used [0x0000000080000000,0x0000000084d01090,0x00000000d5580000)
 Metaspace       used 75240K, committed 76736K, reserved 1179648K
  class space    used 7613K, committed 8384K, reserved 1048576K
}
Event: 2754.769 GC heap before
{Heap before GC invocations=216 (full 8):
 PSYoungGen      total 5632K, used 5614K [0x00000000d5580000, 0x00000000d6000000, 0x0000000100000000)
  eden space 3072K, 100% used [0x00000000d5580000,0x00000000d5880000,0x00000000d5880000)
  from space 2560K, 99% used [0x00000000d5880000,0x00000000d5afbb90,0x00000000d5b00000)
  to   space 3584K, 0% used [0x00000000d5c80000,0x00000000d5c80000,0x00000000d6000000)
 ParOldGen       total 1398272K, used 78852K [0x0000000080000000, 0x00000000d5580000, 0x00000000d5580000)
  object space 1398272K, 5% used [0x0000000080000000,0x0000000084d01090,0x00000000d5580000)
 Metaspace       used 75240K, committed 76736K, reserved 1179648K
  class space    used 7613K, committed 8384K, reserved 1048576K
}
Event: 2754.803 GC heap after
{Heap after GC invocations=216 (full 8):
 PSYoungGen      total 5120K, used 1136K [0x00000000d5580000, 0x00000000d5e00000, 0x0000000100000000)
  eden space 3584K, 0% used [0x00000000d5580000,0x00000000d5580000,0x00000000d5900000)
  from space 1536K, 73% used [0x00000000d5c80000,0x00000000d5d9c050,0x00000000d5e00000)
  to   space 2048K, 0% used [0x00000000d5a00000,0x00000000d5a00000,0x00000000d5c00000)
 ParOldGen       total 1398272K, used 79092K [0x0000000080000000, 0x00000000d5580000, 0x00000000d5580000)
  object space 1398272K, 5% used [0x0000000080000000,0x0000000084d3d090,0x00000000d5580000)
 Metaspace       used 75240K, committed 76736K, reserved 1179648K
  class space    used 7613K, committed 8384K, reserved 1048576K
}
Event: 2755.492 GC heap before
{Heap before GC invocations=217 (full 8):
 PSYoungGen      total 5120K, used 4720K [0x00000000d5580000, 0x00000000d5e00000, 0x0000000100000000)
  eden space 3584K, 100% used [0x00000000d5580000,0x00000000d5900000,0x00000000d5900000)
  from space 1536K, 73% used [0x00000000d5c80000,0x00000000d5d9c050,0x00000000d5e00000)
  to   space 2048K, 0% used [0x00000000d5a00000,0x00000000d5a00000,0x00000000d5c00000)
 ParOldGen       total 1398272K, used 79092K [0x0000000080000000, 0x00000000d5580000, 0x00000000d5580000)
  object space 1398272K, 5% used [0x0000000080000000,0x0000000084d3d090,0x00000000d5580000)
 Metaspace       used 75255K, committed 76736K, reserved 1179648K
  class space    used 7613K, committed 8384K, reserved 1048576K
}
Event: 2755.501 GC heap after
{Heap after GC invocations=217 (full 8):
 PSYoungGen      total 6144K, used 1776K [0x00000000d5580000, 0x00000000d5d80000, 0x0000000100000000)
  eden space 4096K, 0% used [0x00000000d5580000,0x00000000d5580000,0x00000000d5980000)
  from space 2048K, 86% used [0x00000000d5a00000,0x00000000d5bbc070,0x00000000d5c00000)
  to   space 1536K, 0% used [0x00000000d5c00000,0x00000000d5c00000,0x00000000d5d80000)
 ParOldGen       total 1398272K, used 79092K [0x0000000080000000, 0x00000000d5580000, 0x00000000d5580000)
  object space 1398272K, 5% used [0x0000000080000000,0x0000000084d3d090,0x00000000d5580000)
 Metaspace       used 75255K, committed 76736K, reserved 1179648K
  class space    used 7613K, committed 8384K, reserved 1048576K
}
Event: 2757.204 GC heap before
{Heap before GC invocations=218 (full 8):
 PSYoungGen      total 6144K, used 5872K [0x00000000d5580000, 0x00000000d5d80000, 0x0000000100000000)
  eden space 4096K, 100% used [0x00000000d5580000,0x00000000d5980000,0x00000000d5980000)
  from space 2048K, 86% used [0x00000000d5a00000,0x00000000d5bbc070,0x00000000d5c00000)
  to   space 1536K, 0% used [0x00000000d5c00000,0x00000000d5c00000,0x00000000d5d80000)
 ParOldGen       total 1398272K, used 79092K [0x0000000080000000, 0x00000000d5580000, 0x00000000d5580000)
  object space 1398272K, 5% used [0x0000000080000000,0x0000000084d3d090,0x00000000d5580000)
 Metaspace       used 75256K, committed 76736K, reserved 1179648K
  class space    used 7613K, committed 8384K, reserved 1048576K
}
Event: 2757.212 GC heap after
{Heap after GC invocations=218 (full 8):
 PSYoungGen      total 6144K, used 1168K [0x00000000d5580000, 0x00000000d5d80000, 0x0000000100000000)
  eden space 4608K, 0% used [0x00000000d5580000,0x00000000d5580000,0x00000000d5a00000)
  from space 1536K, 76% used [0x00000000d5c00000,0x00000000d5d24070,0x00000000d5d80000)
  to   space 1536K, 0% used [0x00000000d5a80000,0x00000000d5a80000,0x00000000d5c00000)
 ParOldGen       total 1398272K, used 79092K [0x0000000080000000, 0x00000000d5580000, 0x00000000d5580000)
  object space 1398272K, 5% used [0x0000000080000000,0x0000000084d3d090,0x00000000d5580000)
 Metaspace       used 75256K, committed 76736K, reserved 1179648K
  class space    used 7613K, committed 8384K, reserved 1048576K
}
Event: 2757.666 GC heap before
{Heap before GC invocations=219 (full 8):
 PSYoungGen      total 6144K, used 5776K [0x00000000d5580000, 0x00000000d5d80000, 0x0000000100000000)
  eden space 4608K, 100% used [0x00000000d5580000,0x00000000d5a00000,0x00000000d5a00000)
  from space 1536K, 76% used [0x00000000d5c00000,0x00000000d5d24070,0x00000000d5d80000)
  to   space 1536K, 0% used [0x00000000d5a80000,0x00000000d5a80000,0x00000000d5c00000)
 ParOldGen       total 1398272K, used 79092K [0x0000000080000000, 0x00000000d5580000, 0x00000000d5580000)
  object space 1398272K, 5% used [0x0000000080000000,0x0000000084d3d090,0x00000000d5580000)
 Metaspace       used 75256K, committed 76736K, reserved 1179648K
  class space    used 7613K, committed 8384K, reserved 1048576K
}
Event: 2757.674 GC heap after
{Heap after GC invocations=219 (full 8):
 PSYoungGen      total 6656K, used 1504K [0x00000000d5580000, 0x00000000d5e80000, 0x0000000100000000)
  eden space 5120K, 0% used [0x00000000d5580000,0x00000000d5580000,0x00000000d5a80000)
  from space 1536K, 97% used [0x00000000d5a80000,0x00000000d5bf8060,0x00000000d5c00000)
  to   space 2048K, 0% used [0x00000000d5c80000,0x00000000d5c80000,0x00000000d5e80000)
 ParOldGen       total 1398272K, used 79465K [0x0000000080000000, 0x00000000d5580000, 0x00000000d5580000)
  object space 1398272K, 5% used [0x0000000080000000,0x0000000084d9a510,0x00000000d5580000)
 Metaspace       used 75256K, committed 76736K, reserved 1179648K
  class space    used 7613K, committed 8384K, reserved 1048576K
}

