# JRE version: OpenJDK Runtime Environment Temurin-21.0.12.1+1 (21.0.12.1+1) (build 21.0.12.1+1-LTS)
# Java VM: OpenJDK 64-Bit Server VM Temurin-21.0.12.1+1 (21.0.12.1+1-LTS, mixed mode, sharing, tiered, compressed oops, compressed class ptrs, parallel gc, windows-amd64)
GC Precious Log:
 CardTable entry size: 512
 CPUs: 4 total, 4 available
 Memory: 3522M
 Large Page Support: Disabled
 NUMA Support: Disabled
 Compressed Oops: Enabled (32-bit)
 Alignments: Space 512K, Generation 512K, Heap 2M
 Heap Min Capacity: 100M
 Heap Initial Capacity: 100M
 Heap Max Capacity: 2G
 Pre-touch: Disabled
 Parallel Workers: 4
Heap:
 PSYoungGen      total 15872K, used 12295K [0x00000000d5580000, 0x00000000d6800000, 0x0000000100000000)
  eden space 14848K, 78% used [0x00000000d5580000,0x00000000d60e9f98,0x00000000d6400000)
  from space 1024K, 59% used [0x00000000d6700000,0x00000000d6798020,0x00000000d6800000)
  to   space 1024K, 0% used [0x00000000d6600000,0x00000000d6600000,0x00000000d6700000)
 ParOldGen       total 1398272K, used 63943K [0x0000000080000000, 0x00000000d5580000, 0x00000000d5580000)
  object space 1398272K, 4% used [0x0000000080000000,0x0000000083e71fb8,0x00000000d5580000)
 Metaspace       used 73959K, committed 75200K, reserved 1179648K
  class space    used 7686K, committed 8256K, reserved 1048576K
GC Heap History (20 events):
Event: 783.406 GC heap before
{Heap before GC invocations=66 (full 7):
 PSYoungGen      total 12800K, used 12793K [0x00000000d5580000, 0x00000000d7580000, 0x0000000100000000)
  eden space 11264K, 100% used [0x00000000d5580000,0x00000000d6080000,0x00000000d6080000)
  from space 1536K, 99% used [0x00000000d6800000,0x00000000d697e590,0x00000000d6980000)
  to   space 7680K, 0% used [0x00000000d6080000,0x00000000d6080000,0x00000000d6800000)
 ParOldGen       total 1398272K, used 59270K [0x0000000080000000, 0x00000000d5580000, 0x00000000d5580000)
  object space 1398272K, 4% used [0x0000000080000000,0x00000000839e1b70,0x00000000d5580000)
 Metaspace       used 73346K, committed 74688K, reserved 1179648K
  class space    used 7665K, committed 8256K, reserved 1048576K
}
Event: 783.412 GC heap after
{Heap after GC invocations=66 (full 7):
 PSYoungGen      total 14336K, used 2980K [0x00000000d5580000, 0x00000000d6a00000, 0x0000000100000000)
  eden space 11264K, 0% used [0x00000000d5580000,0x00000000d5580000,0x00000000d6080000)
  from space 3072K, 97% used [0x00000000d6080000,0x00000000d6369178,0x00000000d6380000)
  to   space 4608K, 0% used [0x00000000d6580000,0x00000000d6580000,0x00000000d6a00000)
 ParOldGen       total 1398272K, used 59310K [0x0000000080000000, 0x00000000d5580000, 0x00000000d5580000)
  object space 1398272K, 4% used [0x0000000080000000,0x00000000839ebb70,0x00000000d5580000)
 Metaspace       used 73346K, committed 74688K, reserved 1179648K
  class space    used 7665K, committed 8256K, reserved 1048576K
}
Event: 784.053 GC heap before
{Heap before GC invocations=67 (full 7):
 PSYoungGen      total 14336K, used 14244K [0x00000000d5580000, 0x00000000d6a00000, 0x0000000100000000)
  eden space 11264K, 100% used [0x00000000d5580000,0x00000000d6080000,0x00000000d6080000)
  from space 3072K, 97% used [0x00000000d6080000,0x00000000d6369178,0x00000000d6380000)
  to   space 4608K, 0% used [0x00000000d6580000,0x00000000d6580000,0x00000000d6a00000)
 ParOldGen       total 1398272K, used 59310K [0x0000000080000000, 0x00000000d5580000, 0x00000000d5580000)
  object space 1398272K, 4% used [0x0000000080000000,0x00000000839ebb70,0x00000000d5580000)
 Metaspace       used 73353K, committed 74688K, reserved 1179648K
  class space    used 7666K, committed 8256K, reserved 1048576K
}
Event: 784.057 GC heap after
{Heap after GC invocations=67 (full 7):
 PSYoungGen      total 13312K, used 1159K [0x00000000d5580000, 0x00000000d6700000, 0x0000000100000000)
  eden space 11776K, 0% used [0x00000000d5580000,0x00000000d5580000,0x00000000d6100000)
  from space 1536K, 75% used [0x00000000d6580000,0x00000000d66a1d38,0x00000000d6700000)
  to   space 2048K, 0% used [0x00000000d6300000,0x00000000d6300000,0x00000000d6500000)
 ParOldGen       total 1398272K, used 59318K [0x0000000080000000, 0x00000000d5580000, 0x00000000d5580000)
  object space 1398272K, 4% used [0x0000000080000000,0x00000000839edb70,0x00000000d5580000)
 Metaspace       used 73353K, committed 74688K, reserved 1179648K
  class space    used 7666K, committed 8256K, reserved 1048576K
}
Event: 789.809 GC heap before
{Heap before GC invocations=68 (full 7):
 PSYoungGen      total 13312K, used 12934K [0x00000000d5580000, 0x00000000d6700000, 0x0000000100000000)
  eden space 11776K, 99% used [0x00000000d5580000,0x00000000d60ffd88,0x00000000d6100000)
  from space 1536K, 75% used [0x00000000d6580000,0x00000000d66a1d38,0x00000000d6700000)
  to   space 2048K, 0% used [0x00000000d6300000,0x00000000d6300000,0x00000000d6500000)
 ParOldGen       total 1398272K, used 59318K [0x0000000080000000, 0x00000000d5580000, 0x00000000d5580000)
  object space 1398272K, 4% used [0x0000000080000000,0x00000000839edb70,0x00000000d5580000)
 Metaspace       used 73551K, committed 74880K, reserved 1179648K
  class space    used 7674K, committed 8256K, reserved 1048576K
}
Event: 789.818 GC heap after
{Heap after GC invocations=68 (full 7):
 PSYoungGen      total 13824K, used 1417K [0x00000000d5580000, 0x00000000d6600000, 0x0000000100000000)
  eden space 12288K, 0% used [0x00000000d5580000,0x00000000d5580000,0x00000000d6180000)
  from space 1536K, 92% used [0x00000000d6300000,0x00000000d6462688,0x00000000d6480000)
  to   space 1536K, 0% used [0x00000000d6480000,0x00000000d6480000,0x00000000d6600000)
 ParOldGen       total 1398272K, used 59326K [0x0000000080000000, 0x00000000d5580000, 0x00000000d5580000)
  object space 1398272K, 4% used [0x0000000080000000,0x00000000839efb70,0x00000000d5580000)
 Metaspace       used 73551K, committed 74880K, reserved 1179648K
  class space    used 7674K, committed 8256K, reserved 1048576K
}
Event: 798.166 GC heap before
{Heap before GC invocations=69 (full 7):
 PSYoungGen      total 13824K, used 13705K [0x00000000d5580000, 0x00000000d6600000, 0x0000000100000000)
  eden space 12288K, 100% used [0x00000000d5580000,0x00000000d6180000,0x00000000d6180000)
  from space 1536K, 92% used [0x00000000d6300000,0x00000000d6462688,0x00000000d6480000)
  to   space 1536K, 0% used [0x00000000d6480000,0x00000000d6480000,0x00000000d6600000)
 ParOldGen       total 1398272K, used 59326K [0x0000000080000000, 0x00000000d5580000, 0x00000000d5580000)
  object space 1398272K, 4% used [0x0000000080000000,0x00000000839efb70,0x00000000d5580000)
 Metaspace       used 73602K, committed 74880K, reserved 1179648K
  class space    used 7674K, committed 8256K, reserved 1048576K
}
Event: 798.181 GC heap after
{Heap after GC invocations=69 (full 7):
 PSYoungGen      total 14336K, used 1513K [0x00000000d5580000, 0x00000000d6600000, 0x0000000100000000)
  eden space 12800K, 0% used [0x00000000d5580000,0x00000000d5580000,0x00000000d6200000)
  from space 1536K, 98% used [0x00000000d6480000,0x00000000d65fa688,0x00000000d6600000)
  to   space 2048K, 0% used [0x00000000d6200000,0x00000000d6200000,0x00000000d6400000)
 ParOldGen       total 1398272K, used 59390K [0x0000000080000000, 0x00000000d5580000, 0x00000000d5580000)
  object space 1398272K, 4% used [0x0000000080000000,0x00000000839ffb70,0x00000000d5580000)
 Metaspace       used 73602K, committed 74880K, reserved 1179648K
  class space    used 7674K, committed 8256K, reserved 1048576K
}
Event: 801.345 GC heap before
{Heap before GC invocations=70 (full 7):
 PSYoungGen      total 14336K, used 14313K [0x00000000d5580000, 0x00000000d6600000, 0x0000000100000000)
  eden space 12800K, 100% used [0x00000000d5580000,0x00000000d6200000,0x00000000d6200000)
  from space 1536K, 98% used [0x00000000d6480000,0x00000000d65fa688,0x00000000d6600000)
  to   space 2048K, 0% used [0x00000000d6200000,0x00000000d6200000,0x00000000d6400000)
 ParOldGen       total 1398272K, used 59390K [0x0000000080000000, 0x00000000d5580000, 0x00000000d5580000)
  object space 1398272K, 4% used [0x0000000080000000,0x00000000839ffb70,0x00000000d5580000)
 Metaspace       used 73671K, committed 74880K, reserved 1179648K
  class space    used 7675K, committed 8256K, reserved 1048576K
}
Event: 801.350 GC heap after
{Heap after GC invocations=70 (full 7):
 PSYoungGen      total 14848K, used 953K [0x00000000d5580000, 0x00000000d6580000, 0x0000000100000000)
  eden space 12800K, 0% used [0x00000000d5580000,0x00000000d5580000,0x00000000d6200000)
  from space 2048K, 46% used [0x00000000d6200000,0x00000000d62ee678,0x00000000d6400000)
  to   space 1536K, 0% used [0x00000000d6400000,0x00000000d6400000,0x00000000d6580000)
 ParOldGen       total 1398272K, used 59825K [0x0000000080000000, 0x00000000d5580000, 0x00000000d5580000)
  object space 1398272K, 4% used [0x0000000080000000,0x0000000083a6c490,0x00000000d5580000)
 Metaspace       used 73671K, committed 74880K, reserved 1179648K
  class space    used 7675K, committed 8256K, reserved 1048576K
}
Event: 803.423 GC heap before
{Heap before GC invocations=71 (full 7):
 PSYoungGen      total 14848K, used 13753K [0x00000000d5580000, 0x00000000d6580000, 0x0000000100000000)
  eden space 12800K, 100% used [0x00000000d5580000,0x00000000d6200000,0x00000000d6200000)
  from space 2048K, 46% used [0x00000000d6200000,0x00000000d62ee678,0x00000000d6400000)
  to   space 1536K, 0% used [0x00000000d6400000,0x00000000d6400000,0x00000000d6580000)
 ParOldGen       total 1398272K, used 59825K [0x0000000080000000, 0x00000000d5580000, 0x00000000d5580000)
  object space 1398272K, 4% used [0x0000000080000000,0x0000000083a6c490,0x00000000d5580000)
 Metaspace       used 73747K, committed 75072K, reserved 1179648K
  class space    used 7676K, committed 8256K, reserved 1048576K
}
Event: 803.429 GC heap after
{Heap after GC invocations=71 (full 7):
 PSYoungGen      total 14848K, used 1319K [0x00000000d5580000, 0x00000000d6580000, 0x0000000100000000)
  eden space 13312K, 0% used [0x00000000d5580000,0x00000000d5580000,0x00000000d6280000)
  from space 1536K, 85% used [0x00000000d6400000,0x00000000d6549d38,0x00000000d6580000)
  to   space 1536K, 0% used [0x00000000d6280000,0x00000000d6280000,0x00000000d6400000)
 ParOldGen       total 1398272K, used 59825K [0x0000000080000000, 0x00000000d5580000, 0x00000000d5580000)
  object space 1398272K, 4% used [0x0000000080000000,0x0000000083a6c490,0x00000000d5580000)
 Metaspace       used 73747K, committed 75072K, reserved 1179648K
  class space    used 7676K, committed 8256K, reserved 1048576K
}
Event: 805.131 GC heap before
{Heap before GC invocations=72 (full 7):
 PSYoungGen      total 14848K, used 14631K [0x00000000d5580000, 0x00000000d6580000, 0x0000000100000000)
  eden space 13312K, 100% used [0x00000000d5580000,0x00000000d6280000,0x00000000d6280000)
  from space 1536K, 85% used [0x00000000d6400000,0x00000000d6549d38,0x00000000d6580000)
  to   space 1536K, 0% used [0x00000000d6280000,0x00000000d6280000,0x00000000d6400000)
 ParOldGen       total 1398272K, used 59825K [0x0000000080000000, 0x00000000d5580000, 0x00000000d5580000)
  object space 1398272K, 4% used [0x0000000080000000,0x0000000083a6c490,0x00000000d5580000)
 Metaspace       used 73829K, committed 75072K, reserved 1179648K
  class space    used 7682K, committed 8256K, reserved 1048576K
}
Event: 805.138 GC heap after
{Heap after GC invocations=72 (full 7):
 PSYoungGen      total 14848K, used 1519K [0x00000000d5580000, 0x00000000d6f00000, 0x0000000100000000)
  eden space 13312K, 0% used [0x00000000d5580000,0x00000000d5580000,0x00000000d6280000)
  from space 1536K, 98% used [0x00000000d6280000,0x00000000d63fbd20,0x00000000d6400000)
  to   space 6144K, 0% used [0x00000000d6900000,0x00000000d6900000,0x00000000d6f00000)
 ParOldGen       total 1398272K, used 63480K [0x0000000080000000, 0x00000000d5580000, 0x00000000d5580000)
  object space 1398272K, 4% used [0x0000000080000000,0x0000000083dfe228,0x00000000d5580000)
 Metaspace       used 73829K, committed 75072K, reserved 1179648K
  class space    used 7682K, committed 8256K, reserved 1048576K
}
Event: 806.822 GC heap before
{Heap before GC invocations=73 (full 7):
 PSYoungGen      total 14848K, used 14831K [0x00000000d5580000, 0x00000000d6f00000, 0x0000000100000000)
  eden space 13312K, 100% used [0x00000000d5580000,0x00000000d6280000,0x00000000d6280000)
  from space 1536K, 98% used [0x00000000d6280000,0x00000000d63fbd20,0x00000000d6400000)
  to   space 6144K, 0% used [0x00000000d6900000,0x00000000d6900000,0x00000000d6f00000)
 ParOldGen       total 1398272K, used 63480K [0x0000000080000000, 0x00000000d5580000, 0x00000000d5580000)
  object space 1398272K, 4% used [0x0000000080000000,0x0000000083dfe228,0x00000000d5580000)
 Metaspace       used 73843K, committed 75072K, reserved 1179648K
  class space    used 7682K, committed 8256K, reserved 1048576K
}
Event: 806.832 GC heap after
{Heap after GC invocations=73 (full 7):
 PSYoungGen      total 17408K, used 3278K [0x00000000d5580000, 0x00000000d6c80000, 0x0000000100000000)
  eden space 13824K, 0% used [0x00000000d5580000,0x00000000d5580000,0x00000000d6300000)
  from space 3584K, 91% used [0x00000000d6900000,0x00000000d6c33b50,0x00000000d6c80000)
  to   space 4096K, 0% used [0x00000000d6480000,0x00000000d6480000,0x00000000d6880000)
 ParOldGen       total 1398272K, used 63943K [0x0000000080000000, 0x00000000d5580000, 0x00000000d5580000)
  object space 1398272K, 4% used [0x0000000080000000,0x0000000083e71fb8,0x00000000d5580000)
 Metaspace       used 73843K, committed 75072K, reserved 1179648K
  class space    used 7682K, committed 8256K, reserved 1048576K
}
Event: 810.206 GC heap before
{Heap before GC invocations=74 (full 7):
 PSYoungGen      total 17408K, used 17102K [0x00000000d5580000, 0x00000000d6c80000, 0x0000000100000000)
  eden space 13824K, 100% used [0x00000000d5580000,0x00000000d6300000,0x00000000d6300000)
  from space 3584K, 91% used [0x00000000d6900000,0x00000000d6c33b50,0x00000000d6c80000)
  to   space 4096K, 0% used [0x00000000d6480000,0x00000000d6480000,0x00000000d6880000)
 ParOldGen       total 1398272K, used 63943K [0x0000000080000000, 0x00000000d5580000, 0x00000000d5580000)
  object space 1398272K, 4% used [0x0000000080000000,0x0000000083e71fb8,0x00000000d5580000)
 Metaspace       used 73884K, committed 75136K, reserved 1179648K
  class space    used 7683K, committed 8256K, reserved 1048576K
}
Event: 810.210 GC heap after
{Heap after GC invocations=74 (full 7):
 PSYoungGen      total 15872K, used 1262K [0x00000000d5580000, 0x00000000d6980000, 0x0000000100000000)
  eden space 14336K, 0% used [0x00000000d5580000,0x00000000d5580000,0x00000000d6380000)
  from space 1536K, 82% used [0x00000000d6480000,0x00000000d65bbb50,0x00000000d6600000)
  to   space 2560K, 0% used [0x00000000d6700000,0x00000000d6700000,0x00000000d6980000)
 ParOldGen       total 1398272K, used 63943K [0x0000000080000000, 0x00000000d5580000, 0x00000000d5580000)
  object space 1398272K, 4% used [0x0000000080000000,0x0000000083e71fb8,0x00000000d5580000)
 Metaspace       used 73884K, committed 75136K, reserved 1179648K
  class space    used 7683K, committed 8256K, reserved 1048576K
}
Event: 812.945 GC heap before
{Heap before GC invocations=75 (full 7):
 PSYoungGen      total 15872K, used 15439K [0x00000000d5580000, 0x00000000d6980000, 0x0000000100000000)
  eden space 14336K, 98% used [0x00000000d5580000,0x00000000d63580f0,0x00000000d6380000)
  from space 1536K, 82% used [0x00000000d6480000,0x00000000d65bbb50,0x00000000d6600000)
  to   space 2560K, 0% used [0x00000000d6700000,0x00000000d6700000,0x00000000d6980000)
 ParOldGen       total 1398272K, used 63943K [0x0000000080000000, 0x00000000d5580000, 0x00000000d5580000)
  object space 1398272K, 4% used [0x0000000080000000,0x0000000083e71fb8,0x00000000d5580000)
 Metaspace       used 73940K, committed 75200K, reserved 1179648K
  class space    used 7686K, committed 8256K, reserved 1048576K
}
Event: 812.947 GC heap after
{Heap after GC invocations=75 (full 7):
 PSYoungGen      total 15872K, used 608K [0x00000000d5580000, 0x00000000d6800000, 0x0000000100000000)
  eden space 14848K, 0% used [0x00000000d5580000,0x00000000d5580000,0x00000000d6400000)
  from space 1024K, 59% used [0x00000000d6700000,0x00000000d6798020,0x00000000d6800000)
  to   space 1024K, 0% used [0x00000000d6600000,0x00000000d6600000,0x00000000d6700000)
 ParOldGen       total 1398272K, used 63943K [0x0000000080000000, 0x00000000d5580000, 0x00000000d5580000)
  object space 1398272K, 4% used [0x0000000080000000,0x0000000083e71fb8,0x00000000d5580000)
 Metaspace       used 73940K, committed 75200K, reserved 1179648K
  class space    used 7686K, committed 8256K, reserved 1048576K
}

